================================================================================
æ¸¬è©¦æ¡ˆä¾‹: æ–°å¢žWebcamæ”å½±æ©Ÿ
åŸ·è¡Œæ™‚é–“: 2026-01-22 11:14:04
åŸ·è¡Œå‘½ä»¤: C:\Python314\python.exe -m pytest D:\nxwitness-demo\tests\test_runner.py --test_name æ–°å¢žWebcamæ”å½±æ©Ÿ -v -s --tb=short
å·¥ä½œç›®éŒ„: D:\nxwitness-demo
================================================================================

============================= test session starts =============================
platform win32 -- Python 3.14.2, pytest-9.0.2, pluggy-1.6.0 -- C:\Python314\python.exe
cachedir: .pytest_cache
rootdir: D:\nxwitness-demo
plugins: anyio-4.12.1
collecting ... collected 1 item

tests/test_runner.py::test_main_flow[\u65b0\u589eWebcam\u651d\u5f71\u6a5f-steps0] >>> [DEBUG] ÀË¬dµn¿ýª¬ºA¡]¥Ø¼Ð¦øªA¾¹: LAPTOP-QRJN5735¡^
>>> [OK] ÅçÃÒ¦¨¥\¡G§ä¨ì¹w´Á¤¸¯À desktop_main/server_icon.png
>>> [OK] ¤w¦b¥Dµe­±¡AµL»Ý­«·sµn¿ý¡]¤w³q¹L¥Dµe­±¤¸¯ÀÅçÃÒ¡^
>>> [CASE] °õ¦æ Case 1-2: ±Ò¥Î USB Äá¼v¾÷¦Û°Ê°»´ú
>>> [CLICK] ¦b Server ¹Ï¥Ü¤WÂIÀ»¥kÁä...
>>> [DEBUG] ¹Á¸Õ OK Script ¹Ï¹³¿ëÃÑ: D:\nxwitness-demo\res\desktop_main\server_icon.png
>>> [DEBUG] OK Script ¿ëÃÑµ²ªG: True, ¤èªk: ok_script
>>> [DEBUG] OK Script ¿ëÃÑ¦¨¥\¡A¶}©lÅçÃÒ®y¼Ð...
>>> [DEBUG] ®y¼ÐÅçÃÒ³q¹L: ¥ª¤W¨¤=(18, 185), ¤¤¤ßÂI=(63, 202)¡A°õ¦æÂIÀ»...
>>> [CLICK_COORD] ¹ê»ÚÂIÀ»®y¼Ð: (63, 202), °Ê§@=¥kÁä
>>> [CLICK_COORD] ¹ê»ÚÂIÀ»®y¼Ð: (63, 202), °Ê§@=¥kÁä
[CLICK_COORD] ¹ê»ÚÂIÀ»®y¼Ð: (63, 202), °Ê§@=¥kÁä
>>> [DEBUG] ÂIÀ»°õ¦æ§¹¦¨
>>> [OK] OK_SCRIPT ¿ëÃÑ¦¨¥\¨ÃÂIÀ»: server_icon.png («H¤ß: 1.00, ¯Ó®É: 208.0ms)
>>> [STAT] [®y¼Ð®w] ¤ñ¨Ò®y¼Ð: x_ratio=0.0328, y_ratio=0.1683 | µøµ¡¤Ø¤o: 1920x1200 | µ´¹ï®y¼Ð: (63, 202)
>>> [OK] ¿ï³æÅçÃÒ¦¨¥\¡]¹Ï¤ù¤Ç°t¡^
>>> [CLICK] ÂIÀ»¡u¦øªA¾¹³]©w¡v¿ï³æ¶µ¥Ø...
>>> [DEBUG] ¹Á¸Õ OK Script ¹Ï¹³¿ëÃÑ: D:\nxwitness-demo\res\desktop_main\server_settings_menu.png
>>> [DEBUG] OK Script ¿ëÃÑµ²ªG: True, ¤èªk: ok_script
>>> [DEBUG] OK Script ¿ëÃÑ¦¨¥\¡A¶}©lÅçÃÒ®y¼Ð...
>>> [DEBUG] ®y¼ÐÅçÃÒ³q¹L: ¥ª¤W¨¤=(87, 579), ¤¤¤ßÂI=(149, 593)¡A°õ¦æÂIÀ»...
>>> [CLICK_COORD] ¹ê»ÚÂIÀ»®y¼Ð: (149, 593), °Ê§@=³æÀ»
>>> [CLICK_COORD] ¹ê»ÚÂIÀ»®y¼Ð: (149, 593), °Ê§@=³æÀ»
[CLICK_COORD] ¹ê»ÚÂIÀ»®y¼Ð: (149, 593), °Ê§@=³æÀ»
>>> [DEBUG] ÂIÀ»°õ¦æ§¹¦¨
>>> [OK] OK_SCRIPT ¿ëÃÑ¦¨¥\¨ÃÂIÀ»: server_settings_menu.png («H¤ß: 1.00, ¯Ó®É: 258.5ms)
>>> [STAT] [®y¼Ð®w] ¤ñ¨Ò®y¼Ð: x_ratio=0.0776, y_ratio=0.4942 | µøµ¡¤Ø¤o: 1920x1200 | µ´¹ï®y¼Ð: (149, 593)
>>> [DEBUG] smart_click_priority_image ªð¦^: True
>>> [OK] µøµ¡¤w¥X²{¨Ã§¹¥þªì©l¤Æ: ¦øªA¾¹³]©w (1311x911)
>>> [OK] ¦øªA¾¹³]©wµøµ¡¤w¶}±Ò
>>> [OK] §ä¨ì¥Ø¼Ðµøµ¡: ¦øªA¾¹³]©w - Server LAPTOP-QRJN5735 - Nx Witness Client (1311x911)
>>> [OK] ÅçÃÒ¦¨¥\¡G§ä¨ì¹w´Áµøµ¡ ['¦øªA¾¹³]©w', 'Server Settings']
>>> [CLICK] ÀË¬d¡u¦Û°Ê°»´ú¤º«Ø USB Äá¼v¾÷¡v¿ï¶µ...
>>> [IMG] Checkbox ¹Ï¤ù¿ëÃÑ¦¨¥\: ¹Ï¤ù°Ï°ì=Box(left=np.int64(396), top=np.int64(382), width=80, height=30), ÂIÀ»®y¼Ð=(408, 397)
--- Logging error ---
Traceback (most recent call last):
  File "C:\Python314\Lib\logging\__init__.py", line 1154, in emit
    stream.write(msg + self.terminator)
    ~~~~~~~~~~~~^^^^^^^^^^^^^^^^^^^^^^^
UnicodeEncodeError: 'cp950' codec can't encode character '\u2610' in position 33: illegal multibyte sequence
Call stack:
  File "<frozen runpy>", line 198, in _run_module_as_main
  File "<frozen runpy>", line 88, in _run_code
  File "C:\Users\usert\AppData\Roaming\Python\Python314\site-packages\pytest\__main__.py", line 9, in <module>
    raise SystemExit(pytest.console_main())
  File "C:\Users\usert\AppData\Roaming\Python\Python314\site-packages\_pytest\config\__init__.py", line 223, in console_main
    code = main()
  File "C:\Users\usert\AppData\Roaming\Python\Python314\site-packages\_pytest\config\__init__.py", line 199, in main
    ret: ExitCode | int = config.hook.pytest_cmdline_main(config=config)
  File "C:\Users\usert\AppData\Roaming\Python\Python314\site-packages\pluggy\_hooks.py", line 512, in __call__
    return self._hookexec(self.name, self._hookimpls.copy(), kwargs, firstresult)
  File "C:\Users\usert\AppData\Roaming\Python\Python314\site-packages\pluggy\_manager.py", line 120, in _hookexec
    return self._inner_hookexec(hook_name, methods, kwargs, firstresult)
  File "C:\Users\usert\AppData\Roaming\Python\Python314\site-packages\pluggy\_callers.py", line 121, in _multicall
    res = hook_impl.function(*args)
  File "C:\Users\usert\AppData\Roaming\Python\Python314\site-packages\_pytest\main.py", line 365, in pytest_cmdline_main
    return wrap_session(config, _main)
  File "C:\Users\usert\AppData\Roaming\Python\Python314\site-packages\_pytest\main.py", line 318, in wrap_session
    session.exitstatus = doit(config, session) or 0
  File "C:\Users\usert\AppData\Roaming\Python\Python314\site-packages\_pytest\main.py", line 372, in _main
    config.hook.pytest_runtestloop(session=session)
  File "C:\Users\usert\AppData\Roaming\Python\Python314\site-packages\pluggy\_hooks.py", line 512, in __call__
    return self._hookexec(self.name, self._hookimpls.copy(), kwargs, firstresult)
  File "C:\Users\usert\AppData\Roaming\Python\Python314\site-packages\pluggy\_manager.py", line 120, in _hookexec
    return self._inner_hookexec(hook_name, methods, kwargs, firstresult)
  File "C:\Users\usert\AppData\Roaming\Python\Python314\site-packages\pluggy\_callers.py", line 121, in _multicall
    res = hook_impl.function(*args)
  File "C:\Users\usert\AppData\Roaming\Python\Python314\site-packages\_pytest\main.py", line 396, in pytest_runtestloop
    item.config.hook.pytest_runtest_protocol(item=item, nextitem=nextitem)
  File "C:\Users\usert\AppData\Roaming\Python\Python314\site-packages\pluggy\_hooks.py", line 512, in __call__
    return self._hookexec(self.name, self._hookimpls.copy(), kwargs, firstresult)
  File "C:\Users\usert\AppData\Roaming\Python\Python314\site-packages\pluggy\_manager.py", line 120, in _hookexec
    return self._inner_hookexec(hook_name, methods, kwargs, firstresult)
  File "C:\Users\usert\AppData\Roaming\Python\Python314\site-packages\pluggy\_callers.py", line 121, in _multicall
    res = hook_impl.function(*args)
  File "C:\Users\usert\AppData\Roaming\Python\Python314\site-packages\_pytest\runner.py", line 118, in pytest_runtest_protocol
    runtestprotocol(item, nextitem=nextitem)
  File "C:\Users\usert\AppData\Roaming\Python\Python314\site-packages\_pytest\runner.py", line 137, in runtestprotocol
    reports.append(call_and_report(item, "call", log))
  File "C:\Users\usert\AppData\Roaming\Python\Python314\site-packages\_pytest\runner.py", line 244, in call_and_report
    call = CallInfo.from_call(
  File "C:\Users\usert\AppData\Roaming\Python\Python314\site-packages\_pytest\runner.py", line 353, in from_call
    result: TResult | None = func()
  File "C:\Users\usert\AppData\Roaming\Python\Python314\site-packages\_pytest\runner.py", line 245, in <lambda>
    lambda: runtest_hook(item=item, **kwds),
  File "C:\Users\usert\AppData\Roaming\Python\Python314\site-packages\pluggy\_hooks.py", line 512, in __call__
    return self._hookexec(self.name, self._hookimpls.copy(), kwargs, firstresult)
  File "C:\Users\usert\AppData\Roaming\Python\Python314\site-packages\pluggy\_manager.py", line 120, in _hookexec
    return self._inner_hookexec(hook_name, methods, kwargs, firstresult)
  File "C:\Users\usert\AppData\Roaming\Python\Python314\site-packages\pluggy\_callers.py", line 121, in _multicall
    res = hook_impl.function(*args)
  File "C:\Users\usert\AppData\Roaming\Python\Python314\site-packages\_pytest\runner.py", line 179, in pytest_runtest_call
    item.runtest()
  File "C:\Users\usert\AppData\Roaming\Python\Python314\site-packages\_pytest\python.py", line 1720, in runtest
    self.ihook.pytest_pyfunc_call(pyfuncitem=self)
  File "C:\Users\usert\AppData\Roaming\Python\Python314\site-packages\pluggy\_hooks.py", line 512, in __call__
    return self._hookexec(self.name, self._hookimpls.copy(), kwargs, firstresult)
  File "C:\Users\usert\AppData\Roaming\Python\Python314\site-packages\pluggy\_manager.py", line 120, in _hookexec
    return self._inner_hookexec(hook_name, methods, kwargs, firstresult)
  File "C:\Users\usert\AppData\Roaming\Python\Python314\site-packages\pluggy\_callers.py", line 121, in _multicall
    res = hook_impl.function(*args)
  File "C:\Users\usert\AppData\Roaming\Python\Python314\site-packages\_pytest\python.py", line 166, in pytest_pyfunc_call
    result = testfunction(**testargs)
  File "D:\nxwitness-demo\tests\test_runner.py", line 137, in test_main_flow
    translator.execute(flow_name, injected_params=step['params'])
  File "D:\nxwitness-demo\engine\step_translator.py", line 61, in execute
    return method(**(injected_params or {}))
  File "D:\nxwitness-demo\actions\nx_poc_actions.py", line 504, in run_enable_usb_webcam_step
    success, was_already_checked = self.server_settings_page.enable_usb_detection()
  File "D:\nxwitness-demo\pages\desktop\server_settings_page.py", line 116, in enable_usb_detection
    is_checked = self._is_checkbox_checked(
  File "D:\nxwitness-demo\base\desktop_app.py", line 1220, in _is_checkbox_checked
    self.logger.info(f"\U0001f4f8 ¹Ï¤ù¿ëÃÑ¡G§ä¨ì¥¼¤Ä¿ïª¬ºA ¡÷ §P©w: ¥¼¤Ä¿ï \u2610")
Message: '[IMG] ¹Ï¤ù¿ëÃÑ¡G§ä¨ì¥¼¤Ä¿ïª¬ºA ¡÷ §P©w: ¥¼¤Ä¿ï \u2610'
Arguments: ()
>>> [OK] ´¼¯à Checkbox ¾Þ§@¡]¥Ø¼Ðª¬ºA: ¤w¤Ä¿ï¡^
>>> [IMG] Checkbox ¹Ï¤ù¿ëÃÑ¦¨¥\: ¹Ï¤ù°Ï°ì=Box(left=np.int64(396), top=np.int64(382), width=80, height=30), ÂIÀ»®y¼Ð=(408, 397)
--- Logging error ---
Traceback (most recent call last):
  File "C:\Python314\Lib\logging\__init__.py", line 1154, in emit
    stream.write(msg + self.terminator)
    ~~~~~~~~~~~~^^^^^^^^^^^^^^^^^^^^^^^
UnicodeEncodeError: 'cp950' codec can't encode character '\u2610' in position 33: illegal multibyte sequence
Call stack:
  File "<frozen runpy>", line 198, in _run_module_as_main
  File "<frozen runpy>", line 88, in _run_code
  File "C:\Users\usert\AppData\Roaming\Python\Python314\site-packages\pytest\__main__.py", line 9, in <module>
    raise SystemExit(pytest.console_main())
  File "C:\Users\usert\AppData\Roaming\Python\Python314\site-packages\_pytest\config\__init__.py", line 223, in console_main
    code = main()
  File "C:\Users\usert\AppData\Roaming\Python\Python314\site-packages\_pytest\config\__init__.py", line 199, in main
    ret: ExitCode | int = config.hook.pytest_cmdline_main(config=config)
  File "C:\Users\usert\AppData\Roaming\Python\Python314\site-packages\pluggy\_hooks.py", line 512, in __call__
    return self._hookexec(self.name, self._hookimpls.copy(), kwargs, firstresult)
  File "C:\Users\usert\AppData\Roaming\Python\Python314\site-packages\pluggy\_manager.py", line 120, in _hookexec
    return self._inner_hookexec(hook_name, methods, kwargs, firstresult)
  File "C:\Users\usert\AppData\Roaming\Python\Python314\site-packages\pluggy\_callers.py", line 121, in _multicall
    res = hook_impl.function(*args)
  File "C:\Users\usert\AppData\Roaming\Python\Python314\site-packages\_pytest\main.py", line 365, in pytest_cmdline_main
    return wrap_session(config, _main)
  File "C:\Users\usert\AppData\Roaming\Python\Python314\site-packages\_pytest\main.py", line 318, in wrap_session
    session.exitstatus = doit(config, session) or 0
  File "C:\Users\usert\AppData\Roaming\Python\Python314\site-packages\_pytest\main.py", line 372, in _main
    config.hook.pytest_runtestloop(session=session)
  File "C:\Users\usert\AppData\Roaming\Python\Python314\site-packages\pluggy\_hooks.py", line 512, in __call__
    return self._hookexec(self.name, self._hookimpls.copy(), kwargs, firstresult)
  File "C:\Users\usert\AppData\Roaming\Python\Python314\site-packages\pluggy\_manager.py", line 120, in _hookexec
    return self._inner_hookexec(hook_name, methods, kwargs, firstresult)
  File "C:\Users\usert\AppData\Roaming\Python\Python314\site-packages\pluggy\_callers.py", line 121, in _multicall
    res = hook_impl.function(*args)
  File "C:\Users\usert\AppData\Roaming\Python\Python314\site-packages\_pytest\main.py", line 396, in pytest_runtestloop
    item.config.hook.pytest_runtest_protocol(item=item, nextitem=nextitem)
  File "C:\Users\usert\AppData\Roaming\Python\Python314\site-packages\pluggy\_hooks.py", line 512, in __call__
    return self._hookexec(self.name, self._hookimpls.copy(), kwargs, firstresult)
  File "C:\Users\usert\AppData\Roaming\Python\Python314\site-packages\pluggy\_manager.py", line 120, in _hookexec
    return self._inner_hookexec(hook_name, methods, kwargs, firstresult)
  File "C:\Users\usert\AppData\Roaming\Python\Python314\site-packages\pluggy\_callers.py", line 121, in _multicall
    res = hook_impl.function(*args)
  File "C:\Users\usert\AppData\Roaming\Python\Python314\site-packages\_pytest\runner.py", line 118, in pytest_runtest_protocol
    runtestprotocol(item, nextitem=nextitem)
  File "C:\Users\usert\AppData\Roaming\Python\Python314\site-packages\_pytest\runner.py", line 137, in runtestprotocol
    reports.append(call_and_report(item, "call", log))
  File "C:\Users\usert\AppData\Roaming\Python\Python314\site-packages\_pytest\runner.py", line 244, in call_and_report
    call = CallInfo.from_call(
  File "C:\Users\usert\AppData\Roaming\Python\Python314\site-packages\_pytest\runner.py", line 353, in from_call
    result: TResult | None = func()
  File "C:\Users\usert\AppData\Roaming\Python\Python314\site-packages\_pytest\runner.py", line 245, in <lambda>
    lambda: runtest_hook(item=item, **kwds),
  File "C:\Users\usert\AppData\Roaming\Python\Python314\site-packages\pluggy\_hooks.py", line 512, in __call__
    return self._hookexec(self.name, self._hookimpls.copy(), kwargs, firstresult)
  File "C:\Users\usert\AppData\Roaming\Python\Python314\site-packages\pluggy\_manager.py", line 120, in _hookexec
    return self._inner_hookexec(hook_name, methods, kwargs, firstresult)
  File "C:\Users\usert\AppData\Roaming\Python\Python314\site-packages\pluggy\_callers.py", line 121, in _multicall
    res = hook_impl.function(*args)
  File "C:\Users\usert\AppData\Roaming\Python\Python314\site-packages\_pytest\runner.py", line 179, in pytest_runtest_call
    item.runtest()
  File "C:\Users\usert\AppData\Roaming\Python\Python314\site-packages\_pytest\python.py", line 1720, in runtest
    self.ihook.pytest_pyfunc_call(pyfuncitem=self)
  File "C:\Users\usert\AppData\Roaming\Python\Python314\site-packages\pluggy\_hooks.py", line 512, in __call__
    return self._hookexec(self.name, self._hookimpls.copy(), kwargs, firstresult)
  File "C:\Users\usert\AppData\Roaming\Python\Python314\site-packages\pluggy\_manager.py", line 120, in _hookexec
    return self._inner_hookexec(hook_name, methods, kwargs, firstresult)
  File "C:\Users\usert\AppData\Roaming\Python\Python314\site-packages\pluggy\_callers.py", line 121, in _multicall
    res = hook_impl.function(*args)
  File "C:\Users\usert\AppData\Roaming\Python\Python314\site-packages\_pytest\python.py", line 166, in pytest_pyfunc_call
    result = testfunction(**testargs)
  File "D:\nxwitness-demo\tests\test_runner.py", line 137, in test_main_flow
    translator.execute(flow_name, injected_params=step['params'])
  File "D:\nxwitness-demo\engine\step_translator.py", line 61, in execute
    return method(**(injected_params or {}))
  File "D:\nxwitness-demo\actions\nx_poc_actions.py", line 504, in run_enable_usb_webcam_step
    success, was_already_checked = self.server_settings_page.enable_usb_detection()
  File "D:\nxwitness-demo\pages\desktop\server_settings_page.py", line 127, in enable_usb_detection
    success = self.smart_checkbox(
  File "D:\nxwitness-demo\base\desktop_app.py", line 1032, in smart_checkbox
    is_checked = self._is_checkbox_checked(click_x, click_y, checked_image, unchecked_image)
  File "D:\nxwitness-demo\base\desktop_app.py", line 1220, in _is_checkbox_checked
    self.logger.info(f"\U0001f4f8 ¹Ï¤ù¿ëÃÑ¡G§ä¨ì¥¼¤Ä¿ïª¬ºA ¡÷ §P©w: ¥¼¤Ä¿ï \u2610")
Message: '[IMG] ¹Ï¤ù¿ëÃÑ¡G§ä¨ì¥¼¤Ä¿ïª¬ºA ¡÷ §P©w: ¥¼¤Ä¿ï \u2610'
Arguments: ()
>>> [CFG] °õ¦æ¤Ä¿ï¾Þ§@...
>>> [CLICK_COORD] ¹ê»ÚÂIÀ»®y¼Ð: (408, 397), °Ê§@=³æÀ»
>>> [CLICK_COORD] ¹ê»ÚÂIÀ»®y¼Ð: (408, 397), °Ê§@=³æÀ»
[CLICK_COORD] ¹ê»ÚÂIÀ»®y¼Ð: (408, 397), °Ê§@=³æÀ»
>>> [LOC] ÂIÀ» checkbox: (408, 397)
--- Logging error ---
Traceback (most recent call last):
  File "C:\Python314\Lib\logging\__init__.py", line 1154, in emit
    stream.write(msg + self.terminator)
    ~~~~~~~~~~~~^^^^^^^^^^^^^^^^^^^^^^^
UnicodeEncodeError: 'cp950' codec can't encode character '\u2713' in position 33: illegal multibyte sequence
Call stack:
  File "<frozen runpy>", line 198, in _run_module_as_main
  File "<frozen runpy>", line 88, in _run_code
  File "C:\Users\usert\AppData\Roaming\Python\Python314\site-packages\pytest\__main__.py", line 9, in <module>
    raise SystemExit(pytest.console_main())
  File "C:\Users\usert\AppData\Roaming\Python\Python314\site-packages\_pytest\config\__init__.py", line 223, in console_main
    code = main()
  File "C:\Users\usert\AppData\Roaming\Python\Python314\site-packages\_pytest\config\__init__.py", line 199, in main
    ret: ExitCode | int = config.hook.pytest_cmdline_main(config=config)
  File "C:\Users\usert\AppData\Roaming\Python\Python314\site-packages\pluggy\_hooks.py", line 512, in __call__
    return self._hookexec(self.name, self._hookimpls.copy(), kwargs, firstresult)
  File "C:\Users\usert\AppData\Roaming\Python\Python314\site-packages\pluggy\_manager.py", line 120, in _hookexec
    return self._inner_hookexec(hook_name, methods, kwargs, firstresult)
  File "C:\Users\usert\AppData\Roaming\Python\Python314\site-packages\pluggy\_callers.py", line 121, in _multicall
    res = hook_impl.function(*args)
  File "C:\Users\usert\AppData\Roaming\Python\Python314\site-packages\_pytest\main.py", line 365, in pytest_cmdline_main
    return wrap_session(config, _main)
  File "C:\Users\usert\AppData\Roaming\Python\Python314\site-packages\_pytest\main.py", line 318, in wrap_session
    session.exitstatus = doit(config, session) or 0
  File "C:\Users\usert\AppData\Roaming\Python\Python314\site-packages\_pytest\main.py", line 372, in _main
    config.hook.pytest_runtestloop(session=session)
  File "C:\Users\usert\AppData\Roaming\Python\Python314\site-packages\pluggy\_hooks.py", line 512, in __call__
    return self._hookexec(self.name, self._hookimpls.copy(), kwargs, firstresult)
  File "C:\Users\usert\AppData\Roaming\Python\Python314\site-packages\pluggy\_manager.py", line 120, in _hookexec
    return self._inner_hookexec(hook_name, methods, kwargs, firstresult)
  File "C:\Users\usert\AppData\Roaming\Python\Python314\site-packages\pluggy\_callers.py", line 121, in _multicall
    res = hook_impl.function(*args)
  File "C:\Users\usert\AppData\Roaming\Python\Python314\site-packages\_pytest\main.py", line 396, in pytest_runtestloop
    item.config.hook.pytest_runtest_protocol(item=item, nextitem=nextitem)
  File "C:\Users\usert\AppData\Roaming\Python\Python314\site-packages\pluggy\_hooks.py", line 512, in __call__
    return self._hookexec(self.name, self._hookimpls.copy(), kwargs, firstresult)
  File "C:\Users\usert\AppData\Roaming\Python\Python314\site-packages\pluggy\_manager.py", line 120, in _hookexec
    return self._inner_hookexec(hook_name, methods, kwargs, firstresult)
  File "C:\Users\usert\AppData\Roaming\Python\Python314\site-packages\pluggy\_callers.py", line 121, in _multicall
    res = hook_impl.function(*args)
  File "C:\Users\usert\AppData\Roaming\Python\Python314\site-packages\_pytest\runner.py", line 118, in pytest_runtest_protocol
    runtestprotocol(item, nextitem=nextitem)
  File "C:\Users\usert\AppData\Roaming\Python\Python314\site-packages\_pytest\runner.py", line 137, in runtestprotocol
    reports.append(call_and_report(item, "call", log))
  File "C:\Users\usert\AppData\Roaming\Python\Python314\site-packages\_pytest\runner.py", line 244, in call_and_report
    call = CallInfo.from_call(
  File "C:\Users\usert\AppData\Roaming\Python\Python314\site-packages\_pytest\runner.py", line 353, in from_call
    result: TResult | None = func()
  File "C:\Users\usert\AppData\Roaming\Python\Python314\site-packages\_pytest\runner.py", line 245, in <lambda>
    lambda: runtest_hook(item=item, **kwds),
  File "C:\Users\usert\AppData\Roaming\Python\Python314\site-packages\pluggy\_hooks.py", line 512, in __call__
    return self._hookexec(self.name, self._hookimpls.copy(), kwargs, firstresult)
  File "C:\Users\usert\AppData\Roaming\Python\Python314\site-packages\pluggy\_manager.py", line 120, in _hookexec
    return self._inner_hookexec(hook_name, methods, kwargs, firstresult)
  File "C:\Users\usert\AppData\Roaming\Python\Python314\site-packages\pluggy\_callers.py", line 121, in _multicall
    res = hook_impl.function(*args)
  File "C:\Users\usert\AppData\Roaming\Python\Python314\site-packages\_pytest\runner.py", line 179, in pytest_runtest_call
    item.runtest()
  File "C:\Users\usert\AppData\Roaming\Python\Python314\site-packages\_pytest\python.py", line 1720, in runtest
    self.ihook.pytest_pyfunc_call(pyfuncitem=self)
  File "C:\Users\usert\AppData\Roaming\Python\Python314\site-packages\pluggy\_hooks.py", line 512, in __call__
    return self._hookexec(self.name, self._hookimpls.copy(), kwargs, firstresult)
  File "C:\Users\usert\AppData\Roaming\Python\Python314\site-packages\pluggy\_manager.py", line 120, in _hookexec
    return self._inner_hookexec(hook_name, methods, kwargs, firstresult)
  File "C:\Users\usert\AppData\Roaming\Python\Python314\site-packages\pluggy\_callers.py", line 121, in _multicall
    res = hook_impl.function(*args)
  File "C:\Users\usert\AppData\Roaming\Python\Python314\site-packages\_pytest\python.py", line 166, in pytest_pyfunc_call
    result = testfunction(**testargs)
  File "D:\nxwitness-demo\tests\test_runner.py", line 137, in test_main_flow
    translator.execute(flow_name, injected_params=step['params'])
  File "D:\nxwitness-demo\engine\step_translator.py", line 61, in execute
    return method(**(injected_params or {}))
  File "D:\nxwitness-demo\actions\nx_poc_actions.py", line 504, in run_enable_usb_webcam_step
    success, was_already_checked = self.server_settings_page.enable_usb_detection()
  File "D:\nxwitness-demo\pages\desktop\server_settings_page.py", line 127, in enable_usb_detection
    success = self.smart_checkbox(
  File "D:\nxwitness-demo\base\desktop_app.py", line 1085, in smart_checkbox
    is_checked_after = self._is_checkbox_checked(click_x, click_y, checked_image, unchecked_image)
  File "D:\nxwitness-demo\base\desktop_app.py", line 1208, in _is_checkbox_checked
    self.logger.info(f"\U0001f4f8 ¹Ï¤ù¿ëÃÑ¡G§ä¨ì¤w¤Ä¿ïª¬ºA ¡÷ §P©w: ¤w¤Ä¿ï \u2713")
Message: '[IMG] ¹Ï¤ù¿ëÃÑ¡G§ä¨ì¤w¤Ä¿ïª¬ºA ¡÷ §P©w: ¤w¤Ä¿ï \u2713'
Arguments: ()
>>> [OK] ¤Ä¿ï¦¨¥\
>>> [DEBUG] ÀË¬d checkbox ª¬ºA...
>>> [CLICK] ÀË¬d¡u¦Û°Ê°»´ú¤º«Ø USB Äá¼v¾÷¡v¿ï¶µ...
>>> [IMG] Checkbox ¹Ï¤ù¿ëÃÑ¦¨¥\: ¹Ï¤ù°Ï°ì=Box(left=np.int64(396), top=np.int64(382), width=80, height=30), ÂIÀ»®y¼Ð=(408, 397)
--- Logging error ---
Traceback (most recent call last):
  File "C:\Python314\Lib\logging\__init__.py", line 1154, in emit
    stream.write(msg + self.terminator)
    ~~~~~~~~~~~~^^^^^^^^^^^^^^^^^^^^^^^
UnicodeEncodeError: 'cp950' codec can't encode character '\u2713' in position 33: illegal multibyte sequence
Call stack:
  File "<frozen runpy>", line 198, in _run_module_as_main
  File "<frozen runpy>", line 88, in _run_code
  File "C:\Users\usert\AppData\Roaming\Python\Python314\site-packages\pytest\__main__.py", line 9, in <module>
    raise SystemExit(pytest.console_main())
  File "C:\Users\usert\AppData\Roaming\Python\Python314\site-packages\_pytest\config\__init__.py", line 223, in console_main
    code = main()
  File "C:\Users\usert\AppData\Roaming\Python\Python314\site-packages\_pytest\config\__init__.py", line 199, in main
    ret: ExitCode | int = config.hook.pytest_cmdline_main(config=config)
  File "C:\Users\usert\AppData\Roaming\Python\Python314\site-packages\pluggy\_hooks.py", line 512, in __call__
    return self._hookexec(self.name, self._hookimpls.copy(), kwargs, firstresult)
  File "C:\Users\usert\AppData\Roaming\Python\Python314\site-packages\pluggy\_manager.py", line 120, in _hookexec
    return self._inner_hookexec(hook_name, methods, kwargs, firstresult)
  File "C:\Users\usert\AppData\Roaming\Python\Python314\site-packages\pluggy\_callers.py", line 121, in _multicall
    res = hook_impl.function(*args)
  File "C:\Users\usert\AppData\Roaming\Python\Python314\site-packages\_pytest\main.py", line 365, in pytest_cmdline_main
    return wrap_session(config, _main)
  File "C:\Users\usert\AppData\Roaming\Python\Python314\site-packages\_pytest\main.py", line 318, in wrap_session
    session.exitstatus = doit(config, session) or 0
  File "C:\Users\usert\AppData\Roaming\Python\Python314\site-packages\_pytest\main.py", line 372, in _main
    config.hook.pytest_runtestloop(session=session)
  File "C:\Users\usert\AppData\Roaming\Python\Python314\site-packages\pluggy\_hooks.py", line 512, in __call__
    return self._hookexec(self.name, self._hookimpls.copy(), kwargs, firstresult)
  File "C:\Users\usert\AppData\Roaming\Python\Python314\site-packages\pluggy\_manager.py", line 120, in _hookexec
    return self._inner_hookexec(hook_name, methods, kwargs, firstresult)
  File "C:\Users\usert\AppData\Roaming\Python\Python314\site-packages\pluggy\_callers.py", line 121, in _multicall
    res = hook_impl.function(*args)
  File "C:\Users\usert\AppData\Roaming\Python\Python314\site-packages\_pytest\main.py", line 396, in pytest_runtestloop
    item.config.hook.pytest_runtest_protocol(item=item, nextitem=nextitem)
  File "C:\Users\usert\AppData\Roaming\Python\Python314\site-packages\pluggy\_hooks.py", line 512, in __call__
    return self._hookexec(self.name, self._hookimpls.copy(), kwargs, firstresult)
  File "C:\Users\usert\AppData\Roaming\Python\Python314\site-packages\pluggy\_manager.py", line 120, in _hookexec
    return self._inner_hookexec(hook_name, methods, kwargs, firstresult)
  File "C:\Users\usert\AppData\Roaming\Python\Python314\site-packages\pluggy\_callers.py", line 121, in _multicall
    res = hook_impl.function(*args)
  File "C:\Users\usert\AppData\Roaming\Python\Python314\site-packages\_pytest\runner.py", line 118, in pytest_runtest_protocol
    runtestprotocol(item, nextitem=nextitem)
  File "C:\Users\usert\AppData\Roaming\Python\Python314\site-packages\_pytest\runner.py", line 137, in runtestprotocol
    reports.append(call_and_report(item, "call", log))
  File "C:\Users\usert\AppData\Roaming\Python\Python314\site-packages\_pytest\runner.py", line 244, in call_and_report
    call = CallInfo.from_call(
  File "C:\Users\usert\AppData\Roaming\Python\Python314\site-packages\_pytest\runner.py", line 353, in from_call
    result: TResult | None = func()
  File "C:\Users\usert\AppData\Roaming\Python\Python314\site-packages\_pytest\runner.py", line 245, in <lambda>
    lambda: runtest_hook(item=item, **kwds),
  File "C:\Users\usert\AppData\Roaming\Python\Python314\site-packages\pluggy\_hooks.py", line 512, in __call__
    return self._hookexec(self.name, self._hookimpls.copy(), kwargs, firstresult)
  File "C:\Users\usert\AppData\Roaming\Python\Python314\site-packages\pluggy\_manager.py", line 120, in _hookexec
    return self._inner_hookexec(hook_name, methods, kwargs, firstresult)
  File "C:\Users\usert\AppData\Roaming\Python\Python314\site-packages\pluggy\_callers.py", line 121, in _multicall
    res = hook_impl.function(*args)
  File "C:\Users\usert\AppData\Roaming\Python\Python314\site-packages\_pytest\runner.py", line 179, in pytest_runtest_call
    item.runtest()
  File "C:\Users\usert\AppData\Roaming\Python\Python314\site-packages\_pytest\python.py", line 1720, in runtest
    self.ihook.pytest_pyfunc_call(pyfuncitem=self)
  File "C:\Users\usert\AppData\Roaming\Python\Python314\site-packages\pluggy\_hooks.py", line 512, in __call__
    return self._hookexec(self.name, self._hookimpls.copy(), kwargs, firstresult)
  File "C:\Users\usert\AppData\Roaming\Python\Python314\site-packages\pluggy\_manager.py", line 120, in _hookexec
    return self._inner_hookexec(hook_name, methods, kwargs, firstresult)
  File "C:\Users\usert\AppData\Roaming\Python\Python314\site-packages\pluggy\_callers.py", line 121, in _multicall
    res = hook_impl.function(*args)
  File "C:\Users\usert\AppData\Roaming\Python\Python314\site-packages\_pytest\python.py", line 166, in pytest_pyfunc_call
    result = testfunction(**testargs)
  File "D:\nxwitness-demo\tests\test_runner.py", line 137, in test_main_flow
    translator.execute(flow_name, injected_params=step['params'])
  File "D:\nxwitness-demo\engine\step_translator.py", line 61, in execute
    return method(**(injected_params or {}))
  File "D:\nxwitness-demo\actions\nx_poc_actions.py", line 511, in run_enable_usb_webcam_step
    if not self.server_settings_page.apply_settings():
  File "D:\nxwitness-demo\pages\desktop\server_settings_page.py", line 159, in apply_settings
    checkbox_success, was_already_checked = self.enable_usb_detection()
  File "D:\nxwitness-demo\pages\desktop\server_settings_page.py", line 116, in enable_usb_detection
    is_checked = self._is_checkbox_checked(
  File "D:\nxwitness-demo\base\desktop_app.py", line 1208, in _is_checkbox_checked
    self.logger.info(f"\U0001f4f8 ¹Ï¤ù¿ëÃÑ¡G§ä¨ì¤w¤Ä¿ïª¬ºA ¡÷ §P©w: ¤w¤Ä¿ï \u2713")
Message: '[IMG] ¹Ï¤ù¿ëÃÑ¡G§ä¨ì¤w¤Ä¿ïª¬ºA ¡÷ §P©w: ¤w¤Ä¿ï \u2713'
Arguments: ()
>>> [OK] Checkbox ¤w¸g¬O¤Ä¿ïª¬ºA¡A¸õ¹LÂIÀ»
>>> [OK] Checkbox ¤w¤Ä¿ï¡Aª½±µÂIÀ»¡u½T»{¡v«ö¶s...
>>> [DEBUG] ¹Á¸Õ OK Script ¹Ï¹³¿ëÃÑ: D:\nxwitness-demo\res\desktop_settings\ok_btn.png
>>> [DEBUG] OK Script ¿ëÃÑµ²ªG: True, ¤èªk: ok_script
>>> [DEBUG] OK Script ¿ëÃÑ¦¨¥\¡A¶}©lÅçÃÒ®y¼Ð...
>>> [DEBUG] ®y¼ÐÅçÃÒ³q¹L: ¥ª¤W¨¤=(1254, 970), ¤¤¤ßÂI=(1304, 983)¡A°õ¦æÂIÀ»...
>>> [CLICK_COORD] ¹ê»ÚÂIÀ»®y¼Ð: (1304, 983), °Ê§@=³æÀ»
>>> [CLICK_COORD] ¹ê»ÚÂIÀ»®y¼Ð: (1304, 983), °Ê§@=³æÀ»
[CLICK_COORD] ¹ê»ÚÂIÀ»®y¼Ð: (1304, 983), °Ê§@=³æÀ»
>>> [DEBUG] ÂIÀ»°õ¦æ§¹¦¨
>>> [OK] OK_SCRIPT ¿ëÃÑ¦¨¥\¨ÃÂIÀ»: ok_btn.png («H¤ß: 1.00, ¯Ó®É: 198.1ms)
>>> [STAT] [®y¼Ð®w] ¤ñ¨Ò®y¼Ð: x_ratio=0.6792, y_ratio=0.8192 | µøµ¡¤Ø¤o: 1920x1200 | µ´¹ï®y¼Ð: (1304, 983)
>>> [OK] ¦¨¥\ÂIÀ»¡u½T»{¡v«ö¶s
>>> [DEBUG_SCREENSHOT] ÂIÀ»¡u½T»{¡v«áºI¹Ï¤w«O¦s: D:\nxwitness-demo\pages\logs\password_debug\00_after_confirm_click_20260122_111417_252.png
>>> [DEBUG] ÀË¬d¬O§_¥X²{±K½X½T»{¼uµ¡¡]³Ì¦hµ¥«Ý 2.0 ¬í¡^...
--- Logging error ---
Traceback (most recent call last):
  File "C:\Python314\Lib\logging\__init__.py", line 1154, in emit
    stream.write(msg + self.terminator)
    ~~~~~~~~~~~~^^^^^^^^^^^^^^^^^^^^^^^
UnicodeEncodeError: 'cp950' codec can't encode character '\u2139' in position 4: illegal multibyte sequence
Call stack:
  File "<frozen runpy>", line 198, in _run_module_as_main
  File "<frozen runpy>", line 88, in _run_code
  File "C:\Users\usert\AppData\Roaming\Python\Python314\site-packages\pytest\__main__.py", line 9, in <module>
    raise SystemExit(pytest.console_main())
  File "C:\Users\usert\AppData\Roaming\Python\Python314\site-packages\_pytest\config\__init__.py", line 223, in console_main
    code = main()
  File "C:\Users\usert\AppData\Roaming\Python\Python314\site-packages\_pytest\config\__init__.py", line 199, in main
    ret: ExitCode | int = config.hook.pytest_cmdline_main(config=config)
  File "C:\Users\usert\AppData\Roaming\Python\Python314\site-packages\pluggy\_hooks.py", line 512, in __call__
    return self._hookexec(self.name, self._hookimpls.copy(), kwargs, firstresult)
  File "C:\Users\usert\AppData\Roaming\Python\Python314\site-packages\pluggy\_manager.py", line 120, in _hookexec
    return self._inner_hookexec(hook_name, methods, kwargs, firstresult)
  File "C:\Users\usert\AppData\Roaming\Python\Python314\site-packages\pluggy\_callers.py", line 121, in _multicall
    res = hook_impl.function(*args)
  File "C:\Users\usert\AppData\Roaming\Python\Python314\site-packages\_pytest\main.py", line 365, in pytest_cmdline_main
    return wrap_session(config, _main)
  File "C:\Users\usert\AppData\Roaming\Python\Python314\site-packages\_pytest\main.py", line 318, in wrap_session
    session.exitstatus = doit(config, session) or 0
  File "C:\Users\usert\AppData\Roaming\Python\Python314\site-packages\_pytest\main.py", line 372, in _main
    config.hook.pytest_runtestloop(session=session)
  File "C:\Users\usert\AppData\Roaming\Python\Python314\site-packages\pluggy\_hooks.py", line 512, in __call__
    return self._hookexec(self.name, self._hookimpls.copy(), kwargs, firstresult)
  File "C:\Users\usert\AppData\Roaming\Python\Python314\site-packages\pluggy\_manager.py", line 120, in _hookexec
    return self._inner_hookexec(hook_name, methods, kwargs, firstresult)
  File "C:\Users\usert\AppData\Roaming\Python\Python314\site-packages\pluggy\_callers.py", line 121, in _multicall
    res = hook_impl.function(*args)
  File "C:\Users\usert\AppData\Roaming\Python\Python314\site-packages\_pytest\main.py", line 396, in pytest_runtestloop
    item.config.hook.pytest_runtest_protocol(item=item, nextitem=nextitem)
  File "C:\Users\usert\AppData\Roaming\Python\Python314\site-packages\pluggy\_hooks.py", line 512, in __call__
    return self._hookexec(self.name, self._hookimpls.copy(), kwargs, firstresult)
  File "C:\Users\usert\AppData\Roaming\Python\Python314\site-packages\pluggy\_manager.py", line 120, in _hookexec
    return self._inner_hookexec(hook_name, methods, kwargs, firstresult)
  File "C:\Users\usert\AppData\Roaming\Python\Python314\site-packages\pluggy\_callers.py", line 121, in _multicall
    res = hook_impl.function(*args)
  File "C:\Users\usert\AppData\Roaming\Python\Python314\site-packages\_pytest\runner.py", line 118, in pytest_runtest_protocol
    runtestprotocol(item, nextitem=nextitem)
  File "C:\Users\usert\AppData\Roaming\Python\Python314\site-packages\_pytest\runner.py", line 137, in runtestprotocol
    reports.append(call_and_report(item, "call", log))
  File "C:\Users\usert\AppData\Roaming\Python\Python314\site-packages\_pytest\runner.py", line 244, in call_and_report
    call = CallInfo.from_call(
  File "C:\Users\usert\AppData\Roaming\Python\Python314\site-packages\_pytest\runner.py", line 353, in from_call
    result: TResult | None = func()
  File "C:\Users\usert\AppData\Roaming\Python\Python314\site-packages\_pytest\runner.py", line 245, in <lambda>
    lambda: runtest_hook(item=item, **kwds),
  File "C:\Users\usert\AppData\Roaming\Python\Python314\site-packages\pluggy\_hooks.py", line 512, in __call__
    return self._hookexec(self.name, self._hookimpls.copy(), kwargs, firstresult)
  File "C:\Users\usert\AppData\Roaming\Python\Python314\site-packages\pluggy\_manager.py", line 120, in _hookexec
    return self._inner_hookexec(hook_name, methods, kwargs, firstresult)
  File "C:\Users\usert\AppData\Roaming\Python\Python314\site-packages\pluggy\_callers.py", line 121, in _multicall
    res = hook_impl.function(*args)
  File "C:\Users\usert\AppData\Roaming\Python\Python314\site-packages\_pytest\runner.py", line 179, in pytest_runtest_call
    item.runtest()
  File "C:\Users\usert\AppData\Roaming\Python\Python314\site-packages\_pytest\python.py", line 1720, in runtest
    self.ihook.pytest_pyfunc_call(pyfuncitem=self)
  File "C:\Users\usert\AppData\Roaming\Python\Python314\site-packages\pluggy\_hooks.py", line 512, in __call__
    return self._hookexec(self.name, self._hookimpls.copy(), kwargs, firstresult)
  File "C:\Users\usert\AppData\Roaming\Python\Python314\site-packages\pluggy\_manager.py", line 120, in _hookexec
    return self._inner_hookexec(hook_name, methods, kwargs, firstresult)
  File "C:\Users\usert\AppData\Roaming\Python\Python314\site-packages\pluggy\_callers.py", line 121, in _multicall
    res = hook_impl.function(*args)
  File "C:\Users\usert\AppData\Roaming\Python\Python314\site-packages\_pytest\python.py", line 166, in pytest_pyfunc_call
    result = testfunction(**testargs)
  File "D:\nxwitness-demo\tests\test_runner.py", line 137, in test_main_flow
    translator.execute(flow_name, injected_params=step['params'])
  File "D:\nxwitness-demo\engine\step_translator.py", line 61, in execute
    return method(**(injected_params or {}))
  File "D:\nxwitness-demo\actions\nx_poc_actions.py", line 511, in run_enable_usb_webcam_step
    if not self.server_settings_page.apply_settings():
  File "D:\nxwitness-demo\pages\desktop\server_settings_page.py", line 251, in apply_settings
    self.logger.info("\u2139\ufe0f ¥¼ÀË´ú¨ì±K½X½T»{¼uµ¡¡]¥i¯à¤£»Ý­n±K½X¡^")
Message: '\u2139\ufe0f ¥¼ÀË´ú¨ì±K½X½T»{¼uµ¡¡]¥i¯à¤£»Ý­n±K½X¡^'
Arguments: ()
>>> [OK] USB Äá¼v¾÷¦Û°Ê°»´ú¤w±Ò¥Î
>>> [WAIT] µ¥«Ý³]©w¥Í®Ä¨Ã°»´ú USB Äá¼v¾÷...
>>> [CLICK] ÂùÀ» Server ¶µ¥Ø...
>>> [SMART_CLICK] [START] Finding target: text='Server', image='desktop_main/server_icon.png', timeout=3s
>>> [SMART_CLICK] [TEXT] Trying Text Strategy: 'Server' (Priority: VLM)...
>>> [DEBUG] _try_vlm_recognition ³Q½Õ¥Î: target_text='Server', region=(0, 0, 1920, 1200)
>>> [DEBUG] VLM ±Ò¥Îª¬ºA: True
>>> [DEBUG] ªì©l¤Æ VLM: backend=ollama, model=llava
>>> [OK] VLM ¤ÞÀºªì©l¤Æ¦¨¥\ (ollama/llava)
>>> [DEBUG] Ollama ¥i¥Î¡A¤w¦w¸Ë¼Ò«¬: ["model='llava:latest' modified_at=datetime.datetime(2026, 1, 17, 17, 11, 23, 171732, tzinfo=TzInfo(28800)) digest='8dd30f6b0cb19f555f2c7a7ebda861449ea2cc76bf1f44e262931f45fc81d081' size=4733363377 details=ModelDetails(parent_model='', format='gguf', family='llama', families=['llama', 'clip'], parameter_size='7B', quantization_level='Q4_0')"]
>>> [DEBUG] _get_vlm_engine() ªð¦^: <base.vlm_recognizer.VLMRecognizer object at 0x0000014E5CE574D0> (Ãþ«¬: <class 'base.vlm_recognizer.VLMRecognizer'>)
>>> [VLM] ¥¿¦b¨Ï¥Î LLM ·j´M¤¸¯À: 'Server'
>>> [OK] VLM ªì©l¤Æ¦¨¥\: ollama/llava
>>> [DEBUG] VLM ¿ëÃÑµ²ªG: success=False, confidence=0.0, x=0.0, y=0.0
>>> [SMART_CLICK] [TEXT] Failed.
[33mChecking connectivity to the model hosters, this may take a while. To bypass this check, set `DISABLE_MODEL_SOURCE_CHECK` to `True`.[0m
>>> [WARN] OCR ¤ÞÀºªì©l¤Æ¥¢±Ñ: No module named 'paddle'
>>> [SMART_CLICK] [IMG] Trying Image Strategy: desktop_main/server_icon.png...
>>> [DEBUG] ¹Á¸Õ OK Script ¹Ï¹³¿ëÃÑ: D:\nxwitness-demo\res\desktop_main\server_icon.png
>>> [DEBUG] OK Script ¿ëÃÑµ²ªG: True, ¤èªk: ok_script
>>> [DEBUG] OK Script ¿ëÃÑ¦¨¥\¡A¶}©lÅçÃÒ®y¼Ð...
>>> [DEBUG] ®y¼ÐÅçÃÒ³q¹L: ¥ª¤W¨¤=(18, 185), ¤¤¤ßÂI=(63, 202)¡A°õ¦æÂIÀ»...
>>> [CLICK_COORD] ¹ê»ÚÂIÀ»®y¼Ð: (63, 202), °Ê§@=ÂùÀ»
>>> [CLICK_COORD] ¹ê»ÚÂIÀ»®y¼Ð: (63, 202), °Ê§@=ÂùÀ»
[CLICK_COORD] ¹ê»ÚÂIÀ»®y¼Ð: (63, 202), °Ê§@=ÂùÀ»
>>> [DEBUG] ÂIÀ»°õ¦æ§¹¦¨
>>> [OK] OK_SCRIPT ¿ëÃÑ¦¨¥\¨ÃÂùÀ»: server_icon.png («H¤ß: 1.00, ¯Ó®É: 246.0ms)
>>> [STAT] [®y¼Ð®w] ¤ñ¨Ò®y¼Ð: x_ratio=0.0328, y_ratio=0.1683 | µøµ¡¤Ø¤o: 1920x1200 | µ´¹ï®y¼Ð: (63, 202)
>>> [SMART_CLICK] [IMG] Success.
>>> [OK] ÂùÀ» Server ¶µ¥Ø§¹¦¨
>>> [WAIT] µ¥«Ý USB Äá¼v¾÷¡uusb_cam¡v¥X²{¦b¦Cªí¤¤...
>>> [CLICK] ÂùÀ»Äá¼v¾÷: usb_cam...
>>> [SMART_CLICK] [START] Finding target: text='usb', image='desktop_main/usb_cam_item.png', timeout=3s
>>> [SMART_CLICK] [TEXT] Trying Text Strategy: 'usb' (Priority: VLM)...
>>> [DEBUG] _try_vlm_recognition ³Q½Õ¥Î: target_text='usb', region=(0, 0, 1920, 1200)
>>> [DEBUG] _get_vlm_engine() ªð¦^: <base.vlm_recognizer.VLMRecognizer object at 0x0000014E5CE574D0> (Ãþ«¬: <class 'base.vlm_recognizer.VLMRecognizer'>)
>>> [VLM] ¥¿¦b¨Ï¥Î LLM ·j´M¤¸¯À: 'usb'
>>> [DEBUG] VLM ¿ëÃÑµ²ªG: success=False, confidence=0.0, x=0.0, y=0.0
>>> [SMART_CLICK] [TEXT] Failed.
>>> [SMART_CLICK] [IMG] Trying Image Strategy: desktop_main/usb_cam_item.png...
>>> [DEBUG] ¹Á¸Õ OK Script ¹Ï¹³¿ëÃÑ: D:\nxwitness-demo\res\desktop_main\usb_cam_item.png
>>> [DEBUG] OK Script ¿ëÃÑµ²ªG: None, ¤èªk: None
>>> [SMART_CLICK] [IMG] Failed (Confidence too low or not found).
>>> [SMART_CLICK] [TEXT] Trying Text Strategy: 'usb' (Priority: VLM)...
>>> [DEBUG] _try_vlm_recognition ³Q½Õ¥Î: target_text='usb', region=(0, 0, 1920, 1200)
>>> [DEBUG] _get_vlm_engine() ªð¦^: <base.vlm_recognizer.VLMRecognizer object at 0x0000014E5CE574D0> (Ãþ«¬: <class 'base.vlm_recognizer.VLMRecognizer'>)
>>> [VLM] ¥¿¦b¨Ï¥Î LLM ·j´M¤¸¯À: 'usb'
>>> [DEBUG] VLM ¿ëÃÑµ²ªG: success=False, confidence=0.0, x=0.0, y=0.0
>>> [SMART_CLICK] [TEXT] Failed.
>>> [SMART_CLICK] [IMG] Trying Image Strategy: desktop_main/usb_cam_item.png...
>>> [DEBUG] ¹Á¸Õ OK Script ¹Ï¹³¿ëÃÑ: D:\nxwitness-demo\res\desktop_main\usb_cam_item.png
>>> [DEBUG] OK Script ¿ëÃÑµ²ªG: None, ¤èªk: None
>>> [SMART_CLICK] [IMG] Failed (Confidence too low or not found).
>>> [SMART_CLICK] [TIMEOUT] Recognition timeout (3s), attempted strategies: 4
>>> [SMART_CLICK] [FAIL] All strategies failed. Attempted strategies: Text/VLM Recognition ('usb'), Image Recognition (OK Script: desktop_main/usb_cam_item.png), Text/VLM Recognition ('usb'), Image Recognition (OK Script: desktop_main/usb_cam_item.png)
>>> [SMART_CLICK] [COORD] Trying Coordinate Strategy: Ratio (0.100, 0.180)...
>>> [CLICK_COORD] ¹ê»ÚÂIÀ»®y¼Ð: (192, 216), °Ê§@=ÂùÀ»
>>> [CLICK_COORD] ¹ê»ÚÂIÀ»®y¼Ð: (192, 216), °Ê§@=ÂùÀ»
[CLICK_COORD] ¹ê»ÚÂIÀ»®y¼Ð: (192, 216), °Ê§@=ÂùÀ»
>>> [SMART_CLICK] [COORD] Success. Final coordinates: (192, 216)
>>> [OK] ÂùÀ»Äá¼v¾÷: usb_cam (smart_click ªð¦^¦¨¥\)
>>> [OK] Case 1-2 §¹¦¨¡G¤w¶}±ÒÄá¼v¾÷ usb_cam
