================================================================================
æ¸¬è©¦æ¡ˆä¾‹: èª¿é–±â¼€å€‹éŒ„å½±äº‹ä»¶å›žæ”¾
åŸ·è¡Œæ™‚é–“: 2026-01-22 20:22:08
åŸ·è¡Œå‘½ä»¤: C:\Python314\python.exe -m pytest D:\nxwitness-demo\tests\test_runner.py --test_name èª¿é–±â¼€å€‹éŒ„å½±äº‹ä»¶å›žæ”¾ -v -s --tb=short
å·¥ä½œç›®éŒ„: D:\nxwitness-demo
================================================================================

============================= test session starts =============================
platform win32 -- Python 3.14.2, pytest-9.0.2, pluggy-1.6.0 -- C:\Python314\python.exe
cachedir: .pytest_cache
rootdir: D:\nxwitness-demo
plugins: anyio-4.12.1
collecting ... collected 1 item

tests/test_runner.py::test_main_flow[\u8abf\u95b1\u2f00\u500b\u9304\u5f71\u4e8b\u4ef6\u56de\u653e-steps0] >>> [CASE_2-2] °õ¦æ Case 2-2: ½Õ¾\¤@­Ó¿ý¼v¨Æ¥ó¦^©ñ
>>> [CASE_2-2] Driver ¥¼³s±µ¡A¹Á¸Õ­«·s³s±µ¨ì²{¦³ªº Debug Chrome (Port 9222)...
>>> [NX_CLOUD_WEB] [ATTACH] ¹Á¸Õ³s±µ¨ì Remote Debugging Port 9222...
>>> [NX_CLOUD_WEB] [ATTACH] [OK] ¦¨¥\³s±µ¨ì Chrome¡A·í«e URL: https://nx-cn.nxvms.cloud/systems/dddaff35-32c0-4a07-9bed-2c6bc4773d60
>>> [CASE_2-2] [OK] ­«·s³s±µ¦¨¥\¡IÄ~Äò°õ¦æ´ú¸Õ¡C
>>> [CASE_2-2] ·í«eºô§}: https://nx-cn.nxvms.cloud/systems/dddaff35-32c0-4a07-9bed-2c6bc4773d60
>>> [CASE_2-2] ¨BÆJ 1: ÂIÀ»¡u¬d¬Ý¡v­¶Ã±...
>>> [NX_CLOUD_WEB] [CLICK] ÂIÀ»¡u¬d¬Ý¡v­¶Ã±...
>>> [NX_CLOUD_WEB] [CLICK] ·í«e URL: https://nx-cn.nxvms.cloud/systems/dddaff35-32c0-4a07-9bed-2c6bc4773d60
>>> [NX_CLOUD_WEB] [CLICK] ­¶­±¼ÐÃD: Nx Cloud - Cloud Portal
>>> [NX_CLOUD_WEB] [CLICK] ¹Á¸Õ locator: By.XPATH = '//div[@class='menu-items']//div[contains(normalize-space(@class),'inner-menu-item') and normalize-space()='¬d¬Ý']/a[contains(normalize-space(@class),'anchor')]'
>>> [NX_CLOUD_WEB] [ERROR] µ¥«Ý¡u¬d¬Ý¡v­¶Ã±¶W®É
>>> [NX_CLOUD_WEB] [DEBUG] ­¶­±¤¤¥]§t¡u¬d¬Ý¡vªº¤¸¯À¼Æ¶q: 14
--- Logging error ---
Traceback (most recent call last):
  File "D:\nxwitness-demo\pages\web\nx_cloud_web_page.py", line 745, in click_view_tab
    view_tab = self.wait.until(
        EC.element_to_be_clickable((By.XPATH, xpath))
    )
  File "C:\Users\usert\AppData\Roaming\Python\Python314\site-packages\selenium\webdriver\support\wait.py", line 122, in until
    raise TimeoutException(message, screen, stacktrace)
selenium.common.exceptions.TimeoutException: Message: 
Stacktrace:
Symbols not available. Dumping unresolved backtrace:
	0x6a7d13
	0x6a7d54
	0x4cb290
	0x5156ea
	0x51598b
	0x557912
	0x538004
	0x555111
	0x537d56
	0x5094d9
	0x50a294
	0x91bb64
	0x917215
	0x933fad
	0x6c1ef8
	0x6c9b0d
	0x6b0738
	0x6b0902
	0x69a1da
	0x76445d49
	0x774fd5db
	0x774fd561


During handling of the above exception, another exception occurred:

Traceback (most recent call last):
  File "C:\Python314\Lib\logging\__init__.py", line 1154, in emit
    stream.write(msg + self.terminator)
    ~~~~~~~~~~~~^^^^^^^^^^^^^^^^^^^^^^^
UnicodeEncodeError: 'cp950' codec can't encode character '\u8d44' in position 58: illegal multibyte sequence
Call stack:
  File "<frozen runpy>", line 198, in _run_module_as_main
  File "<frozen runpy>", line 88, in _run_code
  File "C:\Users\usert\AppData\Roaming\Python\Python314\site-packages\pytest\__main__.py", line 9, in <module>
    raise SystemExit(pytest.console_main())
  File "C:\Users\usert\AppData\Roaming\Python\Python314\site-packages\_pytest\config\__init__.py", line 223, in console_main
    code = main()
  File "C:\Users\usert\AppData\Roaming\Python\Python314\site-packages\_pytest\config\__init__.py", line 199, in main
    ret: ExitCode | int = config.hook.pytest_cmdline_main(config=config)
  File "C:\Users\usert\AppData\Roaming\Python\Python314\site-packages\pluggy\_hooks.py", line 512, in __call__
    return self._hookexec(self.name, self._hookimpls.copy(), kwargs, firstresult)
  File "C:\Users\usert\AppData\Roaming\Python\Python314\site-packages\pluggy\_manager.py", line 120, in _hookexec
    return self._inner_hookexec(hook_name, methods, kwargs, firstresult)
  File "C:\Users\usert\AppData\Roaming\Python\Python314\site-packages\pluggy\_callers.py", line 121, in _multicall
    res = hook_impl.function(*args)
  File "C:\Users\usert\AppData\Roaming\Python\Python314\site-packages\_pytest\main.py", line 365, in pytest_cmdline_main
    return wrap_session(config, _main)
  File "C:\Users\usert\AppData\Roaming\Python\Python314\site-packages\_pytest\main.py", line 318, in wrap_session
    session.exitstatus = doit(config, session) or 0
  File "C:\Users\usert\AppData\Roaming\Python\Python314\site-packages\_pytest\main.py", line 372, in _main
    config.hook.pytest_runtestloop(session=session)
  File "C:\Users\usert\AppData\Roaming\Python\Python314\site-packages\pluggy\_hooks.py", line 512, in __call__
    return self._hookexec(self.name, self._hookimpls.copy(), kwargs, firstresult)
  File "C:\Users\usert\AppData\Roaming\Python\Python314\site-packages\pluggy\_manager.py", line 120, in _hookexec
    return self._inner_hookexec(hook_name, methods, kwargs, firstresult)
  File "C:\Users\usert\AppData\Roaming\Python\Python314\site-packages\pluggy\_callers.py", line 121, in _multicall
    res = hook_impl.function(*args)
  File "C:\Users\usert\AppData\Roaming\Python\Python314\site-packages\_pytest\main.py", line 396, in pytest_runtestloop
    item.config.hook.pytest_runtest_protocol(item=item, nextitem=nextitem)
  File "C:\Users\usert\AppData\Roaming\Python\Python314\site-packages\pluggy\_hooks.py", line 512, in __call__
    return self._hookexec(self.name, self._hookimpls.copy(), kwargs, firstresult)
  File "C:\Users\usert\AppData\Roaming\Python\Python314\site-packages\pluggy\_manager.py", line 120, in _hookexec
    return self._inner_hookexec(hook_name, methods, kwargs, firstresult)
  File "C:\Users\usert\AppData\Roaming\Python\Python314\site-packages\pluggy\_callers.py", line 121, in _multicall
    res = hook_impl.function(*args)
  File "C:\Users\usert\AppData\Roaming\Python\Python314\site-packages\_pytest\runner.py", line 118, in pytest_runtest_protocol
    runtestprotocol(item, nextitem=nextitem)
  File "C:\Users\usert\AppData\Roaming\Python\Python314\site-packages\_pytest\runner.py", line 137, in runtestprotocol
    reports.append(call_and_report(item, "call", log))
  File "C:\Users\usert\AppData\Roaming\Python\Python314\site-packages\_pytest\runner.py", line 244, in call_and_report
    call = CallInfo.from_call(
  File "C:\Users\usert\AppData\Roaming\Python\Python314\site-packages\_pytest\runner.py", line 353, in from_call
    result: TResult | None = func()
  File "C:\Users\usert\AppData\Roaming\Python\Python314\site-packages\_pytest\runner.py", line 245, in <lambda>
    lambda: runtest_hook(item=item, **kwds),
  File "C:\Users\usert\AppData\Roaming\Python\Python314\site-packages\pluggy\_hooks.py", line 512, in __call__
    return self._hookexec(self.name, self._hookimpls.copy(), kwargs, firstresult)
  File "C:\Users\usert\AppData\Roaming\Python\Python314\site-packages\pluggy\_manager.py", line 120, in _hookexec
    return self._inner_hookexec(hook_name, methods, kwargs, firstresult)
  File "C:\Users\usert\AppData\Roaming\Python\Python314\site-packages\pluggy\_callers.py", line 121, in _multicall
    res = hook_impl.function(*args)
  File "C:\Users\usert\AppData\Roaming\Python\Python314\site-packages\_pytest\runner.py", line 179, in pytest_runtest_call
    item.runtest()
  File "C:\Users\usert\AppData\Roaming\Python\Python314\site-packages\_pytest\python.py", line 1720, in runtest
    self.ihook.pytest_pyfunc_call(pyfuncitem=self)
  File "C:\Users\usert\AppData\Roaming\Python\Python314\site-packages\pluggy\_hooks.py", line 512, in __call__
    return self._hookexec(self.name, self._hookimpls.copy(), kwargs, firstresult)
  File "C:\Users\usert\AppData\Roaming\Python\Python314\site-packages\pluggy\_manager.py", line 120, in _hookexec
    return self._inner_hookexec(hook_name, methods, kwargs, firstresult)
  File "C:\Users\usert\AppData\Roaming\Python\Python314\site-packages\pluggy\_callers.py", line 121, in _multicall
    res = hook_impl.function(*args)
  File "C:\Users\usert\AppData\Roaming\Python\Python314\site-packages\_pytest\python.py", line 166, in pytest_pyfunc_call
    result = testfunction(**testargs)
  File "D:\nxwitness-demo\tests\test_runner.py", line 137, in test_main_flow
    translator.execute(flow_name, injected_params=step['params'])
  File "D:\nxwitness-demo\engine\step_translator.py", line 61, in execute
    return method(**(injected_params or {}))
  File "D:\nxwitness-demo\actions\nx_poc_actions.py", line 1272, in run_review_recording_playback_step
    if not self.nx_cloud_web_page.click_view_tab():
  File "D:\nxwitness-demo\pages\web\nx_cloud_web_page.py", line 760, in click_view_tab
    self.logger.warning(f"[NX_CLOUD_WEB] [DEBUG]   ¤¸¯À {i}: Tag={elem.tag_name}, Text='{elem.text[:50]}', Visible={elem.is_displayed()}")
Message: "[NX_CLOUD_WEB] [DEBUG]   ¤¸¯À 0: Tag=html, Text='SITES\n\u8d44·½\nCHENGLUN F.\nLAPTOP-QRJN5735\n¬d¬Ý\n\u4e66\u7b7e\n\u8bbe¸m\n«H®§\n\u76d1', Visible=True"
Arguments: ()
--- Logging error ---
Traceback (most recent call last):
  File "D:\nxwitness-demo\pages\web\nx_cloud_web_page.py", line 745, in click_view_tab
    view_tab = self.wait.until(
        EC.element_to_be_clickable((By.XPATH, xpath))
    )
  File "C:\Users\usert\AppData\Roaming\Python\Python314\site-packages\selenium\webdriver\support\wait.py", line 122, in until
    raise TimeoutException(message, screen, stacktrace)
selenium.common.exceptions.TimeoutException: Message: 
Stacktrace:
Symbols not available. Dumping unresolved backtrace:
	0x6a7d13
	0x6a7d54
	0x4cb290
	0x5156ea
	0x51598b
	0x557912
	0x538004
	0x555111
	0x537d56
	0x5094d9
	0x50a294
	0x91bb64
	0x917215
	0x933fad
	0x6c1ef8
	0x6c9b0d
	0x6b0738
	0x6b0902
	0x69a1da
	0x76445d49
	0x774fd5db
	0x774fd561


During handling of the above exception, another exception occurred:

Traceback (most recent call last):
  File "C:\Python314\Lib\logging\__init__.py", line 1154, in emit
    stream.write(msg + self.terminator)
    ~~~~~~~~~~~~^^^^^^^^^^^^^^^^^^^^^^^
UnicodeEncodeError: 'cp950' codec can't encode character '\u8d44' in position 58: illegal multibyte sequence
Call stack:
  File "<frozen runpy>", line 198, in _run_module_as_main
  File "<frozen runpy>", line 88, in _run_code
  File "C:\Users\usert\AppData\Roaming\Python\Python314\site-packages\pytest\__main__.py", line 9, in <module>
    raise SystemExit(pytest.console_main())
  File "C:\Users\usert\AppData\Roaming\Python\Python314\site-packages\_pytest\config\__init__.py", line 223, in console_main
    code = main()
  File "C:\Users\usert\AppData\Roaming\Python\Python314\site-packages\_pytest\config\__init__.py", line 199, in main
    ret: ExitCode | int = config.hook.pytest_cmdline_main(config=config)
  File "C:\Users\usert\AppData\Roaming\Python\Python314\site-packages\pluggy\_hooks.py", line 512, in __call__
    return self._hookexec(self.name, self._hookimpls.copy(), kwargs, firstresult)
  File "C:\Users\usert\AppData\Roaming\Python\Python314\site-packages\pluggy\_manager.py", line 120, in _hookexec
    return self._inner_hookexec(hook_name, methods, kwargs, firstresult)
  File "C:\Users\usert\AppData\Roaming\Python\Python314\site-packages\pluggy\_callers.py", line 121, in _multicall
    res = hook_impl.function(*args)
  File "C:\Users\usert\AppData\Roaming\Python\Python314\site-packages\_pytest\main.py", line 365, in pytest_cmdline_main
    return wrap_session(config, _main)
  File "C:\Users\usert\AppData\Roaming\Python\Python314\site-packages\_pytest\main.py", line 318, in wrap_session
    session.exitstatus = doit(config, session) or 0
  File "C:\Users\usert\AppData\Roaming\Python\Python314\site-packages\_pytest\main.py", line 372, in _main
    config.hook.pytest_runtestloop(session=session)
  File "C:\Users\usert\AppData\Roaming\Python\Python314\site-packages\pluggy\_hooks.py", line 512, in __call__
    return self._hookexec(self.name, self._hookimpls.copy(), kwargs, firstresult)
  File "C:\Users\usert\AppData\Roaming\Python\Python314\site-packages\pluggy\_manager.py", line 120, in _hookexec
    return self._inner_hookexec(hook_name, methods, kwargs, firstresult)
  File "C:\Users\usert\AppData\Roaming\Python\Python314\site-packages\pluggy\_callers.py", line 121, in _multicall
    res = hook_impl.function(*args)
  File "C:\Users\usert\AppData\Roaming\Python\Python314\site-packages\_pytest\main.py", line 396, in pytest_runtestloop
    item.config.hook.pytest_runtest_protocol(item=item, nextitem=nextitem)
  File "C:\Users\usert\AppData\Roaming\Python\Python314\site-packages\pluggy\_hooks.py", line 512, in __call__
    return self._hookexec(self.name, self._hookimpls.copy(), kwargs, firstresult)
  File "C:\Users\usert\AppData\Roaming\Python\Python314\site-packages\pluggy\_manager.py", line 120, in _hookexec
    return self._inner_hookexec(hook_name, methods, kwargs, firstresult)
  File "C:\Users\usert\AppData\Roaming\Python\Python314\site-packages\pluggy\_callers.py", line 121, in _multicall
    res = hook_impl.function(*args)
  File "C:\Users\usert\AppData\Roaming\Python\Python314\site-packages\_pytest\runner.py", line 118, in pytest_runtest_protocol
    runtestprotocol(item, nextitem=nextitem)
  File "C:\Users\usert\AppData\Roaming\Python\Python314\site-packages\_pytest\runner.py", line 137, in runtestprotocol
    reports.append(call_and_report(item, "call", log))
  File "C:\Users\usert\AppData\Roaming\Python\Python314\site-packages\_pytest\runner.py", line 244, in call_and_report
    call = CallInfo.from_call(
  File "C:\Users\usert\AppData\Roaming\Python\Python314\site-packages\_pytest\runner.py", line 353, in from_call
    result: TResult | None = func()
  File "C:\Users\usert\AppData\Roaming\Python\Python314\site-packages\_pytest\runner.py", line 245, in <lambda>
    lambda: runtest_hook(item=item, **kwds),
  File "C:\Users\usert\AppData\Roaming\Python\Python314\site-packages\pluggy\_hooks.py", line 512, in __call__
    return self._hookexec(self.name, self._hookimpls.copy(), kwargs, firstresult)
  File "C:\Users\usert\AppData\Roaming\Python\Python314\site-packages\pluggy\_manager.py", line 120, in _hookexec
    return self._inner_hookexec(hook_name, methods, kwargs, firstresult)
  File "C:\Users\usert\AppData\Roaming\Python\Python314\site-packages\pluggy\_callers.py", line 121, in _multicall
    res = hook_impl.function(*args)
  File "C:\Users\usert\AppData\Roaming\Python\Python314\site-packages\_pytest\runner.py", line 179, in pytest_runtest_call
    item.runtest()
  File "C:\Users\usert\AppData\Roaming\Python\Python314\site-packages\_pytest\python.py", line 1720, in runtest
    self.ihook.pytest_pyfunc_call(pyfuncitem=self)
  File "C:\Users\usert\AppData\Roaming\Python\Python314\site-packages\pluggy\_hooks.py", line 512, in __call__
    return self._hookexec(self.name, self._hookimpls.copy(), kwargs, firstresult)
  File "C:\Users\usert\AppData\Roaming\Python\Python314\site-packages\pluggy\_manager.py", line 120, in _hookexec
    return self._inner_hookexec(hook_name, methods, kwargs, firstresult)
  File "C:\Users\usert\AppData\Roaming\Python\Python314\site-packages\pluggy\_callers.py", line 121, in _multicall
    res = hook_impl.function(*args)
  File "C:\Users\usert\AppData\Roaming\Python\Python314\site-packages\_pytest\python.py", line 166, in pytest_pyfunc_call
    result = testfunction(**testargs)
  File "D:\nxwitness-demo\tests\test_runner.py", line 137, in test_main_flow
    translator.execute(flow_name, injected_params=step['params'])
  File "D:\nxwitness-demo\engine\step_translator.py", line 61, in execute
    return method(**(injected_params or {}))
  File "D:\nxwitness-demo\actions\nx_poc_actions.py", line 1272, in run_review_recording_playback_step
    if not self.nx_cloud_web_page.click_view_tab():
  File "D:\nxwitness-demo\pages\web\nx_cloud_web_page.py", line 760, in click_view_tab
    self.logger.warning(f"[NX_CLOUD_WEB] [DEBUG]   ¤¸¯À {i}: Tag={elem.tag_name}, Text='{elem.text[:50]}', Visible={elem.is_displayed()}")
Message: "[NX_CLOUD_WEB] [DEBUG]   ¤¸¯À 1: Tag=body, Text='SITES\n\u8d44·½\nCHENGLUN F.\nLAPTOP-QRJN5735\n¬d¬Ý\n\u4e66\u7b7e\n\u8bbe¸m\n«H®§\n\u76d1', Visible=True"
Arguments: ()
--- Logging error ---
Traceback (most recent call last):
  File "D:\nxwitness-demo\pages\web\nx_cloud_web_page.py", line 745, in click_view_tab
    view_tab = self.wait.until(
        EC.element_to_be_clickable((By.XPATH, xpath))
    )
  File "C:\Users\usert\AppData\Roaming\Python\Python314\site-packages\selenium\webdriver\support\wait.py", line 122, in until
    raise TimeoutException(message, screen, stacktrace)
selenium.common.exceptions.TimeoutException: Message: 
Stacktrace:
Symbols not available. Dumping unresolved backtrace:
	0x6a7d13
	0x6a7d54
	0x4cb290
	0x5156ea
	0x51598b
	0x557912
	0x538004
	0x555111
	0x537d56
	0x5094d9
	0x50a294
	0x91bb64
	0x917215
	0x933fad
	0x6c1ef8
	0x6c9b0d
	0x6b0738
	0x6b0902
	0x69a1da
	0x76445d49
	0x774fd5db
	0x774fd561


During handling of the above exception, another exception occurred:

Traceback (most recent call last):
  File "C:\Python314\Lib\logging\__init__.py", line 1154, in emit
    stream.write(msg + self.terminator)
    ~~~~~~~~~~~~^^^^^^^^^^^^^^^^^^^^^^^
UnicodeEncodeError: 'cp950' codec can't encode character '\u8d44' in position 60: illegal multibyte sequence
Call stack:
  File "<frozen runpy>", line 198, in _run_module_as_main
  File "<frozen runpy>", line 88, in _run_code
  File "C:\Users\usert\AppData\Roaming\Python\Python314\site-packages\pytest\__main__.py", line 9, in <module>
    raise SystemExit(pytest.console_main())
  File "C:\Users\usert\AppData\Roaming\Python\Python314\site-packages\_pytest\config\__init__.py", line 223, in console_main
    code = main()
  File "C:\Users\usert\AppData\Roaming\Python\Python314\site-packages\_pytest\config\__init__.py", line 199, in main
    ret: ExitCode | int = config.hook.pytest_cmdline_main(config=config)
  File "C:\Users\usert\AppData\Roaming\Python\Python314\site-packages\pluggy\_hooks.py", line 512, in __call__
    return self._hookexec(self.name, self._hookimpls.copy(), kwargs, firstresult)
  File "C:\Users\usert\AppData\Roaming\Python\Python314\site-packages\pluggy\_manager.py", line 120, in _hookexec
    return self._inner_hookexec(hook_name, methods, kwargs, firstresult)
  File "C:\Users\usert\AppData\Roaming\Python\Python314\site-packages\pluggy\_callers.py", line 121, in _multicall
    res = hook_impl.function(*args)
  File "C:\Users\usert\AppData\Roaming\Python\Python314\site-packages\_pytest\main.py", line 365, in pytest_cmdline_main
    return wrap_session(config, _main)
  File "C:\Users\usert\AppData\Roaming\Python\Python314\site-packages\_pytest\main.py", line 318, in wrap_session
    session.exitstatus = doit(config, session) or 0
  File "C:\Users\usert\AppData\Roaming\Python\Python314\site-packages\_pytest\main.py", line 372, in _main
    config.hook.pytest_runtestloop(session=session)
  File "C:\Users\usert\AppData\Roaming\Python\Python314\site-packages\pluggy\_hooks.py", line 512, in __call__
    return self._hookexec(self.name, self._hookimpls.copy(), kwargs, firstresult)
  File "C:\Users\usert\AppData\Roaming\Python\Python314\site-packages\pluggy\_manager.py", line 120, in _hookexec
    return self._inner_hookexec(hook_name, methods, kwargs, firstresult)
  File "C:\Users\usert\AppData\Roaming\Python\Python314\site-packages\pluggy\_callers.py", line 121, in _multicall
    res = hook_impl.function(*args)
  File "C:\Users\usert\AppData\Roaming\Python\Python314\site-packages\_pytest\main.py", line 396, in pytest_runtestloop
    item.config.hook.pytest_runtest_protocol(item=item, nextitem=nextitem)
  File "C:\Users\usert\AppData\Roaming\Python\Python314\site-packages\pluggy\_hooks.py", line 512, in __call__
    return self._hookexec(self.name, self._hookimpls.copy(), kwargs, firstresult)
  File "C:\Users\usert\AppData\Roaming\Python\Python314\site-packages\pluggy\_manager.py", line 120, in _hookexec
    return self._inner_hookexec(hook_name, methods, kwargs, firstresult)
  File "C:\Users\usert\AppData\Roaming\Python\Python314\site-packages\pluggy\_callers.py", line 121, in _multicall
    res = hook_impl.function(*args)
  File "C:\Users\usert\AppData\Roaming\Python\Python314\site-packages\_pytest\runner.py", line 118, in pytest_runtest_protocol
    runtestprotocol(item, nextitem=nextitem)
  File "C:\Users\usert\AppData\Roaming\Python\Python314\site-packages\_pytest\runner.py", line 137, in runtestprotocol
    reports.append(call_and_report(item, "call", log))
  File "C:\Users\usert\AppData\Roaming\Python\Python314\site-packages\_pytest\runner.py", line 244, in call_and_report
    call = CallInfo.from_call(
  File "C:\Users\usert\AppData\Roaming\Python\Python314\site-packages\_pytest\runner.py", line 353, in from_call
    result: TResult | None = func()
  File "C:\Users\usert\AppData\Roaming\Python\Python314\site-packages\_pytest\runner.py", line 245, in <lambda>
    lambda: runtest_hook(item=item, **kwds),
  File "C:\Users\usert\AppData\Roaming\Python\Python314\site-packages\pluggy\_hooks.py", line 512, in __call__
    return self._hookexec(self.name, self._hookimpls.copy(), kwargs, firstresult)
  File "C:\Users\usert\AppData\Roaming\Python\Python314\site-packages\pluggy\_manager.py", line 120, in _hookexec
    return self._inner_hookexec(hook_name, methods, kwargs, firstresult)
  File "C:\Users\usert\AppData\Roaming\Python\Python314\site-packages\pluggy\_callers.py", line 121, in _multicall
    res = hook_impl.function(*args)
  File "C:\Users\usert\AppData\Roaming\Python\Python314\site-packages\_pytest\runner.py", line 179, in pytest_runtest_call
    item.runtest()
  File "C:\Users\usert\AppData\Roaming\Python\Python314\site-packages\_pytest\python.py", line 1720, in runtest
    self.ihook.pytest_pyfunc_call(pyfuncitem=self)
  File "C:\Users\usert\AppData\Roaming\Python\Python314\site-packages\pluggy\_hooks.py", line 512, in __call__
    return self._hookexec(self.name, self._hookimpls.copy(), kwargs, firstresult)
  File "C:\Users\usert\AppData\Roaming\Python\Python314\site-packages\pluggy\_manager.py", line 120, in _hookexec
    return self._inner_hookexec(hook_name, methods, kwargs, firstresult)
  File "C:\Users\usert\AppData\Roaming\Python\Python314\site-packages\pluggy\_callers.py", line 121, in _multicall
    res = hook_impl.function(*args)
  File "C:\Users\usert\AppData\Roaming\Python\Python314\site-packages\_pytest\python.py", line 166, in pytest_pyfunc_call
    result = testfunction(**testargs)
  File "D:\nxwitness-demo\tests\test_runner.py", line 137, in test_main_flow
    translator.execute(flow_name, injected_params=step['params'])
  File "D:\nxwitness-demo\engine\step_translator.py", line 61, in execute
    return method(**(injected_params or {}))
  File "D:\nxwitness-demo\actions\nx_poc_actions.py", line 1272, in run_review_recording_playback_step
    if not self.nx_cloud_web_page.click_view_tab():
  File "D:\nxwitness-demo\pages\web\nx_cloud_web_page.py", line 760, in click_view_tab
    self.logger.warning(f"[NX_CLOUD_WEB] [DEBUG]   ¤¸¯À {i}: Tag={elem.tag_name}, Text='{elem.text[:50]}', Visible={elem.is_displayed()}")
Message: "[NX_CLOUD_WEB] [DEBUG]   ¤¸¯À 2: Tag=nx-app, Text='SITES\n\u8d44·½\nCHENGLUN F.\nLAPTOP-QRJN5735\n¬d¬Ý\n\u4e66\u7b7e\n\u8bbe¸m\n«H®§\n\u76d1', Visible=True"
Arguments: ()
--- Logging error ---
Traceback (most recent call last):
  File "D:\nxwitness-demo\pages\web\nx_cloud_web_page.py", line 745, in click_view_tab
    view_tab = self.wait.until(
        EC.element_to_be_clickable((By.XPATH, xpath))
    )
  File "C:\Users\usert\AppData\Roaming\Python\Python314\site-packages\selenium\webdriver\support\wait.py", line 122, in until
    raise TimeoutException(message, screen, stacktrace)
selenium.common.exceptions.TimeoutException: Message: 
Stacktrace:
Symbols not available. Dumping unresolved backtrace:
	0x6a7d13
	0x6a7d54
	0x4cb290
	0x5156ea
	0x51598b
	0x557912
	0x538004
	0x555111
	0x537d56
	0x5094d9
	0x50a294
	0x91bb64
	0x917215
	0x933fad
	0x6c1ef8
	0x6c9b0d
	0x6b0738
	0x6b0902
	0x69a1da
	0x76445d49
	0x774fd5db
	0x774fd561


During handling of the above exception, another exception occurred:

Traceback (most recent call last):
  File "C:\Python314\Lib\logging\__init__.py", line 1154, in emit
    stream.write(msg + self.terminator)
    ~~~~~~~~~~~~^^^^^^^^^^^^^^^^^^^^^^^
UnicodeEncodeError: 'cp950' codec can't encode character '\u8d44' in position 69: illegal multibyte sequence
Call stack:
  File "<frozen runpy>", line 198, in _run_module_as_main
  File "<frozen runpy>", line 88, in _run_code
  File "C:\Users\usert\AppData\Roaming\Python\Python314\site-packages\pytest\__main__.py", line 9, in <module>
    raise SystemExit(pytest.console_main())
  File "C:\Users\usert\AppData\Roaming\Python\Python314\site-packages\_pytest\config\__init__.py", line 223, in console_main
    code = main()
  File "C:\Users\usert\AppData\Roaming\Python\Python314\site-packages\_pytest\config\__init__.py", line 199, in main
    ret: ExitCode | int = config.hook.pytest_cmdline_main(config=config)
  File "C:\Users\usert\AppData\Roaming\Python\Python314\site-packages\pluggy\_hooks.py", line 512, in __call__
    return self._hookexec(self.name, self._hookimpls.copy(), kwargs, firstresult)
  File "C:\Users\usert\AppData\Roaming\Python\Python314\site-packages\pluggy\_manager.py", line 120, in _hookexec
    return self._inner_hookexec(hook_name, methods, kwargs, firstresult)
  File "C:\Users\usert\AppData\Roaming\Python\Python314\site-packages\pluggy\_callers.py", line 121, in _multicall
    res = hook_impl.function(*args)
  File "C:\Users\usert\AppData\Roaming\Python\Python314\site-packages\_pytest\main.py", line 365, in pytest_cmdline_main
    return wrap_session(config, _main)
  File "C:\Users\usert\AppData\Roaming\Python\Python314\site-packages\_pytest\main.py", line 318, in wrap_session
    session.exitstatus = doit(config, session) or 0
  File "C:\Users\usert\AppData\Roaming\Python\Python314\site-packages\_pytest\main.py", line 372, in _main
    config.hook.pytest_runtestloop(session=session)
  File "C:\Users\usert\AppData\Roaming\Python\Python314\site-packages\pluggy\_hooks.py", line 512, in __call__
    return self._hookexec(self.name, self._hookimpls.copy(), kwargs, firstresult)
  File "C:\Users\usert\AppData\Roaming\Python\Python314\site-packages\pluggy\_manager.py", line 120, in _hookexec
    return self._inner_hookexec(hook_name, methods, kwargs, firstresult)
  File "C:\Users\usert\AppData\Roaming\Python\Python314\site-packages\pluggy\_callers.py", line 121, in _multicall
    res = hook_impl.function(*args)
  File "C:\Users\usert\AppData\Roaming\Python\Python314\site-packages\_pytest\main.py", line 396, in pytest_runtestloop
    item.config.hook.pytest_runtest_protocol(item=item, nextitem=nextitem)
  File "C:\Users\usert\AppData\Roaming\Python\Python314\site-packages\pluggy\_hooks.py", line 512, in __call__
    return self._hookexec(self.name, self._hookimpls.copy(), kwargs, firstresult)
  File "C:\Users\usert\AppData\Roaming\Python\Python314\site-packages\pluggy\_manager.py", line 120, in _hookexec
    return self._inner_hookexec(hook_name, methods, kwargs, firstresult)
  File "C:\Users\usert\AppData\Roaming\Python\Python314\site-packages\pluggy\_callers.py", line 121, in _multicall
    res = hook_impl.function(*args)
  File "C:\Users\usert\AppData\Roaming\Python\Python314\site-packages\_pytest\runner.py", line 118, in pytest_runtest_protocol
    runtestprotocol(item, nextitem=nextitem)
  File "C:\Users\usert\AppData\Roaming\Python\Python314\site-packages\_pytest\runner.py", line 137, in runtestprotocol
    reports.append(call_and_report(item, "call", log))
  File "C:\Users\usert\AppData\Roaming\Python\Python314\site-packages\_pytest\runner.py", line 244, in call_and_report
    call = CallInfo.from_call(
  File "C:\Users\usert\AppData\Roaming\Python\Python314\site-packages\_pytest\runner.py", line 353, in from_call
    result: TResult | None = func()
  File "C:\Users\usert\AppData\Roaming\Python\Python314\site-packages\_pytest\runner.py", line 245, in <lambda>
    lambda: runtest_hook(item=item, **kwds),
  File "C:\Users\usert\AppData\Roaming\Python\Python314\site-packages\pluggy\_hooks.py", line 512, in __call__
    return self._hookexec(self.name, self._hookimpls.copy(), kwargs, firstresult)
  File "C:\Users\usert\AppData\Roaming\Python\Python314\site-packages\pluggy\_manager.py", line 120, in _hookexec
    return self._inner_hookexec(hook_name, methods, kwargs, firstresult)
  File "C:\Users\usert\AppData\Roaming\Python\Python314\site-packages\pluggy\_callers.py", line 121, in _multicall
    res = hook_impl.function(*args)
  File "C:\Users\usert\AppData\Roaming\Python\Python314\site-packages\_pytest\runner.py", line 179, in pytest_runtest_call
    item.runtest()
  File "C:\Users\usert\AppData\Roaming\Python\Python314\site-packages\_pytest\python.py", line 1720, in runtest
    self.ihook.pytest_pyfunc_call(pyfuncitem=self)
  File "C:\Users\usert\AppData\Roaming\Python\Python314\site-packages\pluggy\_hooks.py", line 512, in __call__
    return self._hookexec(self.name, self._hookimpls.copy(), kwargs, firstresult)
  File "C:\Users\usert\AppData\Roaming\Python\Python314\site-packages\pluggy\_manager.py", line 120, in _hookexec
    return self._inner_hookexec(hook_name, methods, kwargs, firstresult)
  File "C:\Users\usert\AppData\Roaming\Python\Python314\site-packages\pluggy\_callers.py", line 121, in _multicall
    res = hook_impl.function(*args)
  File "C:\Users\usert\AppData\Roaming\Python\Python314\site-packages\_pytest\python.py", line 166, in pytest_pyfunc_call
    result = testfunction(**testargs)
  File "D:\nxwitness-demo\tests\test_runner.py", line 137, in test_main_flow
    translator.execute(flow_name, injected_params=step['params'])
  File "D:\nxwitness-demo\engine\step_translator.py", line 61, in execute
    return method(**(injected_params or {}))
  File "D:\nxwitness-demo\actions\nx_poc_actions.py", line 1272, in run_review_recording_playback_step
    if not self.nx_cloud_web_page.click_view_tab():
  File "D:\nxwitness-demo\pages\web\nx_cloud_web_page.py", line 760, in click_view_tab
    self.logger.warning(f"[NX_CLOUD_WEB] [DEBUG]   ¤¸¯À {i}: Tag={elem.tag_name}, Text='{elem.text[:50]}', Visible={elem.is_displayed()}")
Message: "[NX_CLOUD_WEB] [DEBUG]   ¤¸¯À 3: Tag=nx-legacy-cloud, Text='SITES\n\u8d44·½\nCHENGLUN F.\nLAPTOP-QRJN5735\n¬d¬Ý\n\u4e66\u7b7e\n\u8bbe¸m\n«H®§\n\u76d1', Visible=True"
Arguments: ()
--- Logging error ---
Traceback (most recent call last):
  File "D:\nxwitness-demo\pages\web\nx_cloud_web_page.py", line 745, in click_view_tab
    view_tab = self.wait.until(
        EC.element_to_be_clickable((By.XPATH, xpath))
    )
  File "C:\Users\usert\AppData\Roaming\Python\Python314\site-packages\selenium\webdriver\support\wait.py", line 122, in until
    raise TimeoutException(message, screen, stacktrace)
selenium.common.exceptions.TimeoutException: Message: 
Stacktrace:
Symbols not available. Dumping unresolved backtrace:
	0x6a7d13
	0x6a7d54
	0x4cb290
	0x5156ea
	0x51598b
	0x557912
	0x538004
	0x555111
	0x537d56
	0x5094d9
	0x50a294
	0x91bb64
	0x917215
	0x933fad
	0x6c1ef8
	0x6c9b0d
	0x6b0738
	0x6b0902
	0x69a1da
	0x76445d49
	0x774fd5db
	0x774fd561


During handling of the above exception, another exception occurred:

Traceback (most recent call last):
  File "C:\Python314\Lib\logging\__init__.py", line 1154, in emit
    stream.write(msg + self.terminator)
    ~~~~~~~~~~~~^^^^^^^^^^^^^^^^^^^^^^^
UnicodeEncodeError: 'cp950' codec can't encode character '\u8d44' in position 57: illegal multibyte sequence
Call stack:
  File "<frozen runpy>", line 198, in _run_module_as_main
  File "<frozen runpy>", line 88, in _run_code
  File "C:\Users\usert\AppData\Roaming\Python\Python314\site-packages\pytest\__main__.py", line 9, in <module>
    raise SystemExit(pytest.console_main())
  File "C:\Users\usert\AppData\Roaming\Python\Python314\site-packages\_pytest\config\__init__.py", line 223, in console_main
    code = main()
  File "C:\Users\usert\AppData\Roaming\Python\Python314\site-packages\_pytest\config\__init__.py", line 199, in main
    ret: ExitCode | int = config.hook.pytest_cmdline_main(config=config)
  File "C:\Users\usert\AppData\Roaming\Python\Python314\site-packages\pluggy\_hooks.py", line 512, in __call__
    return self._hookexec(self.name, self._hookimpls.copy(), kwargs, firstresult)
  File "C:\Users\usert\AppData\Roaming\Python\Python314\site-packages\pluggy\_manager.py", line 120, in _hookexec
    return self._inner_hookexec(hook_name, methods, kwargs, firstresult)
  File "C:\Users\usert\AppData\Roaming\Python\Python314\site-packages\pluggy\_callers.py", line 121, in _multicall
    res = hook_impl.function(*args)
  File "C:\Users\usert\AppData\Roaming\Python\Python314\site-packages\_pytest\main.py", line 365, in pytest_cmdline_main
    return wrap_session(config, _main)
  File "C:\Users\usert\AppData\Roaming\Python\Python314\site-packages\_pytest\main.py", line 318, in wrap_session
    session.exitstatus = doit(config, session) or 0
  File "C:\Users\usert\AppData\Roaming\Python\Python314\site-packages\_pytest\main.py", line 372, in _main
    config.hook.pytest_runtestloop(session=session)
  File "C:\Users\usert\AppData\Roaming\Python\Python314\site-packages\pluggy\_hooks.py", line 512, in __call__
    return self._hookexec(self.name, self._hookimpls.copy(), kwargs, firstresult)
  File "C:\Users\usert\AppData\Roaming\Python\Python314\site-packages\pluggy\_manager.py", line 120, in _hookexec
    return self._inner_hookexec(hook_name, methods, kwargs, firstresult)
  File "C:\Users\usert\AppData\Roaming\Python\Python314\site-packages\pluggy\_callers.py", line 121, in _multicall
    res = hook_impl.function(*args)
  File "C:\Users\usert\AppData\Roaming\Python\Python314\site-packages\_pytest\main.py", line 396, in pytest_runtestloop
    item.config.hook.pytest_runtest_protocol(item=item, nextitem=nextitem)
  File "C:\Users\usert\AppData\Roaming\Python\Python314\site-packages\pluggy\_hooks.py", line 512, in __call__
    return self._hookexec(self.name, self._hookimpls.copy(), kwargs, firstresult)
  File "C:\Users\usert\AppData\Roaming\Python\Python314\site-packages\pluggy\_manager.py", line 120, in _hookexec
    return self._inner_hookexec(hook_name, methods, kwargs, firstresult)
  File "C:\Users\usert\AppData\Roaming\Python\Python314\site-packages\pluggy\_callers.py", line 121, in _multicall
    res = hook_impl.function(*args)
  File "C:\Users\usert\AppData\Roaming\Python\Python314\site-packages\_pytest\runner.py", line 118, in pytest_runtest_protocol
    runtestprotocol(item, nextitem=nextitem)
  File "C:\Users\usert\AppData\Roaming\Python\Python314\site-packages\_pytest\runner.py", line 137, in runtestprotocol
    reports.append(call_and_report(item, "call", log))
  File "C:\Users\usert\AppData\Roaming\Python\Python314\site-packages\_pytest\runner.py", line 244, in call_and_report
    call = CallInfo.from_call(
  File "C:\Users\usert\AppData\Roaming\Python\Python314\site-packages\_pytest\runner.py", line 353, in from_call
    result: TResult | None = func()
  File "C:\Users\usert\AppData\Roaming\Python\Python314\site-packages\_pytest\runner.py", line 245, in <lambda>
    lambda: runtest_hook(item=item, **kwds),
  File "C:\Users\usert\AppData\Roaming\Python\Python314\site-packages\pluggy\_hooks.py", line 512, in __call__
    return self._hookexec(self.name, self._hookimpls.copy(), kwargs, firstresult)
  File "C:\Users\usert\AppData\Roaming\Python\Python314\site-packages\pluggy\_manager.py", line 120, in _hookexec
    return self._inner_hookexec(hook_name, methods, kwargs, firstresult)
  File "C:\Users\usert\AppData\Roaming\Python\Python314\site-packages\pluggy\_callers.py", line 121, in _multicall
    res = hook_impl.function(*args)
  File "C:\Users\usert\AppData\Roaming\Python\Python314\site-packages\_pytest\runner.py", line 179, in pytest_runtest_call
    item.runtest()
  File "C:\Users\usert\AppData\Roaming\Python\Python314\site-packages\_pytest\python.py", line 1720, in runtest
    self.ihook.pytest_pyfunc_call(pyfuncitem=self)
  File "C:\Users\usert\AppData\Roaming\Python\Python314\site-packages\pluggy\_hooks.py", line 512, in __call__
    return self._hookexec(self.name, self._hookimpls.copy(), kwargs, firstresult)
  File "C:\Users\usert\AppData\Roaming\Python\Python314\site-packages\pluggy\_manager.py", line 120, in _hookexec
    return self._inner_hookexec(hook_name, methods, kwargs, firstresult)
  File "C:\Users\usert\AppData\Roaming\Python\Python314\site-packages\pluggy\_callers.py", line 121, in _multicall
    res = hook_impl.function(*args)
  File "C:\Users\usert\AppData\Roaming\Python\Python314\site-packages\_pytest\python.py", line 166, in pytest_pyfunc_call
    result = testfunction(**testargs)
  File "D:\nxwitness-demo\tests\test_runner.py", line 137, in test_main_flow
    translator.execute(flow_name, injected_params=step['params'])
  File "D:\nxwitness-demo\engine\step_translator.py", line 61, in execute
    return method(**(injected_params or {}))
  File "D:\nxwitness-demo\actions\nx_poc_actions.py", line 1272, in run_review_recording_playback_step
    if not self.nx_cloud_web_page.click_view_tab():
  File "D:\nxwitness-demo\pages\web\nx_cloud_web_page.py", line 760, in click_view_tab
    self.logger.warning(f"[NX_CLOUD_WEB] [DEBUG]   ¤¸¯À {i}: Tag={elem.tag_name}, Text='{elem.text[:50]}', Visible={elem.is_displayed()}")
Message: "[NX_CLOUD_WEB] [DEBUG]   ¤¸¯À 4: Tag=div, Text='SITES\n\u8d44·½\nCHENGLUN F.\nLAPTOP-QRJN5735\n¬d¬Ý\n\u4e66\u7b7e\n\u8bbe¸m\n«H®§\n\u76d1', Visible=True"
Arguments: ()
>>> [CASE_2-2] [ERROR] ÂIÀ»¡u¬d¬Ý¡v­¶Ã±¥¢±Ñ
