================================================================================
æ¸¬è©¦æ¡ˆä¾‹: é–‹å•ŸéŒ„å½±åŠŸèƒ½
åŸ·è¡Œæ™‚é–“: 2026-01-20 04:05:30
åŸ·è¡Œå‘½ä»¤: C:\Python314\python.exe -m pytest D:\nxwitness-demo\tests\test_runner.py --test_name é–‹å•ŸéŒ„å½±åŠŸèƒ½ -v -s --tb=short
å·¥ä½œç›®éŒ„: D:\nxwitness-demo
================================================================================

============================= test session starts =============================
platform win32 -- Python 3.14.2, pytest-9.0.2, pluggy-1.6.0 -- C:\Python314\python.exe
cachedir: .pytest_cache
rootdir: D:\nxwitness-demo
plugins: anyio-4.12.1
collecting ... collected 1 item

tests/test_runner.py::test_main_flow[\u958b\u555f\u9304\u5f71\u529f\u80fd-steps0] >>> [DEBUG] ÀË¬dµn¿ýª¬ºA¡]¥Ø¼Ð¦øªA¾¹: LAPTOP-QRJN5735¡^
>>> [OK] ÅçÃÒ¦¨¥\¡G§ä¨ì¹w´Á¤¸¯À desktop_main/server_icon.png
>>> [OK] ¤w¦b¥Dµe­±¡AµL»Ý­«·sµn¿ý¡]¤w³q¹L¥Dµe­±¤¸¯ÀÅçÃÒ¡^
>>> [CASE_1-4] °õ¦æ Case 1-4: ¶}±Ò¿ý¼v¥\¯à¡]Äá¼v¾÷: usb_cam¡^
>>> [CLICK] ¥kÁäÂIÀ»Äá¼v¾÷: usb_cam...
>>> [DEBUG] ­­¨î·j¯Á°Ï°ì¨ì¥ª°¼­±ªO¡]Server ¤U¤è¡^: (0, 120, 576, 240)
[RIGHT_CLICK_CAMERA] ­­¨î·j¯Á°Ï°ì: (0, 120, 576, 240)
>>> [DEBUG] ¹Á¸Õ OK Script ¹Ï¹³¿ëÃÑ: D:\nxwitness-demo\res\desktop_main\usb_cam_item.png
>>> [DEBUG] OK Script ¿ëÃÑµ²ªG: True, ¤èªk: ok_script
>>> [DEBUG] OK Script ¿ëÃÑ¦¨¥\¡A¶}©lÅçÃÒ®y¼Ð...
>>> [DEBUG] ®y¼ÐÅçÃÒ³q¹L: ¥ª¤W¨¤=(39, 219), ¤¤¤ßÂI=(97, 236)¡A°õ¦æÂIÀ»...
>>> [CLICK_COORD] ¹ê»ÚÂIÀ»®y¼Ð: (97, 236), °Ê§@=¥kÁä
>>> [CLICK_COORD] ¹ê»ÚÂIÀ»®y¼Ð: (97, 236), °Ê§@=¥kÁä
[CLICK_COORD] ¹ê»ÚÂIÀ»®y¼Ð: (97, 236), °Ê§@=¥kÁä
>>> [DEBUG] ÂIÀ»°õ¦æ§¹¦¨
>>> [OK] OK_SCRIPT ¿ëÃÑ¦¨¥\¨ÃÂIÀ»: usb_cam_item.png («H¤ß: 0.99, ¯Ó®É: 193.1ms)
>>> [STAT] [®y¼Ð®w] ¤ñ¨Ò®y¼Ð: x_ratio=0.0505, y_ratio=0.1967 | µøµ¡¤Ø¤o: 1920x1200 | µ´¹ï®y¼Ð: (39, 219)
>>> [OK] ¥kÁäÂIÀ»Äá¼v¾÷¦¨¥\
================================================================================
[CLICK_MENU] ========== click_camera_settings_menu() ¤èªk³Q½Õ¥Î¡I==========
================================================================================
>>> [CLICK] ÂIÀ»¡uÄá¼v¾÷³]©w¡v¿ï³æ¶µ¥Ø...
[CLICK_MENU] ·Ç³ÆÂIÀ»¡uÄá¼v¾÷³]©w¡v¿ï³æ¶µ¥Ø...
>>> [CLICK_MENU] ­­¨î·j¯Á°Ï°ì¨ì¥kÁäµæ³æªþªñ: (288, 300, 672, 480)
[CLICK_MENU] ­­¨î·j¯Á°Ï°ì: (288, 300, 672, 480)
[CLICK_MENU] ½Õ¥Î smart_click ÂIÀ»¡uÄá¼v¾÷³]©w¡v¿ï³æ...
>>> [DEBUG] ¹Á¸Õ OK Script ¹Ï¹³¿ëÃÑ: D:\nxwitness-demo\res\desktop_main\camera_settings_menu.png
>>> [DEBUG] OK Script ¿ëÃÑµ²ªG: True, ¤èªk: ok_script
>>> [CLICK_COORD] ¹ê»ÚÂIÀ»®y¼Ð: (211, 565), °Ê§@=³æÀ»
>>> [CLICK_COORD] ¹ê»ÚÂIÀ»®y¼Ð: (211, 565), °Ê§@=³æÀ»
[CLICK_COORD] ¹ê»ÚÂIÀ»®y¼Ð: (211, 565), °Ê§@=³æÀ»
>>> [OK] OK_SCRIPT ¿ëÃÑ¦¨¥\¨ÃÂIÀ»: desktop_main/camera_settings_menu.png («H¤ß: 1.00, ¯Ó®É: 302.4ms)
>>> [STAT] [®y¼Ð®w] ¤ñ¨Ò®y¼Ð: x_ratio=0.1099, y_ratio=0.4708 | µøµ¡¤Ø¤o: 1920x1200 | µ´¹ï®y¼Ð: (211, 565)
>>> [CLICK_MENU] ·í«e©Ò¦³¥i¨£µ¡¤f: [('QA OSD', 222, 160), ('', 1, 1), ('', 1, 1), ('', 1, 1), ('', 920, 231), ('Äá¼v¾÷³]©w - usb_cam-ACER HD User Facing - Nx Witness Client', 1219, 978), ('Nx Witness Client', 1920, 1200), ('¦Û°Ê¤Æ´ú¸Õ±Ò°Ê¾¹', 1020, 924), ('test_image_recognition_debug.py - nxwitness-demo - Cursor', 1938, 1158), ('2026-01-20_04-00-35 - ÀÉ®×Á`ºÞ', 1522, 944)]
>>> [CLICK_MENU] ¥i¯àªºÄá¼v¾÷³]©wµ¡¤f: [('Äá¼v¾÷³]©w - usb_cam-ACER HD User Facing - Nx Witness Client', 1219, 978, 436, 85)]
[CLICK_MENU] ·í«e©Ò¦³¥i¨£µ¡¤f: [('QA OSD', 222, 160), ('', 1, 1), ('', 1, 1), ('', 1, 1), ('', 920, 231), ('Äá¼v¾÷³]©w - usb_cam-ACER HD User Facing - Nx Witness Client', 1219, 978), ('Nx Witness Client', 1920, 1200), ('¦Û°Ê¤Æ´ú¸Õ±Ò°Ê¾¹', 1020, 924), ('test_image_recognition_debug.py - nxwitness-demo - Cursor', 1938, 1158), ('2026-01-20_04-00-35 - ÀÉ®×Á`ºÞ', 1522, 944)]
[CLICK_MENU] ¥i¯àªºÄá¼v¾÷³]©wµ¡¤f: [('Äá¼v¾÷³]©w - usb_cam-ACER HD User Facing - Nx Witness Client', 1219, 978, 436, 85)]
>>> [OK] µøµ¡¤w¥X²{¨Ã§¹¥þªì©l¤Æ: Äá¼v¾÷³]©w (1219x978)
>>> [OK] Äá¼v¾÷³]©wµøµ¡¤w¶}±Ò
[CLICK_MENU] Äá¼v¾÷³]©wµøµ¡¤w¶}±Ò
>>> [OK] §ä¨ì¥Ø¼Ðµøµ¡: Äá¼v¾÷³]©w - usb_cam-ACER HD User Facing - Nx Witness Client (1219x978)
>>> [OK] ÅçÃÒ¦¨¥\¡G§ä¨ì¹w´Áµøµ¡ ['Äá¼v¾÷³]©w', 'Camera Settings']
[ACTION] [STEP 2] ·Ç³Æ¤Á´«¨ì¿ý¼v¤À­¶Ã±...
>>> [DEBUG] ·Ç³Æ¤Á´«¨ì¿ý¼v¤À­¶Ã±...
[ACTION] [STEP 2] ½Õ¥Î camera_page.switch_to_recording_tab()...
================================================================================
[SWITCH_TO_RECORDING_TAB] ========== switch_to_recording_tab() ¤èªk³Q½Õ¥Î¡I==========
================================================================================
>>> [SWITCH_TO_RECORDING_TAB] ¤èªk¶}©l°õ¦æ
>>> [CLICK] ÂIÀ»¡u¿ý¼v¡v¤À­¶Ã±...
>>> [CLICK] ÂIÀ»¡u¿ý»s¡v­¶ÅÒ...
[SWITCH_TAB] ·Ç³Æ¤Á´«¨ì¡u¿ý¼v¡v¤À­¶Ã±...
>>> [DEBUG] §ä¨ìÄá¼v¾÷³]©wµøµ¡: ¼ÐÃD=Äá¼v¾÷³]©w - usb_cam-ACER HD User Facing - Nx Witness Client, ¤Ø¤o=1219x978, ¦ì¸m=(436, 85)
>>> [DEBUG] µøµ¡«H®§: ¼ÐÃD=Äá¼v¾÷³]©w - usb_cam-ACER HD User Facing - Nx Witness Client, ¤Ø¤o=1219x978, ¦ì¸m=(436, 85)
>>> [DEBUG] ¹Ï¤ù¸ê·½ÀË¬d: desktop_settings/recording_tab.png ¦s¦b (§¹¾ã¸ô®|: D:\nxwitness-demo\res\desktop_settings/recording_tab.png)
>>> [DEBUG] ¤À­¶Ã±·j¯Á°Ï°ì¡]±q³»³¡°¾²¾ 30px¡A°ª«× 180px¡^: (436, 115, 1219, 180) (µøµ¡: 1219x978)
>>> [DEBUG] ¹Á¸Õ¦b¤À­¶Ã±°Ï°ì¨Ï¥Î VLM ·j¯Á: '¿ý¼v'
>>> [VLM_SCAN] [SCREENSHOT] VLM ±½´y°Ï°ìºI¹Ï¤w«O¦s: D:\nxwitness-demo\pages\logs\vlm_scan_debug\vlm_scan_recording_tab_20260120_040539_848.png
[VLM_SCAN] [SCREENSHOT] VLM ±½´y°Ï°ìºI¹Ï¤w«O¦s: D:\nxwitness-demo\pages\logs\vlm_scan_debug\vlm_scan_recording_tab_20260120_040539_848.png
[VLM_SCAN] [SCAN_REGION] ±½´y°Ï°ì: (436, 115, 1219, 180)
[VLM_SCAN] [WINDOW] µøµ¡½d³ò: (436, 85, 1219, 978)
>>> [DEBUG] VLM ±Ò¥Îª¬ºA: True
>>> [DEBUG] ªì©l¤Æ VLM: backend=ollama, model=llava
>>> [OK] VLM ¤ÞÀºªì©l¤Æ¦¨¥\ (ollama/llava)
>>> [DEBUG] Ollama ¥i¥Î¡A¤w¦w¸Ë¼Ò«¬: ["model='llava:latest' modified_at=datetime.datetime(2026, 1, 17, 17, 11, 23, 171732, tzinfo=TzInfo(28800)) digest='8dd30f6b0cb19f555f2c7a7ebda861449ea2cc76bf1f44e262931f45fc81d081' size=4733363377 details=ModelDetails(parent_model='', format='gguf', family='llama', families=['llama', 'clip'], parameter_size='7B', quantization_level='Q4_0')"]
>>> [OK] VLM ªì©l¤Æ¦¨¥\: ollama/llava
>>> [DEBUG] ¹Á¸Õ¦b¤À­¶Ã±°Ï°ì¨Ï¥Î VLM ·j¯Á: '¿ý»s'
>>> [VLM_SCAN] [SCREENSHOT] VLM ±½´y°Ï°ìºI¹Ï¤w«O¦s: D:\nxwitness-demo\pages\logs\vlm_scan_debug\vlm_scan_recording_tab_20260120_040543_559.png
[VLM_SCAN] [SCREENSHOT] VLM ±½´y°Ï°ìºI¹Ï¤w«O¦s: D:\nxwitness-demo\pages\logs\vlm_scan_debug\vlm_scan_recording_tab_20260120_040543_559.png
[VLM_SCAN] [SCAN_REGION] ±½´y°Ï°ì: (436, 115, 1219, 180)
[VLM_SCAN] [WINDOW] µøµ¡½d³ò: (436, 85, 1219, 978)
>>> ®y¼ÐÂà´««á¶W¥X­ì©lºI¹Ï½d³ò: (973, 482), ­ì©lºI¹Ï¤Ø¤o=(1219, 180)
>>> VLM ªð¦^®y¼Ð¶W¥X region ½d³ò: (973.0, 482.0), region ¤Ø¤o=(1219, 180)
>>> ÀË´ú¨ì y ®y¼Ð©úÅã¶W¥X region °ª«×¡]¶W¹L 50px¡^¡A¥i¯à¬O VLM ªð¦^¤F¬Û¹ï©ó¥þ«Ìªº®y¼Ð¡A±N©Úµ´¦¹µ²ªG
>>> [DEBUG] ¹Á¸Õ¦b¤À­¶Ã±°Ï°ì¨Ï¥Î VLM ·j¯Á: 'Recording'
>>> [VLM_SCAN] [SCREENSHOT] VLM ±½´y°Ï°ìºI¹Ï¤w«O¦s: D:\nxwitness-demo\pages\logs\vlm_scan_debug\vlm_scan_recording_tab_20260120_040546_111.png
[VLM_SCAN] [SCREENSHOT] VLM ±½´y°Ï°ìºI¹Ï¤w«O¦s: D:\nxwitness-demo\pages\logs\vlm_scan_debug\vlm_scan_recording_tab_20260120_040546_111.png
[VLM_SCAN] [SCAN_REGION] ±½´y°Ï°ì: (436, 115, 1219, 180)
[VLM_SCAN] [WINDOW] µøµ¡½d³ò: (436, 85, 1219, 978)
>>> [DEBUG] ©Ò¦³¤å¦r¿ëÃÑ¥¢±Ñ¡A¹Á¸Õ¶È¨Ï¥Î¹Ï¤ù¿ëÃÑ...
>>> [DEBUG] ¹Á¸Õ¹Ï¤ù¿ëÃÑ¦ì¸m: x_ratio=0.25, y_ratio=0.1
>>> [DEBUG] ¹Á¸Õ OK Script ¹Ï¹³¿ëÃÑ: D:\nxwitness-demo\res\desktop_settings\recording_tab.png
>>> [DEBUG] OK Script ¿ëÃÑµ²ªG: True, ¤èªk: ok_script
>>> [CLICK_COORD] ¹ê»ÚÂIÀ»®y¼Ð: (539, 145), °Ê§@=³æÀ»
>>> [CLICK_COORD] ¹ê»ÚÂIÀ»®y¼Ð: (539, 145), °Ê§@=³æÀ»
[CLICK_COORD] ¹ê»ÚÂIÀ»®y¼Ð: (539, 145), °Ê§@=³æÀ»
>>> [OK] OK_SCRIPT ¿ëÃÑ¦¨¥\¨ÃÂIÀ»: desktop_settings/recording_tab.png («H¤ß: 1.00, ¯Ó®É: 226.5ms)
>>> [STAT] [®y¼Ð®w] ¤ñ¨Ò®y¼Ð: x_ratio=0.2807, y_ratio=0.1208 | µøµ¡¤Ø¤o: 1920x1200 | µ´¹ï®y¼Ð: (539, 145)
>>> [OK] ¦¨¥\ÂIÀ»¡u¿ý»s¡v­¶ÅÒ¡]¨Ï¥Î¹Ï¤ù¿ëÃÑ, y_ratio=0.1¡^
[SWITCH_TAB] ¤wÂIÀ»¿ý¼v¤À­¶Ã±¡]¹Ï¤ù¿ëÃÑ¡^¡A·Ç³ÆÅçÃÒ...
>>> [VLM_SCAN] [SCREENSHOT] ¹ê»ÚÂIÀ»®y¼ÐºI¹Ï¤w«O¦s: D:\nxwitness-demo\pages\logs\vlm_scan_debug\image_click_after_click_recording_tab_20260120_040548_291.png
[VLM_SCAN] [SCREENSHOT] ¹ê»ÚÂIÀ»®y¼ÐºI¹Ï¤w«O¦s: D:\nxwitness-demo\pages\logs\vlm_scan_debug\image_click_after_click_recording_tab_20260120_040548_291.png
[VLM_SCAN] [CLICK_COORD] ¹ê»ÚÂIÀ»®y¼Ð: (539, 145)
[VERIFY_TAB] ¶}©lÅçÃÒ¬O§_¤w¤Á´«¨ì¿ý¼v¤À­¶Ã±...
>>> [VERIFY_TAB] ÅçÃÒ¬O§_¤w¤Á´«¨ì¿ý¼v¤À­¶Ã±¡]ÀË¬d radio-button¡^...
[VERIFY_TAB] ¹Ï¤ù¤å¥óÀË¬d: radio_n_exists=True, radio_y_exists=True
[VERIFY_TAB] ­pºâ radio ±½´y°Ï°ì: (436, 163, 426, 195)
[VERIFY_TAB] ÀË¬d radio_n.png: D:\nxwitness-demo\res\desktop_settings/radio_n.png
>>> [RADIO_VERIFY] [SCREENSHOT] Radio ±½´y°Ï°ìºI¹Ï¤w«O¦s: D:\nxwitness-demo\pages\logs\radio_verify_debug\verify_radio_n_scan_20260120_040548_872.png
[RADIO_VERIFY] [SCREENSHOT] Radio ±½´y°Ï°ìºI¹Ï¤w«O¦s: D:\nxwitness-demo\pages\logs\radio_verify_debug\verify_radio_n_scan_20260120_040548_872.png
[RADIO_VERIFY] [SCAN_REGION] ±½´y°Ï°ì: (436, 163, 426, 195)
[VERIFY_TAB] §ä¨ì radio_n.png: ¦ì¸m=(540, 209)
>>> [VERIFY_TAB] §ä¨ì radio_n.png: ¦ì¸m=(540, 209)
>>> [RADIO_VERIFY] [SCREENSHOT] Radio §ä¨ì®y¼ÐºI¹Ï¤w«O¦s: D:\nxwitness-demo\pages\logs\radio_verify_debug\verify_radio_n_found_20260120_040548_976.png
[RADIO_VERIFY] [SCREENSHOT] Radio §ä¨ì®y¼ÐºI¹Ï¤w«O¦s: D:\nxwitness-demo\pages\logs\radio_verify_debug\verify_radio_n_found_20260120_040548_976.png
[VERIFY_TAB] ÅçÃÒ¦¨¥\¡G¤w¤Á´«¨ì¿ý¼v¤À­¶Ã±¡]§ä¨ì radio-button¡^
>>> [VERIFY_TAB] ÅçÃÒ¦¨¥\¡G¤w¤Á´«¨ì¿ý¼v¤À­¶Ã±
[ACTION] [STEP 2] switch_to_recording_tab() §¹¦¨
[SWITCH_TAB] ÅçÃÒ¦¨¥\¡G¤w¤Á´«¨ì¿ý¼v¤À­¶Ã±
>>> [DEBUG] ¦¨¥\¤Á´«¨ì¿ý¼v¤À­¶Ã±
[ACTION] [STEP 3] ·Ç³Æ½Õ¥Î camera_page.enable_recording()...
>>> [ACTION] [STEP 3] ·Ç³Æ½Õ¥Î enable_recording()...
[ACTION] [STEP 3] ½Õ¥Î camera_page.enable_recording()...
================================================================================
[ENABLE_RECORDING] ========== enable_recording() ¤èªk³Q½Õ¥Î¡I==========
================================================================================
>>> ================================================================================
>>> [ENABLE_RECORDING] ========== ¶}©l¶}±Ò¿ý¼v¥\¯à ==========
>>> ================================================================================
>>> [ENABLE_RECORDING] ¶}±Ò¡u¿ý»s¡v¶}Ãö...
================================================================================
[ENABLE_RECORDING] ========== ¶}©l¶}±Ò¿ý¼v¥\¯à ==========
================================================================================
>>> [ENABLE_RECORDING] [STEP 1] ========== ¨BÆJ 1: ÀË¬d¨Ã³]¸m¥ª¤W¨¤ radio-button ¬° 'Y' ==========
>>> [ENABLE_RECORDING] [STEP 1] ¨BÆJ 1: ÀË¬d¨Ã³]¸m¥ª¤W¨¤ radio-button ¬° 'Y'...
[ENABLE_RECORDING] [STEP 1] ¶}©l°õ¦æ¨BÆJ 1: ÀË¬d¨Ã³]¸m radio-button
[ENABLE_RECORDING] [STEP 1] ½Õ¥Î check_and_set_recording_radio_y()...
>>> ================================================================================
>>> [RADIO] ========== ¶}©lÀË¬d¨Ã³]¸m radio-button ==========
>>> ================================================================================
>>> [RADIO] ÀË¬d¿ý¼v¼ÐÅÒ­¶¥ª¤W¨¤ radio-button ª¬ºA...
>>> [RADIO] [SCREENSHOT] ¶}©lÀË¬d®ÉªººI¹Ï¤w«O¦s: D:\nxwitness-demo\pages\logs\radio_debug\00_start_check_radio_20260120_040549_037.png
[RADIO] [SCREENSHOT] ¶}©lÀË¬d®ÉªººI¹Ï¤w«O¦s: D:\nxwitness-demo\pages\logs\radio_debug\00_start_check_radio_20260120_040549_037.png
[RADIO] [STEP 1-1] ÀË¬d¹Ï¤ù¤å¥ó¬O§_¦s¦b: radio_y_image_exists=True
>>> [RADIO] [STEP 1-1] ÀË¬d¹Ï¤ù¤å¥ó¬O§_¦s¦b: radio_y_image_exists=True, ¸ô®|=D:\nxwitness-demo\res\desktop_settings/radio_y.png
>>> [RADIO] [CHECK] ÀË¬d¬O§_¬° 'Y'¡]¨Ï¥Î¹Ï¤ù¿ëÃÑ¡^: desktop_settings/radio_y.png
[RADIO] [CHECK] ÀË¬d¬O§_¬° 'Y'¡]¨Ï¥Î¹Ï¤ù¿ëÃÑ¡^: desktop_settings/radio_y.png
[RADIO] [CHECK] ¨Ï¥Î pyautogui.locateOnScreen ÀË¬d 'Y' ¹Ï¤ù¡A§¹¾ã¸ô®|=D:\nxwitness-demo\res\desktop_settings/radio_y.png
>>> [RADIO] [CHECK] ÀË¬d 'Y' ¹Ï¤ù²§±`: 
Traceback (most recent call last):
  File "C:\Users\usert\AppData\Roaming\Python\Python314\site-packages\pyautogui\__init__.py", line 172, in wrapper
    return wrappedFunction(*args, **kwargs)
  File "C:\Users\usert\AppData\Roaming\Python\Python314\site-packages\pyautogui\__init__.py", line 210, in locateOnScreen
    return pyscreeze.locateOnScreen(*args, **kwargs)
           ~~~~~~~~~~~~~~~~~~~~~~~~^^^^^^^^^^^^^^^^^
  File "C:\Users\usert\AppData\Roaming\Python\Python314\site-packages\pyscreeze\__init__.py", line 405, in locateOnScreen
    retVal = locate(image, screenshotIm, **kwargs)
  File "C:\Users\usert\AppData\Roaming\Python\Python314\site-packages\pyscreeze\__init__.py", line 383, in locate
    points = tuple(locateAll(needleImage, haystackImage, **kwargs))
  File "C:\Users\usert\AppData\Roaming\Python\Python314\site-packages\pyscreeze\__init__.py", line 257, in _locateAll_opencv
    raise ImageNotFoundException('Could not locate the image (highest confidence = %.3f)' % result.max())
pyscreeze.ImageNotFoundException: Could not locate the image (highest confidence = 0.694)

During handling of the above exception, another exception occurred:

Traceback (most recent call last):
  File "D:\nxwitness-demo\pages\desktop\camera_page.py", line 643, in check_and_set_recording_radio_y
    loc = pyautogui.locateOnScreen(full_path, confidence=0.8)
  File "C:\Users\usert\AppData\Roaming\Python\Python314\site-packages\pyautogui\__init__.py", line 174, in wrapper
    raise ImageNotFoundException  # Raise PyAutoGUI's ImageNotFoundException.
    ^^^^^^^^^^^^^^^^^^^^^^^^^^^^
pyautogui.ImageNotFoundException
[RADIO] [CHECK] ÀË¬d 'Y' ¹Ï¤ù²§±`: 
[RADIO] [STEP 1-2] ÀË¬d¹Ï¤ù¤å¥ó¬O§_¦s¦b: radio_n_image_exists=True
>>> [RADIO] [STEP 1-2] ÀË¬d¹Ï¤ù¤å¥ó¬O§_¦s¦b: radio_n_image_exists=True, ¸ô®|=D:\nxwitness-demo\res\desktop_settings/radio_n.png
>>> [RADIO] [CHECK] ÀË¬d¬O§_¬° 'N'¡]¨Ï¥Î¹Ï¤ù¿ëÃÑ¡^: desktop_settings/radio_n.png
[RADIO] [CHECK] ÀË¬d¬O§_¬° 'N'¡]¨Ï¥Î¹Ï¤ù¿ëÃÑ¡^: desktop_settings/radio_n.png
[RADIO] [CHECK] ¨Ï¥Î pyautogui.locateOnScreen ÀË¬d 'N' ¹Ï¤ù¡A§¹¾ã¸ô®|=D:\nxwitness-demo\res\desktop_settings/radio_n.png
>>> [RADIO] [OK] §ä¨ì 'N' ¹Ï¤ù¿ëÃÑ: ¦ì¸m=(540, 209), °Ï°ì=Box(left=np.int64(461), top=np.int64(187), width=159, height=45)
[RADIO] §ä¨ì 'N' ¹Ï¤ù¿ëÃÑ: ¦ì¸m=(540, 209)
>>> [RADIO] §ä¨ì 'N' ¹Ï¤ù¿ëÃÑ: ¦ì¸m=(540, 209)
>>> [DEBUG_SCREENSHOT] Radio ºI¹Ï¤w«O¦s: D:\nxwitness-demo\pages\logs\radio_debug\02_found_radio_n_20260120_040549_270.png (¦ì¸m: 540, 209)
>>> [RADIO] [OK] ·í«e radio-button ¬O 'N'¡A»Ý­nÂIÀ»§ï¬° 'Y'
[RADIO] ·í«e radio-button ¬O 'N'¡A·Ç³ÆÂIÀ»§ï¬° 'Y'
>>> [RADIO] ·Ç³ÆÂIÀ» 'N' ¦ì¸m¡]ÂIÀ»«á·|¤Á´«¬° 'Y'¡^: x_ratio=0.1, y_ratio=0.15
[RADIO] ½Õ¥Î smart_click_priority_image ¨Ï¥Î radio_n.png ©w¦ì: x_ratio=0.1, y_ratio=0.15
>>> [DEBUG] ¹Á¸Õ OK Script ¹Ï¹³¿ëÃÑ: D:\nxwitness-demo\res\desktop_settings\radio_n.png
>>> [DEBUG] OK Script ¿ëÃÑµ²ªG: True, ¤èªk: ok_script
>>> [DEBUG] OK Script ¿ëÃÑ¦¨¥\¡A¶}©lÅçÃÒ®y¼Ð...
>>> [DEBUG] ®y¼ÐÅçÃÒ³q¹L: ¥ª¤W¨¤=(462, 187), ¤¤¤ßÂI=(541, 209)¡A°õ¦æÂIÀ»...
>>> [CLICK_COORD] ¹ê»ÚÂIÀ»®y¼Ð: (541, 209), °Ê§@=³æÀ»
>>> [CLICK_COORD] ¹ê»ÚÂIÀ»®y¼Ð: (541, 209), °Ê§@=³æÀ»
[CLICK_COORD] ¹ê»ÚÂIÀ»®y¼Ð: (541, 209), °Ê§@=³æÀ»
>>> [DEBUG] ÂIÀ»°õ¦æ§¹¦¨
>>> [OK] OK_SCRIPT ¿ëÃÑ¦¨¥\¨ÃÂIÀ»: radio_n.png («H¤ß: 0.99, ¯Ó®É: 330.0ms)
>>> [STAT] [®y¼Ð®w] ¤ñ¨Ò®y¼Ð: x_ratio=0.2818, y_ratio=0.1742 | µøµ¡¤Ø¤o: 1920x1200 | µ´¹ï®y¼Ð: (462, 187)
[RADIO] smart_click_priority_image ªð¦^: True
>>> [RADIO] [VERIFY] ÂIÀ»«áÅçÃÒ¬O§_¦¨¥\ÅÜ¬° 'Y'...
[RADIO] [VERIFY] ÂIÀ»«áÅçÃÒ¬O§_¦¨¥\ÅÜ¬° 'Y'...
>>> [RADIO] [VERIFY] [OK] ÅçÃÒ¦¨¥\¡G¤w¦¨¥\ÅÜ¬° 'Y'¡A¦ì¸m=(543, 206)
>>> [RADIO] [VERIFY] ÅçÃÒ¹Lµ{¤¤²§±`: 'cp950' codec can't encode character '\u2705' in position 17: illegal multibyte sequence
[RADIO] [VERIFY] ÅçÃÒ¹Lµ{¤¤²§±`: 'cp950' codec can't encode character '\u2705' in position 17: illegal multibyte sequence
>>> [RADIO] [WARN] ÅçÃÒ¥¢±Ñ¦ý°²³]¦¨¥\¡AÄ~Äò°õ¦æ
[ENABLE_RECORDING] [STEP 1] check_and_set_recording_radio_y() ªð¦^: success=True, was_already_y=False
>>> [ENABLE_RECORDING] [STEP 2] ========== ¨BÆJ 2: ¦b¿ý¼v±Æµ{ºô®æ¤W®Ø¿ï¤@­Ó½d³ò ==========
>>> [ENABLE_RECORDING] [STEP 2] ¨BÆJ 2: ¦b¿ý¼v±Æµ{ºô®æ¤W®Ø¿ï¤@­Ó½d³ò...
[ENABLE_RECORDING] [STEP 2] ¶}©l°õ¦æ¨BÆJ 2: ®Ø¿ï¿ý¼v±Æµ{½d³ò
[ENABLE_RECORDING] [STEP 2] ½Õ¥Î select_recording_schedule_range()...
>>> ================================================================================
>>> [DRAG] ========== ¶}©l®Ø¿ï¿ý¼v±Æµ{½d³ò ==========
>>> ================================================================================
>>> [DRAG] ¦b¿ý¼v±Æµ{ºô®æ¤W®Ø¿ï½d³ò...
[DRAG] ========== ¶}©l®Ø¿ï¿ý¼v±Æµ{½d³ò ==========
>>> [DRAG] ­­¨î·j¯Á°Ï°ì: (288, 120, 1344, 660) (µ¡¤f: 1920x1200)
>>> [DRAG] §ä¨ìºô®æ°Ñ¦Ò¹Ï¤ù: D:\nxwitness-demo\res\desktop_settings\schedule_grid_corner.png¡A¨Ï¥Î¹Ï¤ù¿ëÃÑ©w¦ìºô®æ°Ï°ì
>>> [DRAG] ¹Ï¤ùÃÑ§O­ì©l®y¼Ð: (466, 283), ¤èªk: ok_script, ¤Ø¤o: 1018x321
[DRAG] ¹Ï¤ùÃÑ§O­ì©l®y¼Ð: (466, 283), ¤èªk: ok_script, ¤Ø¤o: 1018x321
>>> [DRAG] ¹Ï¤ùÃÑ§O¦¨¥\: ¦ì¸m=(466, 283), ¤Ø¤o=1018x321 («Ì¹õ®y¼Ð)
[DRAG] ¹Ï¤ùÃÑ§O¦¨¥\: ¦ì¸m=(466, 283), ¤Ø¤o=1018x321 («Ì¹õ®y¼Ð)
>>> [DRAG] ¹Ï¤ù¿ëÃÑ§ä¨ìºô®æ°Ï°ì: ¦ì¸m=(466, 283), ¤Ø¤o=1018x321
>>> [DRAG] ¡u¥þ³¡¡v¦ôºâ¦ì¸m: (618, 331)
>>> [DRAG] ¹Ï¤ù¿ëÃÑ§ä¨ìºô®æ°Ï°ì: ¦ì¸m=(466, 283)¡A¤Ø¤o=1018x321¡A¦b°Ï°ì¤º¨Ï¥Î VLM ÃÑ§O¡u¥þ³¡¡v
>>> [DRAG] ¹Ï¤ùÃÑ§O½d³ò: ¥ª¤W=(466, 283), ¥k¤U=(1484, 604), ¤Ø¤o=1018x321
>>> [DRAG] VLM §ä¨ì¡u¥þ³¡¡v®y¼Ð: (618, 326)
>>> [DRAG] ¡u¥þ³¡¡v¬O§_¦b¹Ï¤ù½d³ò¤º: True
[DRAG] ¹Ï¤ùÃÑ§O½d³ò: ¥ª¤W=(466, 283), ¥k¤U=(1484, 604), ¤Ø¤o=1018x321
[DRAG] VLM §ä¨ì¡u¥þ³¡¡v®y¼Ð: (618, 326)
[DRAG] ¡u¥þ³¡¡v¬O§_¦b¹Ï¤ù½d³ò¤º: True
>>> [DRAG] [OK] ³q¹L¹Ï¤ù+VLM §ä¨ì¡u¥þ³¡¡v: (618, 326)¡Aºô®æ°_©l: (678, 361)
>>> [DRAG] ®Ø¿ï°_ÂI¬O§_¦b¹Ï¤ù½d³ò¤º: True
>>> [DRAG] ¨Ï¥Î¹Ï¤ù½d³ò­­¨î®Ø¿ï: °_©l=(678, 361), µ²§ô=(1446, 604)
[DRAG] ¨Ï¥Î¹Ï¤ù½d³ò­­¨î®Ø¿ï: °_©l=(678, 361), µ²§ô=(1446, 604)
>>> [DRAG] ®Ø¿ï°_ÂI¦b¹Ï¤ù½d³ò¤º: True, ®Ø¿ï²×ÂI¦b¹Ï¤ù½d³ò¤º: True
[DRAG] ®Ø¿ï°_ÂI¦b¹Ï¤ù½d³ò¤º: True, ®Ø¿ï²×ÂI¦b¹Ï¤ù½d³ò¤º: True
>>> [DRAG] °ò©ó¡u¥þ³¡¡v¦ì¸m­pºâºô®æ½d³ò: °_©l=(678, 361), ¦ôºâ¤Ø¤o=768x336, µ²§ô=(1446, 604)
>>> [DRAG] ®Ø¿ï°_ÂI¦³®Ä©Ê: True, ®Ø¿ï²×ÂI¦³®Ä©Ê: True
[DRAG] °ò©ó¡u¥þ³¡¡v¦ì¸m­pºâºô®æ½d³ò: °_©l=(678, 361), ¦ôºâ¤Ø¤o=768x336, µ²§ô=(1446, 604)
[DRAG] ®Ø¿ï°_ÂI¦³®Ä©Ê: True, ®Ø¿ï²×ÂI¦³®Ä©Ê: True
>>> [DRAG] ®Ø¿ï½d³ò¡]¤wÅçÃÒ¡^: °_©l=(678, 361), µ²§ô=(1446, 604)
>>> [DRAG] µøµ¡«H®§: ¼ÐÃD=Nx Witness Client, ¦ì¸m=(0, 0), ¤Ø¤o=1920x1200
>>> [DRAG] µøµ¡Ãä¬É: ¥ª=0, ¥k=1920, ¤W=0, ¤U=1200
>>> [DRAG] ®Ø¿ï½d³ò: °_©l=(678, 361), µ²§ô=(1446, 604)
>>> [DRAG] [SCREENSHOT] ©ì«ûºI¹Ï¤w«O¦s: D:\nxwitness-demo\pages\logs\drag_debug\01_before_drag_20260120_040552_750.png
[DRAG] [SCREENSHOT] ©ì«ûºI¹Ï¤w«O¦s: D:\nxwitness-demo\pages\logs\drag_debug\01_before_drag_20260120_040552_750.png
[DRAG] ®Ø¿ï½d³ò: °_©l=(678, 361), µ²§ô=(1446, 604), ¤Ø¤o=768x243
>>> [DRAG] ·Ç³Æ°õ¦æ©ì«û®Ø¿ï...
[DRAG] °õ¦æ©ì«û: (678, 361) -> (1446, 604)
>>> [DRAG] ©ì«û®y¼Ð¡]¤wÅçÃÒ¡^: °_©l=(678, 361), µ²§ô=(1446, 604)
>>> [DRAG] «Ì¹õ¤Ø¤o: 1920x1200
>>> [DRAG] ¦b°_©l¦ì¸m«ö¤U¹«¼Ð«ö¶s (left): (678, 361)
>>> [DRAG] ©ì«û¨ìµ²§ô¦ì¸m: (1446, 604)
>>> [DRAG] [OK] ¦¨¥\©ì«û®Ø¿ï½d³ò: (678, 361) -> (1446, 604)
>>> [DRAG] [SCREENSHOT] ©ì«ûºI¹Ï¤w«O¦s: D:\nxwitness-demo\pages\logs\drag_debug\02_after_drag_20260120_040555_559.png
[DRAG] [SCREENSHOT] ©ì«ûºI¹Ï¤w«O¦s: D:\nxwitness-demo\pages\logs\drag_debug\02_after_drag_20260120_040555_559.png
[DRAG] ®Ø¿ï½d³ò: °_©l=(678, 361), µ²§ô=(1446, 604), ¤Ø¤o=768x243
>>> [DRAG] [OK] ¦¨¥\®Ø¿ï¿ý¼v±Æµ{½d³ò
>>> [DRAG] [OK] ¦¨¥\®Ø¿ï¿ý¼v±Æµ{½d³ò
>>> [DRAG] ========== ®Ø¿ï¿ý¼v±Æµ{½d³ò§¹¦¨ ==========
[ENABLE_RECORDING] [STEP 2] select_recording_schedule_range() ªð¦^: True
>>> [OK] [STEP 2] ¦¨¥\¡G¤w®Ø¿ï¿ý¼v±Æµ{½d³ò
>>> [ENABLE_RECORDING] [STEP 3] ®Ø¿ï¦¨¥\¡A·Ç³ÆÂIÀ»½T»{«ö¶s
[ACTION] [STEP 3] enable_recording() §¹¦¨
================================================================================
[APPLY_CAMERA_SETTINGS] ========== apply_camera_settings() ¤èªk³Q½Õ¥Î¡I==========
================================================================================
[ENABLE_RECORDING] [STEP 3] ®Ø¿ï¦¨¥\¡A¤£»Ý­nÃB¥~ÀË¬d
>>> [APPLY_CAMERA_SETTINGS] ¤èªk¶}©l°õ¦æ
>>> [CLICK] ¶}©lÀ³¥ÎÄá¼v¾÷³]©w¡]ª½±µÂIÀ»½T»{¡^...
>>> [CLICK] ÂIÀ»¡u½T»{¡v«ö¶s...
>>> [CONFIRM] ­­¨î·j¯Á°Ï°ì¨ì©³³¡: (436, 917, 1219, 146) (µøµ¡: 1219x978)
[CONFIRM] ©³³¡·j¯Á°Ï°ì: (436, 917, 1219, 146)
>>> [VLM_SCAN] [SCREENSHOT] VLM ±½´y°Ï°ìºI¹Ï¤w«O¦s: D:\nxwitness-demo\pages\logs\vlm_scan_debug\vlm_scan_confirm_20260120_040555_968.png
[VLM_SCAN] [SCREENSHOT] VLM ±½´y°Ï°ìºI¹Ï¤w«O¦s: D:\nxwitness-demo\pages\logs\vlm_scan_debug\vlm_scan_confirm_20260120_040555_968.png
[VLM_SCAN] [SCAN_REGION] ±½´y°Ï°ì: (436, 917, 1219, 146)
[VLM_SCAN] [WINDOW] µøµ¡½d³ò: (436, 85, 1219, 978)
>>> [CONFIRM] VLM ¥¢±Ñ¡A¹Á¸Õ¨Ï¥Î¹Ï¤ù¿ëÃÑ©Î®y¼Ð«O©³
[CONFIRM] VLM ¥¢±Ñ¡A¹Á¸Õ¨Ï¥Î¹Ï¤ù¿ëÃÑ©Î®y¼Ð«O©³
>>> [CONFIRM] ¹Ï¤ù¿ëÃÑ§ä¨ì¡u½T»{¡v: ¤¤¤ßÂI=(1357, 1015)
[CONFIRM] ¹Ï¤ù¿ëÃÑ§ä¨ì¡u½T»{¡v: ¤¤¤ßÂI=(1357, 1015)
>>> [VLM_SCAN] [SCREENSHOT] ¹ê»ÚÂIÀ»®y¼ÐºI¹Ï¤w«O¦s: D:\nxwitness-demo\pages\logs\vlm_scan_debug\image_confirm_click_20260120_040558_537.png
[VLM_SCAN] [SCREENSHOT] ¹ê»ÚÂIÀ»®y¼ÐºI¹Ï¤w«O¦s: D:\nxwitness-demo\pages\logs\vlm_scan_debug\image_confirm_click_20260120_040558_537.png
[VLM_SCAN] [CLICK_COORD] ¹ê»ÚÂIÀ»®y¼Ð: (1357, 1015)
>>> [CLICK_COORD] ¹ê»ÚÂIÀ»®y¼Ð: (1357, 1015), °Ê§@=³æÀ»
>>> [CLICK_COORD] ¹ê»ÚÂIÀ»®y¼Ð: (1357, 1015), °Ê§@=³æÀ»
[CLICK_COORD] ¹ê»ÚÂIÀ»®y¼Ð: (1357, 1015), °Ê§@=³æÀ»
>>> [OK] ¦¨¥\ÂIÀ»¡u½T»{¡v«ö¶s¡]¨Ï¥Î¹Ï¤ù¿ëÃÑ¡^
>>> [OK] Case 1-4 §¹¦¨¡G¤w¶}±Ò¿ý¼v¥\¯à
