================================================================================
æ¸¬è©¦æ¡ˆä¾‹: é–‹å•ŸéŒ„å½±åŠŸèƒ½
åŸ·è¡Œæ™‚é–“: 2026-01-19 21:53:51
åŸ·è¡Œå‘½ä»¤: C:\Python314\python.exe -m pytest D:\nxwitness-demo\tests\test_runner.py --test_name é–‹å•ŸéŒ„å½±åŠŸèƒ½ -v -s --tb=short
å·¥ä½œç›®éŒ„: D:\nxwitness-demo
================================================================================

============================= test session starts =============================
platform win32 -- Python 3.14.2, pytest-9.0.2, pluggy-1.6.0 -- C:\Python314\python.exe
cachedir: .pytest_cache
rootdir: D:\nxwitness-demo
plugins: anyio-4.12.1
collecting ... collected 1 item

tests/test_runner.py::test_main_flow[\u958b\u555f\u9304\u5f71\u529f\u80fd-steps0] >>> [DEBUG] ÀË¬dµn¿ýª¬ºA¡]¥Ø¼Ð¦øªA¾¹: LAPTOP-QRJN5735¡^
>>> [OK] ÅçÃÒ¦¨¥\¡G§ä¨ì¹w´Á¤¸¯À desktop_main/server_icon.png
>>> [OK] ¤w¦b¥Dµe­±¡AµL»Ý­«·sµn¿ý¡]¤w³q¹L¥Dµe­±¤¸¯ÀÅçÃÒ¡^
>>> [CASE_1-4] °õ¦æ Case 1-4: ¶}±Ò¿ý¼v¥\¯à¡]Äá¼v¾÷: usb_cam¡^
>>> [CLICK] ¥kÁäÂIÀ»Äá¼v¾÷: usb_cam...
>>> [DEBUG] ­­¨î·j¯Á°Ï°ì¨ì¥ª°¼­±ªO: (0, 0, 576, 1200)
>>> [DEBUG] ¹Á¸Õ OK Script ¹Ï¹³¿ëÃÑ: D:\nxwitness-demo\res\desktop_main\usb_cam_item.png
>>> [DEBUG] OK Script ¿ëÃÑµ²ªG: True, ¤èªk: ok_script
>>> [CLICK_COORD] ¹ê»ÚÂIÀ»®y¼Ð: (97, 236), °Ê§@=¥kÁä
>>> [CLICK_COORD] ¹ê»ÚÂIÀ»®y¼Ð: (97, 236), °Ê§@=¥kÁä
[CLICK_COORD] ¹ê»ÚÂIÀ»®y¼Ð: (97, 236), °Ê§@=¥kÁä
>>> [OK] OK_SCRIPT ¿ëÃÑ¦¨¥\¨ÃÂIÀ»: desktop_main/usb_cam_item.png («H¤ß: 0.99, ¯Ó®É: 263.7ms)
>>> [STAT] [®y¼Ð®w] ¤ñ¨Ò®y¼Ð: x_ratio=0.0505, y_ratio=0.1967 | µøµ¡¤Ø¤o: 1920x1200 | µ´¹ï®y¼Ð: (97, 236)
>>> [OK] ¥kÁäÂIÀ»Äá¼v¾÷¦¨¥\
================================================================================
[CLICK_MENU] ========== click_camera_settings_menu() ¤èªk³Q½Õ¥Î¡I==========
================================================================================
>>> [CLICK] ÂIÀ»¡uÄá¼v¾÷³]©w¡v¿ï³æ¶µ¥Ø...
[CLICK_MENU] ·Ç³ÆÂIÀ»¡uÄá¼v¾÷³]©w¡v¿ï³æ¶µ¥Ø...
[CLICK_MENU] ½Õ¥Î smart_click ÂIÀ»¡uÄá¼v¾÷³]©w¡v¿ï³æ...
>>> [DEBUG] ¹Á¸Õ OK Script ¹Ï¹³¿ëÃÑ: D:\nxwitness-demo\res\desktop_main\camera_settings_menu.png
>>> [DEBUG] OK Script ¿ëÃÑµ²ªG: True, ¤èªk: ok_script
>>> [CLICK_COORD] ¹ê»ÚÂIÀ»®y¼Ð: (211, 565), °Ê§@=³æÀ»
>>> [CLICK_COORD] ¹ê»ÚÂIÀ»®y¼Ð: (211, 565), °Ê§@=³æÀ»
[CLICK_COORD] ¹ê»ÚÂIÀ»®y¼Ð: (211, 565), °Ê§@=³æÀ»
>>> [OK] OK_SCRIPT ¿ëÃÑ¦¨¥\¨ÃÂIÀ»: desktop_main/camera_settings_menu.png («H¤ß: 1.00, ¯Ó®É: 320.9ms)
>>> [STAT] [®y¼Ð®w] ¤ñ¨Ò®y¼Ð: x_ratio=0.1099, y_ratio=0.4708 | µøµ¡¤Ø¤o: 1920x1200 | µ´¹ï®y¼Ð: (211, 565)
>>> [OK] µøµ¡¤w¥X²{¨Ã§¹¥þªì©l¤Æ: Äá¼v¾÷³]©w (1219x978)
>>> [OK] Äá¼v¾÷³]©wµøµ¡¤w¶}±Ò
>>> [OK] ÅçÃÒ¦¨¥\¡G§ä¨ì¹w´Áµøµ¡ ['Äá¼v¾÷³]©w', 'Camera Settings']
[ACTION] [STEP 2] ·Ç³Æ¤Á´«¨ì¿ý¼v¤À­¶Ã±...
>>> [DEBUG] ·Ç³Æ¤Á´«¨ì¿ý¼v¤À­¶Ã±...
[ACTION] [STEP 2] ½Õ¥Î camera_page.switch_to_recording_tab()...
================================================================================
[SWITCH_TO_RECORDING_TAB] ========== switch_to_recording_tab() ¤èªk³Q½Õ¥Î¡I==========
================================================================================
>>> [SWITCH_TO_RECORDING_TAB] ¤èªk¶}©l°õ¦æ
>>> [CLICK] ÂIÀ»¡u¿ý¼v¡v¤À­¶Ã±...
>>> [CLICK] ÂIÀ»¡u¿ý»s¡v­¶ÅÒ...
[SWITCH_TAB] ·Ç³Æ¤Á´«¨ì¡u¿ý¼v¡v¤À­¶Ã±...
>>> [DEBUG] §ä¨ìÄá¼v¾÷³]©wµøµ¡: ¼ÐÃD=Äá¼v¾÷³]©w - usb_cam-ACER HD User Facing - Nx Witness Client, ¤Ø¤o=1219x978, ¦ì¸m=(436, 85)
>>> [DEBUG] µøµ¡«H®§: ¼ÐÃD=Äá¼v¾÷³]©w - usb_cam-ACER HD User Facing - Nx Witness Client, ¤Ø¤o=1219x978, ¦ì¸m=(436, 85)
>>> [DEBUG] ¹Ï¤ù¸ê·½ÀË¬d: desktop_settings/recording_tab.png ¦s¦b (§¹¾ã¸ô®|: D:\nxwitness-demo\res\desktop_settings/recording_tab.png)
>>> [DEBUG] ¤À­¶Ã±·j¯Á°Ï°ì¡]±q³»³¡°¾²¾ 30px¡A°ª«× 180px¡^: (436, 115, 1219, 180) (µøµ¡: 1219x978)
>>> [DEBUG] ¹Á¸Õ¦b¤À­¶Ã±°Ï°ì¨Ï¥Î VLM ·j¯Á: '¿ý¼v'
>>> [VLM_SCAN] [SCREENSHOT] VLM ±½´y°Ï°ìºI¹Ï¤w«O¦s: D:\nxwitness-demo\pages\logs\vlm_scan_debug\vlm_scan_recording_tab_20260119_215400_493.png
[VLM_SCAN] [SCREENSHOT] VLM ±½´y°Ï°ìºI¹Ï¤w«O¦s: D:\nxwitness-demo\pages\logs\vlm_scan_debug\vlm_scan_recording_tab_20260119_215400_493.png
[VLM_SCAN] [SCAN_REGION] ±½´y°Ï°ì: (436, 115, 1219, 180)
[VLM_SCAN] [WINDOW] µøµ¡½d³ò: (436, 85, 1219, 978)
>>> [DEBUG] VLM ±Ò¥Îª¬ºA: True
>>> [DEBUG] ªì©l¤Æ VLM: backend=ollama, model=llava
>>> [OK] VLM ¤ÞÀºªì©l¤Æ¦¨¥\ (ollama/llava)
>>> [DEBUG] Ollama ¥i¥Î¡A¤w¦w¸Ë¼Ò«¬: ["model='llava:latest' modified_at=datetime.datetime(2026, 1, 17, 17, 11, 23, 171732, tzinfo=TzInfo(28800)) digest='8dd30f6b0cb19f555f2c7a7ebda861449ea2cc76bf1f44e262931f45fc81d081' size=4733363377 details=ModelDetails(parent_model='', format='gguf', family='llama', families=['llama', 'clip'], parameter_size='7B', quantization_level='Q4_0')"]
>>> [OK] VLM ªì©l¤Æ¦¨¥\: ollama/llava
>>> [DEBUG] ¹Á¸Õ¦b¤À­¶Ã±°Ï°ì¨Ï¥Î VLM ·j¯Á: '¿ý»s'
>>> [VLM_SCAN] [SCREENSHOT] VLM ±½´y°Ï°ìºI¹Ï¤w«O¦s: D:\nxwitness-demo\pages\logs\vlm_scan_debug\vlm_scan_recording_tab_20260119_215405_672.png
[VLM_SCAN] [SCREENSHOT] VLM ±½´y°Ï°ìºI¹Ï¤w«O¦s: D:\nxwitness-demo\pages\logs\vlm_scan_debug\vlm_scan_recording_tab_20260119_215405_672.png
[VLM_SCAN] [SCAN_REGION] ±½´y°Ï°ì: (436, 115, 1219, 180)
[VLM_SCAN] [WINDOW] µøµ¡½d³ò: (436, 85, 1219, 978)
>>> VLM ªð¦^®y¼Ð¶W¥X region ½d³ò: (429088.0, 132.0), region ¤Ø¤o=(1219, 180)
>>> [WARN] VLM ªð¦^ªº®y¼Ð²§±`¥¨¤j¡A©Úµ´: (429524, 247)
>>> [DEBUG] ¹Á¸Õ¦b¤À­¶Ã±°Ï°ì¨Ï¥Î VLM ·j¯Á: 'Recording'
>>> [VLM_SCAN] [SCREENSHOT] VLM ±½´y°Ï°ìºI¹Ï¤w«O¦s: D:\nxwitness-demo\pages\logs\vlm_scan_debug\vlm_scan_recording_tab_20260119_215408_888.png
[VLM_SCAN] [SCREENSHOT] VLM ±½´y°Ï°ìºI¹Ï¤w«O¦s: D:\nxwitness-demo\pages\logs\vlm_scan_debug\vlm_scan_recording_tab_20260119_215408_888.png
[VLM_SCAN] [SCAN_REGION] ±½´y°Ï°ì: (436, 115, 1219, 180)
[VLM_SCAN] [WINDOW] µøµ¡½d³ò: (436, 85, 1219, 978)
>>> VLM ªð¦^®y¼Ð¶W¥X region ½d³ò: (542.0, 309.0), region ¤Ø¤o=(1219, 180)
>>> ÀË´ú¨ì y ®y¼Ð¶W¥X region °ª«×¡A¥i¯à¬O VLM ªð¦^¤F¬Û¹ï©ó¥þ«Ìªº®y¼Ð¡A±N©Úµ´¦¹µ²ªG
>>> [DEBUG] ©Ò¦³¤å¦r¿ëÃÑ¥¢±Ñ¡A¹Á¸Õ¶È¨Ï¥Î¹Ï¤ù¿ëÃÑ...
>>> [DEBUG] ¹Á¸Õ¹Ï¤ù¿ëÃÑ¦ì¸m: x_ratio=0.25, y_ratio=0.1
>>> [DEBUG] ¹Á¸Õ OK Script ¹Ï¹³¿ëÃÑ: D:\nxwitness-demo\res\desktop_settings\recording_tab.png
>>> [DEBUG] OK Script ¿ëÃÑµ²ªG: True, ¤èªk: ok_script
>>> [CLICK_COORD] ¹ê»ÚÂIÀ»®y¼Ð: (539, 145), °Ê§@=³æÀ»
>>> [CLICK_COORD] ¹ê»ÚÂIÀ»®y¼Ð: (539, 145), °Ê§@=³æÀ»
[CLICK_COORD] ¹ê»ÚÂIÀ»®y¼Ð: (539, 145), °Ê§@=³æÀ»
>>> [OK] OK_SCRIPT ¿ëÃÑ¦¨¥\¨ÃÂIÀ»: desktop_settings/recording_tab.png («H¤ß: 1.00, ¯Ó®É: 236.5ms)
>>> [STAT] [®y¼Ð®w] ¤ñ¨Ò®y¼Ð: x_ratio=0.2807, y_ratio=0.1208 | µøµ¡¤Ø¤o: 1920x1200 | µ´¹ï®y¼Ð: (539, 145)
>>> [OK] ¦¨¥\ÂIÀ»¡u¿ý»s¡v­¶ÅÒ¡]¨Ï¥Î¹Ï¤ù¿ëÃÑ, y_ratio=0.1¡^
[SWITCH_TAB] ¤wÂIÀ»¿ý¼v¤À­¶Ã±¡]¹Ï¤ù¿ëÃÑ¡^¡A·Ç³ÆÅçÃÒ...
>>> [VLM_SCAN] [SCREENSHOT] ¹ê»ÚÂIÀ»®y¼ÐºI¹Ï¤w«O¦s: D:\nxwitness-demo\pages\logs\vlm_scan_debug\image_click_after_click_recording_tab_20260119_215411_128.png
[VLM_SCAN] [SCREENSHOT] ¹ê»ÚÂIÀ»®y¼ÐºI¹Ï¤w«O¦s: D:\nxwitness-demo\pages\logs\vlm_scan_debug\image_click_after_click_recording_tab_20260119_215411_128.png
[VLM_SCAN] [CLICK_COORD] ¹ê»ÚÂIÀ»®y¼Ð: (539, 145)
[VERIFY_TAB] ¶}©lÅçÃÒ¬O§_¤w¤Á´«¨ì¿ý¼v¤À­¶Ã±...
>>> [VERIFY_TAB] ÅçÃÒ¬O§_¤w¤Á´«¨ì¿ý¼v¤À­¶Ã±¡]ÀË¬d radio-button¡^...
[VERIFY_TAB] ¹Ï¤ù¤å¥óÀË¬d: radio_n_exists=True, radio_y_exists=True
[VERIFY_TAB] ­pºâ radio ±½´y°Ï°ì: (436, 163, 426, 195)
[VERIFY_TAB] ÀË¬d radio_n.png: D:\nxwitness-demo\res\desktop_settings/radio_n.png
>>> [RADIO_VERIFY] [SCREENSHOT] Radio ±½´y°Ï°ìºI¹Ï¤w«O¦s: D:\nxwitness-demo\pages\logs\radio_verify_debug\verify_radio_n_scan_20260119_215411_701.png
[RADIO_VERIFY] [SCREENSHOT] Radio ±½´y°Ï°ìºI¹Ï¤w«O¦s: D:\nxwitness-demo\pages\logs\radio_verify_debug\verify_radio_n_scan_20260119_215411_701.png
[RADIO_VERIFY] [SCAN_REGION] ±½´y°Ï°ì: (436, 163, 426, 195)
[VERIFY_TAB] §ä¨ì radio_n.png: ¦ì¸m=(540, 209)
>>> [VERIFY_TAB] §ä¨ì radio_n.png: ¦ì¸m=(540, 209)
>>> [RADIO_VERIFY] [SCREENSHOT] Radio §ä¨ì®y¼ÐºI¹Ï¤w«O¦s: D:\nxwitness-demo\pages\logs\radio_verify_debug\verify_radio_n_found_20260119_215411_825.png
[RADIO_VERIFY] [SCREENSHOT] Radio §ä¨ì®y¼ÐºI¹Ï¤w«O¦s: D:\nxwitness-demo\pages\logs\radio_verify_debug\verify_radio_n_found_20260119_215411_825.png
[VERIFY_TAB] ÅçÃÒ¦¨¥\¡G¤w¤Á´«¨ì¿ý¼v¤À­¶Ã±¡]§ä¨ì radio-button¡^
>>> [VERIFY_TAB] ÅçÃÒ¦¨¥\¡G¤w¤Á´«¨ì¿ý¼v¤À­¶Ã±
[ACTION] [STEP 2] switch_to_recording_tab() §¹¦¨
[SWITCH_TAB] ÅçÃÒ¦¨¥\¡G¤w¤Á´«¨ì¿ý¼v¤À­¶Ã±
>>> [DEBUG] ¦¨¥\¤Á´«¨ì¿ý¼v¤À­¶Ã±
[ACTION] [STEP 3] ·Ç³Æ½Õ¥Î camera_page.enable_recording()...
>>> [ACTION] [STEP 3] ·Ç³Æ½Õ¥Î enable_recording()...
[ACTION] [STEP 3] ½Õ¥Î camera_page.enable_recording()...
================================================================================
[ENABLE_RECORDING] ========== enable_recording() ¤èªk³Q½Õ¥Î¡I==========
================================================================================
>>> ================================================================================
>>> [ENABLE_RECORDING] ========== ¶}©l¶}±Ò¿ý¼v¥\¯à ==========
>>> ================================================================================
>>> [ENABLE_RECORDING] ¶}±Ò¡u¿ý»s¡v¶}Ãö...
================================================================================
[ENABLE_RECORDING] ========== ¶}©l¶}±Ò¿ý¼v¥\¯à ==========
================================================================================
>>> [ENABLE_RECORDING] [STEP 1] ========== ¨BÆJ 1: ÀË¬d¨Ã³]¸m¥ª¤W¨¤ radio-button ¬° 'Y' ==========
>>> [ENABLE_RECORDING] [STEP 1] ¨BÆJ 1: ÀË¬d¨Ã³]¸m¥ª¤W¨¤ radio-button ¬° 'Y'...
[ENABLE_RECORDING] [STEP 1] ¶}©l°õ¦æ¨BÆJ 1: ÀË¬d¨Ã³]¸m radio-button
[ENABLE_RECORDING] [STEP 1] ½Õ¥Î check_and_set_recording_radio_y()...
>>> ================================================================================
>>> [RADIO] ========== ¶}©lÀË¬d¨Ã³]¸m radio-button ==========
>>> ================================================================================
>>> [RADIO] ÀË¬d¿ý¼v¼ÐÅÒ­¶¥ª¤W¨¤ radio-button ª¬ºA...
>>> [RADIO] [SCREENSHOT] ¶}©lÀË¬d®ÉªººI¹Ï¤w«O¦s: D:\nxwitness-demo\pages\logs\radio_debug\00_start_check_radio_20260119_215411_906.png
[RADIO] [SCREENSHOT] ¶}©lÀË¬d®ÉªººI¹Ï¤w«O¦s: D:\nxwitness-demo\pages\logs\radio_debug\00_start_check_radio_20260119_215411_906.png
[RADIO] [STEP 1-1] ÀË¬d¹Ï¤ù¤å¥ó¬O§_¦s¦b: radio_y_image_exists=True
>>> [RADIO] [STEP 1-1] ÀË¬d¹Ï¤ù¤å¥ó¬O§_¦s¦b: radio_y_image_exists=True, ¸ô®|=D:\nxwitness-demo\res\desktop_settings/radio_y.png
>>> [RADIO] [CHECK] ÀË¬d¬O§_¬° 'Y'¡]¨Ï¥Î¹Ï¤ù¿ëÃÑ¡^: desktop_settings/radio_y.png
[RADIO] [CHECK] ÀË¬d¬O§_¬° 'Y'¡]¨Ï¥Î¹Ï¤ù¿ëÃÑ¡^: desktop_settings/radio_y.png
[RADIO] [CHECK] ¨Ï¥Î pyautogui.locateOnScreen ÀË¬d 'Y' ¹Ï¤ù¡A§¹¾ã¸ô®|=D:\nxwitness-demo\res\desktop_settings/radio_y.png
>>> [RADIO] [CHECK] ÀË¬d 'Y' ¹Ï¤ù²§±`: 
Traceback (most recent call last):
  File "C:\Users\usert\AppData\Roaming\Python\Python314\site-packages\pyautogui\__init__.py", line 172, in wrapper
    return wrappedFunction(*args, **kwargs)
  File "C:\Users\usert\AppData\Roaming\Python\Python314\site-packages\pyautogui\__init__.py", line 210, in locateOnScreen
    return pyscreeze.locateOnScreen(*args, **kwargs)
           ~~~~~~~~~~~~~~~~~~~~~~~~^^^^^^^^^^^^^^^^^
  File "C:\Users\usert\AppData\Roaming\Python\Python314\site-packages\pyscreeze\__init__.py", line 405, in locateOnScreen
    retVal = locate(image, screenshotIm, **kwargs)
  File "C:\Users\usert\AppData\Roaming\Python\Python314\site-packages\pyscreeze\__init__.py", line 383, in locate
    points = tuple(locateAll(needleImage, haystackImage, **kwargs))
  File "C:\Users\usert\AppData\Roaming\Python\Python314\site-packages\pyscreeze\__init__.py", line 257, in _locateAll_opencv
    raise ImageNotFoundException('Could not locate the image (highest confidence = %.3f)' % result.max())
pyscreeze.ImageNotFoundException: Could not locate the image (highest confidence = 0.694)

During handling of the above exception, another exception occurred:

Traceback (most recent call last):
  File "D:\nxwitness-demo\pages\desktop\camera_page.py", line 550, in check_and_set_recording_radio_y
    loc = pyautogui.locateOnScreen(full_path, confidence=0.8)
  File "C:\Users\usert\AppData\Roaming\Python\Python314\site-packages\pyautogui\__init__.py", line 174, in wrapper
    raise ImageNotFoundException  # Raise PyAutoGUI's ImageNotFoundException.
    ^^^^^^^^^^^^^^^^^^^^^^^^^^^^
pyautogui.ImageNotFoundException
[RADIO] [CHECK] ÀË¬d 'Y' ¹Ï¤ù²§±`: 
[RADIO] [STEP 1-2] ÀË¬d¹Ï¤ù¤å¥ó¬O§_¦s¦b: radio_n_image_exists=True
>>> [RADIO] [STEP 1-2] ÀË¬d¹Ï¤ù¤å¥ó¬O§_¦s¦b: radio_n_image_exists=True, ¸ô®|=D:\nxwitness-demo\res\desktop_settings/radio_n.png
>>> [RADIO] [CHECK] ÀË¬d¬O§_¬° 'N'¡]¨Ï¥Î¹Ï¤ù¿ëÃÑ¡^: desktop_settings/radio_n.png
[RADIO] [CHECK] ÀË¬d¬O§_¬° 'N'¡]¨Ï¥Î¹Ï¤ù¿ëÃÑ¡^: desktop_settings/radio_n.png
[RADIO] [CHECK] ¨Ï¥Î pyautogui.locateOnScreen ÀË¬d 'N' ¹Ï¤ù¡A§¹¾ã¸ô®|=D:\nxwitness-demo\res\desktop_settings/radio_n.png
>>> [RADIO] [OK] §ä¨ì 'N' ¹Ï¤ù¿ëÃÑ: ¦ì¸m=(540, 209), °Ï°ì=Box(left=np.int64(461), top=np.int64(187), width=159, height=45)
[RADIO] §ä¨ì 'N' ¹Ï¤ù¿ëÃÑ: ¦ì¸m=(540, 209)
>>> [RADIO] §ä¨ì 'N' ¹Ï¤ù¿ëÃÑ: ¦ì¸m=(540, 209)
>>> [DEBUG_SCREENSHOT] Radio ºI¹Ï¤w«O¦s: D:\nxwitness-demo\pages\logs\radio_debug\02_found_radio_n_20260119_215412_162.png (¦ì¸m: 540, 209)
>>> [RADIO] [OK] ·í«e radio-button ¬O 'N'¡A»Ý­nÂIÀ»§ï¬° 'Y'
[RADIO] ·í«e radio-button ¬O 'N'¡A·Ç³ÆÂIÀ»§ï¬° 'Y'
>>> [RADIO] ·Ç³ÆÂIÀ» 'N' ¦ì¸m¡]ÂIÀ»«á·|¤Á´«¬° 'Y'¡^: x_ratio=0.1, y_ratio=0.15
[RADIO] ½Õ¥Î smart_click_priority_image ¨Ï¥Î radio_n.png ©w¦ì: x_ratio=0.1, y_ratio=0.15
>>> [DEBUG] ¹Á¸Õ OK Script ¹Ï¹³¿ëÃÑ: D:\nxwitness-demo\res\desktop_settings\radio_n.png
>>> [DEBUG] OK Script ¿ëÃÑµ²ªG: True, ¤èªk: ok_script
>>> [DEBUG] OK Script ¿ëÃÑ¦¨¥\¡A¶}©lÅçÃÒ®y¼Ð...
>>> [DEBUG] ®y¼ÐÅçÃÒ³q¹L: (541, 209)¡A°õ¦æÂIÀ»...
>>> [CLICK_COORD] ¹ê»ÚÂIÀ»®y¼Ð: (541, 209), °Ê§@=³æÀ»
>>> [CLICK_COORD] ¹ê»ÚÂIÀ»®y¼Ð: (541, 209), °Ê§@=³æÀ»
[CLICK_COORD] ¹ê»ÚÂIÀ»®y¼Ð: (541, 209), °Ê§@=³æÀ»
>>> [DEBUG] ÂIÀ»°õ¦æ§¹¦¨
>>> [OK] OK_SCRIPT ¿ëÃÑ¦¨¥\¨ÃÂIÀ»: radio_n.png («H¤ß: 0.99, ¯Ó®É: 326.4ms)
>>> [STAT] [®y¼Ð®w] ¤ñ¨Ò®y¼Ð: x_ratio=0.2818, y_ratio=0.1742 | µøµ¡¤Ø¤o: 1920x1200 | µ´¹ï®y¼Ð: (541, 209)
[RADIO] smart_click_priority_image ªð¦^: True
>>> [RADIO] [VERIFY] ÂIÀ»«áÅçÃÒ¬O§_¦¨¥\ÅÜ¬° 'Y'...
[RADIO] [VERIFY] ÂIÀ»«áÅçÃÒ¬O§_¦¨¥\ÅÜ¬° 'Y'...
>>> [RADIO] [VERIFY] [OK] ÅçÃÒ¦¨¥\¡G¤w¦¨¥\ÅÜ¬° 'Y'¡A¦ì¸m=(543, 206)
>>> [RADIO] [VERIFY] ÅçÃÒ¹Lµ{¤¤²§±`: 'cp950' codec can't encode character '\u2705' in position 17: illegal multibyte sequence
[RADIO] [VERIFY] ÅçÃÒ¹Lµ{¤¤²§±`: 'cp950' codec can't encode character '\u2705' in position 17: illegal multibyte sequence
>>> [RADIO] [WARN] ÅçÃÒ¥¢±Ñ¦ý°²³]¦¨¥\¡AÄ~Äò°õ¦æ
[ENABLE_RECORDING] [STEP 1] check_and_set_recording_radio_y() ªð¦^: success=True, was_already_y=False
>>> [ENABLE_RECORDING] [STEP 2] ========== ¨BÆJ 2: ¦b¿ý¼v±Æµ{ºô®æ¤W®Ø¿ï¤@­Ó½d³ò ==========
>>> [ENABLE_RECORDING] [STEP 2] ¨BÆJ 2: ¦b¿ý¼v±Æµ{ºô®æ¤W®Ø¿ï¤@­Ó½d³ò...
[ENABLE_RECORDING] [STEP 2] ¶}©l°õ¦æ¨BÆJ 2: ®Ø¿ï¿ý¼v±Æµ{½d³ò
[ENABLE_RECORDING] [STEP 2] ½Õ¥Î select_recording_schedule_range()...
>>> ================================================================================
>>> [DRAG] ========== ¶}©l®Ø¿ï¿ý¼v±Æµ{½d³ò ==========
>>> ================================================================================
>>> [DRAG] ¦b¿ý¼v±Æµ{ºô®æ¤W®Ø¿ï½d³ò...
[DRAG] ========== ¶}©l®Ø¿ï¿ý¼v±Æµ{½d³ò ==========
>>> [DRAG] ­­¨î·j¯Á°Ï°ì: (288, 120, 1344, 660) (µ¡¤f: 1920x1200)
>>> [DRAG] §ä¨ìºô®æ°Ñ¦Ò¹Ï¤ù: D:\nxwitness-demo\res\desktop_settings\schedule_grid_corner.png¡A¨Ï¥Î¹Ï¤ù¿ëÃÑ©w¦ìºô®æ°Ï°ì
--- Logging error ---
Traceback (most recent call last):
  File "C:\Python314\Lib\logging\__init__.py", line 1154, in emit
    stream.write(msg + self.terminator)
    ~~~~~~~~~~~~^^^^^^^^^^^^^^^^^^^^^^^
UnicodeEncodeError: 'cp950' codec can't encode character '\u6807' in position 50: illegal multibyte sequence
Call stack:
  File "<frozen runpy>", line 198, in _run_module_as_main
  File "<frozen runpy>", line 88, in _run_code
  File "C:\Users\usert\AppData\Roaming\Python\Python314\site-packages\pytest\__main__.py", line 9, in <module>
    raise SystemExit(pytest.console_main())
  File "C:\Users\usert\AppData\Roaming\Python\Python314\site-packages\_pytest\config\__init__.py", line 223, in console_main
    code = main()
  File "C:\Users\usert\AppData\Roaming\Python\Python314\site-packages\_pytest\config\__init__.py", line 199, in main
    ret: ExitCode | int = config.hook.pytest_cmdline_main(config=config)
  File "C:\Users\usert\AppData\Roaming\Python\Python314\site-packages\pluggy\_hooks.py", line 512, in __call__
    return self._hookexec(self.name, self._hookimpls.copy(), kwargs, firstresult)
  File "C:\Users\usert\AppData\Roaming\Python\Python314\site-packages\pluggy\_manager.py", line 120, in _hookexec
    return self._inner_hookexec(hook_name, methods, kwargs, firstresult)
  File "C:\Users\usert\AppData\Roaming\Python\Python314\site-packages\pluggy\_callers.py", line 121, in _multicall
    res = hook_impl.function(*args)
  File "C:\Users\usert\AppData\Roaming\Python\Python314\site-packages\_pytest\main.py", line 365, in pytest_cmdline_main
    return wrap_session(config, _main)
  File "C:\Users\usert\AppData\Roaming\Python\Python314\site-packages\_pytest\main.py", line 318, in wrap_session
    session.exitstatus = doit(config, session) or 0
  File "C:\Users\usert\AppData\Roaming\Python\Python314\site-packages\_pytest\main.py", line 372, in _main
    config.hook.pytest_runtestloop(session=session)
  File "C:\Users\usert\AppData\Roaming\Python\Python314\site-packages\pluggy\_hooks.py", line 512, in __call__
    return self._hookexec(self.name, self._hookimpls.copy(), kwargs, firstresult)
  File "C:\Users\usert\AppData\Roaming\Python\Python314\site-packages\pluggy\_manager.py", line 120, in _hookexec
    return self._inner_hookexec(hook_name, methods, kwargs, firstresult)
  File "C:\Users\usert\AppData\Roaming\Python\Python314\site-packages\pluggy\_callers.py", line 121, in _multicall
    res = hook_impl.function(*args)
  File "C:\Users\usert\AppData\Roaming\Python\Python314\site-packages\_pytest\main.py", line 396, in pytest_runtestloop
    item.config.hook.pytest_runtest_protocol(item=item, nextitem=nextitem)
  File "C:\Users\usert\AppData\Roaming\Python\Python314\site-packages\pluggy\_hooks.py", line 512, in __call__
    return self._hookexec(self.name, self._hookimpls.copy(), kwargs, firstresult)
  File "C:\Users\usert\AppData\Roaming\Python\Python314\site-packages\pluggy\_manager.py", line 120, in _hookexec
    return self._inner_hookexec(hook_name, methods, kwargs, firstresult)
  File "C:\Users\usert\AppData\Roaming\Python\Python314\site-packages\pluggy\_callers.py", line 121, in _multicall
    res = hook_impl.function(*args)
  File "C:\Users\usert\AppData\Roaming\Python\Python314\site-packages\_pytest\runner.py", line 118, in pytest_runtest_protocol
    runtestprotocol(item, nextitem=nextitem)
  File "C:\Users\usert\AppData\Roaming\Python\Python314\site-packages\_pytest\runner.py", line 137, in runtestprotocol
    reports.append(call_and_report(item, "call", log))
  File "C:\Users\usert\AppData\Roaming\Python\Python314\site-packages\_pytest\runner.py", line 244, in call_and_report
    call = CallInfo.from_call(
  File "C:\Users\usert\AppData\Roaming\Python\Python314\site-packages\_pytest\runner.py", line 353, in from_call
    result: TResult | None = func()
  File "C:\Users\usert\AppData\Roaming\Python\Python314\site-packages\_pytest\runner.py", line 245, in <lambda>
    lambda: runtest_hook(item=item, **kwds),
  File "C:\Users\usert\AppData\Roaming\Python\Python314\site-packages\pluggy\_hooks.py", line 512, in __call__
    return self._hookexec(self.name, self._hookimpls.copy(), kwargs, firstresult)
  File "C:\Users\usert\AppData\Roaming\Python\Python314\site-packages\pluggy\_manager.py", line 120, in _hookexec
    return self._inner_hookexec(hook_name, methods, kwargs, firstresult)
  File "C:\Users\usert\AppData\Roaming\Python\Python314\site-packages\pluggy\_callers.py", line 121, in _multicall
    res = hook_impl.function(*args)
  File "C:\Users\usert\AppData\Roaming\Python\Python314\site-packages\_pytest\runner.py", line 179, in pytest_runtest_call
    item.runtest()
  File "C:\Users\usert\AppData\Roaming\Python\Python314\site-packages\_pytest\python.py", line 1720, in runtest
    self.ihook.pytest_pyfunc_call(pyfuncitem=self)
  File "C:\Users\usert\AppData\Roaming\Python\Python314\site-packages\pluggy\_hooks.py", line 512, in __call__
    return self._hookexec(self.name, self._hookimpls.copy(), kwargs, firstresult)
  File "C:\Users\usert\AppData\Roaming\Python\Python314\site-packages\pluggy\_manager.py", line 120, in _hookexec
    return self._inner_hookexec(hook_name, methods, kwargs, firstresult)
  File "C:\Users\usert\AppData\Roaming\Python\Python314\site-packages\pluggy\_callers.py", line 121, in _multicall
    res = hook_impl.function(*args)
  File "C:\Users\usert\AppData\Roaming\Python\Python314\site-packages\_pytest\python.py", line 166, in pytest_pyfunc_call
    result = testfunction(**testargs)
  File "D:\nxwitness-demo\tests\test_runner.py", line 103, in test_main_flow
    translator.execute(flow_name, injected_params=step['params'])
  File "D:\nxwitness-demo\engine\step_translator.py", line 61, in execute
    return method(**(injected_params or {}))
  File "D:\nxwitness-demo\actions\nx_poc_actions.py", line 661, in run_enable_recording_step
    self.camera_page.enable_recording()
  File "D:\nxwitness-demo\pages\desktop\camera_page.py", line 1133, in enable_recording
    range_success = self.select_recording_schedule_range()
  File "D:\nxwitness-demo\pages\desktop\camera_page.py", line 852, in select_recording_schedule_range
    self.logger.info(f"[DRAG] ¹Ï¤ùÃÑ§O¦¨¥\: ¦ì¸m=({image_x}, {image_y}), ¤Ø¤o={image_width}x{image_height} («Ì¹õ§¤\u6807)")
Message: '[DRAG] ¹Ï¤ùÃÑ§O¦¨¥\: ¦ì¸m=(975, 443), ¤Ø¤o=1018x321 («Ì¹õ§¤\u6807)'
Arguments: ()
>>> [DRAG] ¹Ï¤ù¿ëÃÑ²§±`: 'cp950' codec can't encode character '\u6807' in position 46: illegal multibyte sequence¡A±N¹Á¸Õ¨ä¥L¤èªk
>>> [DRAG] [OK] ³q¹L VLM §ä¨ì¡u¥þ³¡¡v: (659, 423)¡Aºô®æ°_©l¦ôºâ: (719, 458)
>>> [DRAG] ¨Ï¥Î¹Ï¤ù½d³ò­­¨î®Ø¿ï: °_©l=(975, 458), µ²§ô=(1487, 764)
[DRAG] ¨Ï¥Î¹Ï¤ù½d³ò­­¨î®Ø¿ï: °_©l=(975, 458), µ²§ô=(1487, 764)
>>> [DRAG] ®Ø¿ï°_ÂI¦b¹Ï¤ù½d³ò¤º: True, ®Ø¿ï²×ÂI¦b¹Ï¤ù½d³ò¤º: True
[DRAG] ®Ø¿ï°_ÂI¦b¹Ï¤ù½d³ò¤º: True, ®Ø¿ï²×ÂI¦b¹Ï¤ù½d³ò¤º: True
>>> [DRAG] °ò©ó¡u¥þ³¡¡v¦ì¸m­pºâºô®æ½d³ò: °_©l=(975, 458), ¦ôºâ¤Ø¤o=768x336, µ²§ô=(1487, 764)
>>> [DRAG] ®Ø¿ï°_ÂI¦³®Ä©Ê: True, ®Ø¿ï²×ÂI¦³®Ä©Ê: True
[DRAG] °ò©ó¡u¥þ³¡¡v¦ì¸m­pºâºô®æ½d³ò: °_©l=(975, 458), ¦ôºâ¤Ø¤o=768x336, µ²§ô=(1487, 764)
[DRAG] ®Ø¿ï°_ÂI¦³®Ä©Ê: True, ®Ø¿ï²×ÂI¦³®Ä©Ê: True
>>> [DRAG] ®Ø¿ï½d³ò¡]¤wÅçÃÒ¡^: °_©l=(975, 458), µ²§ô=(1487, 764)
>>> [DRAG] µøµ¡«H®§: ¼ÐÃD=Nx Witness Client, ¦ì¸m=(0, 0), ¤Ø¤o=1920x1200
>>> [DRAG] µøµ¡Ãä¬É: ¥ª=0, ¥k=1920, ¤W=0, ¤U=1200
>>> [DRAG] ®Ø¿ï½d³ò: °_©l=(975, 458), µ²§ô=(1487, 764)
>>> [DRAG] [SCREENSHOT] ©ì«ûºI¹Ï¤w«O¦s: D:\nxwitness-demo\pages\logs\drag_debug\01_before_drag_20260119_215416_648.png
[DRAG] [SCREENSHOT] ©ì«ûºI¹Ï¤w«O¦s: D:\nxwitness-demo\pages\logs\drag_debug\01_before_drag_20260119_215416_648.png
[DRAG] ®Ø¿ï½d³ò: °_©l=(975, 458), µ²§ô=(1487, 764), ¤Ø¤o=512x306
>>> [DRAG] ·Ç³Æ°õ¦æ©ì«û®Ø¿ï...
[DRAG] °õ¦æ©ì«û: (975, 458) -> (1487, 764)
>>> [DRAG] ©ì«û®y¼Ð¡]¤wÅçÃÒ¡^: °_©l=(975, 458), µ²§ô=(1487, 764)
>>> [DRAG] «Ì¹õ¤Ø¤o: 1920x1200
>>> [DRAG] ¦b°_©l¦ì¸m«ö¤U¹«¼Ð«ö¶s (left): (975, 458)
>>> [DRAG] ©ì«û¨ìµ²§ô¦ì¸m: (1487, 764)
>>> [DRAG] [OK] ¦¨¥\©ì«û®Ø¿ï½d³ò: (975, 458) -> (1487, 764)
>>> [DRAG] [SCREENSHOT] ©ì«ûºI¹Ï¤w«O¦s: D:\nxwitness-demo\pages\logs\drag_debug\02_after_drag_20260119_215419_453.png
[DRAG] [SCREENSHOT] ©ì«ûºI¹Ï¤w«O¦s: D:\nxwitness-demo\pages\logs\drag_debug\02_after_drag_20260119_215419_453.png
[DRAG] ®Ø¿ï½d³ò: °_©l=(975, 458), µ²§ô=(1487, 764), ¤Ø¤o=512x306
>>> [DRAG] [OK] ¦¨¥\®Ø¿ï¿ý¼v±Æµ{½d³ò
>>> [DRAG] [OK] ¦¨¥\®Ø¿ï¿ý¼v±Æµ{½d³ò
>>> [DRAG] ========== ®Ø¿ï¿ý¼v±Æµ{½d³ò§¹¦¨ ==========
[ENABLE_RECORDING] [STEP 2] select_recording_schedule_range() ªð¦^: True
>>> [OK] [STEP 2] ¦¨¥\¡G¤w®Ø¿ï¿ý¼v±Æµ{½d³ò
>>> [ENABLE_RECORDING] [STEP 3] ®Ø¿ï¦¨¥\¡A·Ç³ÆÂIÀ»½T»{«ö¶s
[ACTION] [STEP 3] enable_recording() §¹¦¨
================================================================================
[APPLY_CAMERA_SETTINGS] ========== apply_camera_settings() ¤èªk³Q½Õ¥Î¡I==========
================================================================================
[ENABLE_RECORDING] [STEP 3] ®Ø¿ï¦¨¥\¡A¤£»Ý­nÃB¥~ÀË¬d
>>> [APPLY_CAMERA_SETTINGS] ¤èªk¶}©l°õ¦æ
>>> [CLICK] ¶}©lÀ³¥ÎÄá¼v¾÷³]©w¡]®M¥Î ¡÷ ½T»{¡^...
>>> [CLICK] ¨BÆJ 1: ÂIÀ»¡u®M¥Î¡v«ö¶s...
>>> [APPLY] VLM §ä¨ì¡u®M¥Î¡v: ®y¼Ð=(919, 1024)
[APPLY] VLM §ä¨ì¡u®M¥Î¡v: ®y¼Ð=(919, 1024)
>>> [CLICK_COORD] ¹ê»ÚÂIÀ»®y¼Ð: (919, 1024), °Ê§@=³æÀ»
>>> [CLICK_COORD] ¹ê»ÚÂIÀ»®y¼Ð: (919, 1024), °Ê§@=³æÀ»
[CLICK_COORD] ¹ê»ÚÂIÀ»®y¼Ð: (919, 1024), °Ê§@=³æÀ»
>>> [OK] ¦¨¥\ÂIÀ»¡u®M¥Î¡v«ö¶s
>>> [CLICK] ¨BÆJ 2: ÂIÀ»¡u½T»{¡v«ö¶s...
>>> [CONFIRM] ­­¨î·j¯Á°Ï°ì¨ì©³³¡: (436, 917, 1219, 146) (µøµ¡: 1219x978)
[CONFIRM] ©³³¡·j¯Á°Ï°ì: (436, 917, 1219, 146)
>>> [VLM_SCAN] [SCREENSHOT] VLM ±½´y°Ï°ìºI¹Ï¤w«O¦s: D:\nxwitness-demo\pages\logs\vlm_scan_debug\vlm_scan_confirm_20260119_215423_960.png
[VLM_SCAN] [SCREENSHOT] VLM ±½´y°Ï°ìºI¹Ï¤w«O¦s: D:\nxwitness-demo\pages\logs\vlm_scan_debug\vlm_scan_confirm_20260119_215423_960.png
[VLM_SCAN] [SCAN_REGION] ±½´y°Ï°ì: (436, 917, 1219, 146)
[VLM_SCAN] [WINDOW] µøµ¡½d³ò: (436, 85, 1219, 978)
>>> VLM ªð¦^®y¼Ð¶W¥X region ½d³ò: (358.0, 327.0), region ¤Ø¤o=(1219, 146)
>>> ÀË´ú¨ì y ®y¼Ð¶W¥X region °ª«×¡A¥i¯à¬O VLM ªð¦^¤F¬Û¹ï©ó¥þ«Ìªº®y¼Ð¡A±N©Úµ´¦¹µ²ªG
>>> [CONFIRM] VLM ¥¢±Ñ¡A¨Ï¥Î®y¼Ð«O©³ÂIÀ»½T»{«ö¶s
[CONFIRM] ¨Ï¥Î®y¼Ð«O©³ÂIÀ»½T»{«ö¶s
>>> [CONFIRM] «O©³®y¼Ð: (1472, 1005) (°ò©ó x_ratio=0.85, y_ratio=0.06 from_bottom)
[CONFIRM] «O©³®y¼Ð: (1472, 1005)
>>> [VLM_SCAN] [SCREENSHOT] ¹ê»ÚÂIÀ»®y¼ÐºI¹Ï¤w«O¦s: D:\nxwitness-demo\pages\logs\vlm_scan_debug\coordinate_confirm_click_20260119_215426_199.png
[VLM_SCAN] [SCREENSHOT] ¹ê»ÚÂIÀ»®y¼ÐºI¹Ï¤w«O¦s: D:\nxwitness-demo\pages\logs\vlm_scan_debug\coordinate_confirm_click_20260119_215426_199.png
[VLM_SCAN] [CLICK_COORD] ¹ê»ÚÂIÀ»®y¼Ð: (1472, 1005)
>>> [CLICK_COORD] ¹ê»ÚÂIÀ»®y¼Ð: (1472, 1005), °Ê§@=³æÀ»
>>> [CLICK_COORD] ¹ê»ÚÂIÀ»®y¼Ð: (1472, 1005), °Ê§@=³æÀ»
[CLICK_COORD] ¹ê»ÚÂIÀ»®y¼Ð: (1472, 1005), °Ê§@=³æÀ»
>>> [OK] ¦¨¥\ÂIÀ»¡u½T»{¡v«ö¶s¡]¨Ï¥Î®y¼Ð«O©³¡^
>>> [OK] Case 1-4 §¹¦¨¡G¤w¶}±Ò¿ý¼v¥\¯à
