================================================================================
æ¸¬è©¦æ¡ˆä¾‹: è‡ªå‹•ç™»å…¥ä¼ºæœå™¨ä¸¦åˆ‡æ›ç¹é«”ä¸­æ–‡
åŸ·è¡Œæ™‚é–“: 2026-01-22 07:55:49
åŸ·è¡Œå‘½ä»¤: C:\Python314\python.exe -m pytest D:\nxwitness-demo\tests\test_runner.py --test_name è‡ªå‹•ç™»å…¥ä¼ºæœå™¨ä¸¦åˆ‡æ›ç¹é«”ä¸­æ–‡ -v -s --tb=short
å·¥ä½œç›®éŒ„: D:\nxwitness-demo
================================================================================

============================= test session starts =============================
platform win32 -- Python 3.14.2, pytest-9.0.2, pluggy-1.6.0 -- C:\Python314\python.exe
cachedir: .pytest_cache
rootdir: D:\nxwitness-demo
plugins: anyio-4.12.1
collecting ... collected 1 item

tests/test_runner.py::test_main_flow[\u81ea\u52d5\u767b\u5165\u4f3a\u670d\u5668\u4e26\u5207\u63db\u7e41\u9ad4\u4e2d\u6587-steps0] [UIA] ³s±µ¥¢±Ñ: Process "NxWitness.exe" not found!
>>> [UIA] ³s±µ¥¢±Ñ¡]À³¥Îµ{¦¡¥i¯à©|¥¼±Ò°Ê¡^: Process "NxWitness.exe" not found!
>>> [DEBUG] ÀË¬dµn¿ýª¬ºA¡]¥Ø¼Ð¦øªA¾¹: LAPTOP-QRJN5735¡^
>>> [WAIT] µ¥«Ý³n¥ó±Ò°Ê...
>>> [WARN] ¥¼ÀË´ú¨ì¥Dµe­±©Î³n¥ó©|¥¼§¹¥þ±Ò°Ê¡A°õ¦æµn¿ý...
>>> [CASE_1-1] °õ¦æ Case 1-1 µn¿ý¬yµ{
>>> [DesktopLoginPage] Launching application...
[UIA] ¥¿¦b±Ò°ÊÀ³¥Îµ{¦¡: C:\Program Files\Network Optix\Nx Witness\Client\6.1.0.42176\Nx Witness Chinese Launcher.exe
[UIA] ¦¨¥\±Ò°ÊÀ³¥Îµ{¦¡¨Ã©w¦ì¥Dµøµ¡
>>> [LOGIN] Àu¥ý¹Á¸ÕÂIÀ»¦øªA¾¹¥d¤ù: LAPTOP-QRJN5735
>>> [DEBUG] ¨Ï¥Î¹Ï¤ùÀu¥ýµ¦²¤¡GOK Script > PyAutoGUI > VLM > OCR
>>> [DEBUG] ¹Á¸Õ OK Script ¹Ï¹³¿ëÃÑ: D:\nxwitness-demo\res\desktop_login\server_tile.png
>>> [DEBUG] OK Script ¿ëÃÑµ²ªG: True, ¤èªk: ok_script
>>> [DEBUG] OK Script ¿ëÃÑ¦¨¥\¡A¶}©lÅçÃÒ®y¼Ð...
>>> [DEBUG] ®y¼ÐÅçÃÒ³q¹L: ¥ª¤W¨¤=(274, 713), ¤¤¤ßÂI=(490, 766)¡A°õ¦æÂIÀ»...
>>> [CLICK_COORD] ¹ê»ÚÂIÀ»®y¼Ð: (490, 766), °Ê§@=³æÀ»
>>> [CLICK_COORD] ¹ê»ÚÂIÀ»®y¼Ð: (490, 766), °Ê§@=³æÀ»
[CLICK_COORD] ¹ê»ÚÂIÀ»®y¼Ð: (490, 766), °Ê§@=³æÀ»
>>> [DEBUG] ÂIÀ»°õ¦æ§¹¦¨
>>> [OK] OK_SCRIPT ¿ëÃÑ¦¨¥\¨ÃÂIÀ»: server_tile.png («H¤ß: 0.96, ¯Ó®É: 258.9ms)
>>> [STAT] [®y¼Ð®w] ¤ñ¨Ò®y¼Ð: x_ratio=0.2552, y_ratio=0.6383 | µøµ¡¤Ø¤o: 1920x1200 | µ´¹ï®y¼Ð: (490, 766)
>>> [DEBUG] smart_click ªð¦^µ²ªG: True
>>> [VERIFY] ÅçÃÒÂIÀ»µ²ªG¡GÀË¬d¬O§_»~ÂIÀ»¤F¡u³s±µªA°È¾¹¡v...
>>> [OK] ¥¼ÀË´ú¨ì³s±µªA°È¾¹¹ï¸Ü®Ø¡A½T»{¦¨¥\ÂIÀ»¤F¡uLAPTOP-QRJN5735¡v
>>> [OK] ¦øªA¾¹ÂIÀ»¦¨¥\¡Aµ¥«Ý¨t²Î¸ü¤J...
>>> [OK] §ä¨ì¥Dµe­±µøµ¡¡AÄ~ÄòÅçÃÒ...
>>> [OK] §ä¨ì¥Ø¼Ðµøµ¡: Nx Witness Client (1920x1200)
>>> [OK] ÅçÃÒ¦¨¥\¡G§ä¨ì¹w´Á¤¸¯À desktop_main/server_icon.png
>>> [OK] µn¿ýÅçÃÒ¦¨¥\¡G§ä¨ì¥Dµe­±¹Ï¥Ü
>>> [OK] µn¿ýÅçÃÒ¦¨¥\¡G¤w¶i¤J¥Dµe­±¡]µøµ¡¼ÐÃDÅçÃÒ³q¹L¡^
--- Logging error ---
Traceback (most recent call last):
  File "C:\Python314\Lib\logging\__init__.py", line 1154, in emit
    stream.write(msg + self.terminator)
    ~~~~~~~~~~~~^^^^^^^^^^^^^^^^^^^^^^^
UnicodeEncodeError: 'cp950' codec can't encode character '\u2699' in position 4: illegal multibyte sequence
Call stack:
  File "<frozen runpy>", line 198, in _run_module_as_main
  File "<frozen runpy>", line 88, in _run_code
  File "C:\Users\usert\AppData\Roaming\Python\Python314\site-packages\pytest\__main__.py", line 9, in <module>
    raise SystemExit(pytest.console_main())
  File "C:\Users\usert\AppData\Roaming\Python\Python314\site-packages\_pytest\config\__init__.py", line 223, in console_main
    code = main()
  File "C:\Users\usert\AppData\Roaming\Python\Python314\site-packages\_pytest\config\__init__.py", line 199, in main
    ret: ExitCode | int = config.hook.pytest_cmdline_main(config=config)
  File "C:\Users\usert\AppData\Roaming\Python\Python314\site-packages\pluggy\_hooks.py", line 512, in __call__
    return self._hookexec(self.name, self._hookimpls.copy(), kwargs, firstresult)
  File "C:\Users\usert\AppData\Roaming\Python\Python314\site-packages\pluggy\_manager.py", line 120, in _hookexec
    return self._inner_hookexec(hook_name, methods, kwargs, firstresult)
  File "C:\Users\usert\AppData\Roaming\Python\Python314\site-packages\pluggy\_callers.py", line 121, in _multicall
    res = hook_impl.function(*args)
  File "C:\Users\usert\AppData\Roaming\Python\Python314\site-packages\_pytest\main.py", line 365, in pytest_cmdline_main
    return wrap_session(config, _main)
  File "C:\Users\usert\AppData\Roaming\Python\Python314\site-packages\_pytest\main.py", line 318, in wrap_session
    session.exitstatus = doit(config, session) or 0
  File "C:\Users\usert\AppData\Roaming\Python\Python314\site-packages\_pytest\main.py", line 372, in _main
    config.hook.pytest_runtestloop(session=session)
  File "C:\Users\usert\AppData\Roaming\Python\Python314\site-packages\pluggy\_hooks.py", line 512, in __call__
    return self._hookexec(self.name, self._hookimpls.copy(), kwargs, firstresult)
  File "C:\Users\usert\AppData\Roaming\Python\Python314\site-packages\pluggy\_manager.py", line 120, in _hookexec
    return self._inner_hookexec(hook_name, methods, kwargs, firstresult)
  File "C:\Users\usert\AppData\Roaming\Python\Python314\site-packages\pluggy\_callers.py", line 121, in _multicall
    res = hook_impl.function(*args)
  File "C:\Users\usert\AppData\Roaming\Python\Python314\site-packages\_pytest\main.py", line 396, in pytest_runtestloop
    item.config.hook.pytest_runtest_protocol(item=item, nextitem=nextitem)
  File "C:\Users\usert\AppData\Roaming\Python\Python314\site-packages\pluggy\_hooks.py", line 512, in __call__
    return self._hookexec(self.name, self._hookimpls.copy(), kwargs, firstresult)
  File "C:\Users\usert\AppData\Roaming\Python\Python314\site-packages\pluggy\_manager.py", line 120, in _hookexec
    return self._inner_hookexec(hook_name, methods, kwargs, firstresult)
  File "C:\Users\usert\AppData\Roaming\Python\Python314\site-packages\pluggy\_callers.py", line 121, in _multicall
    res = hook_impl.function(*args)
  File "C:\Users\usert\AppData\Roaming\Python\Python314\site-packages\_pytest\runner.py", line 118, in pytest_runtest_protocol
    runtestprotocol(item, nextitem=nextitem)
  File "C:\Users\usert\AppData\Roaming\Python\Python314\site-packages\_pytest\runner.py", line 137, in runtestprotocol
    reports.append(call_and_report(item, "call", log))
  File "C:\Users\usert\AppData\Roaming\Python\Python314\site-packages\_pytest\runner.py", line 244, in call_and_report
    call = CallInfo.from_call(
  File "C:\Users\usert\AppData\Roaming\Python\Python314\site-packages\_pytest\runner.py", line 353, in from_call
    result: TResult | None = func()
  File "C:\Users\usert\AppData\Roaming\Python\Python314\site-packages\_pytest\runner.py", line 245, in <lambda>
    lambda: runtest_hook(item=item, **kwds),
  File "C:\Users\usert\AppData\Roaming\Python\Python314\site-packages\pluggy\_hooks.py", line 512, in __call__
    return self._hookexec(self.name, self._hookimpls.copy(), kwargs, firstresult)
  File "C:\Users\usert\AppData\Roaming\Python\Python314\site-packages\pluggy\_manager.py", line 120, in _hookexec
    return self._inner_hookexec(hook_name, methods, kwargs, firstresult)
  File "C:\Users\usert\AppData\Roaming\Python\Python314\site-packages\pluggy\_callers.py", line 121, in _multicall
    res = hook_impl.function(*args)
  File "C:\Users\usert\AppData\Roaming\Python\Python314\site-packages\_pytest\runner.py", line 179, in pytest_runtest_call
    item.runtest()
  File "C:\Users\usert\AppData\Roaming\Python\Python314\site-packages\_pytest\python.py", line 1720, in runtest
    self.ihook.pytest_pyfunc_call(pyfuncitem=self)
  File "C:\Users\usert\AppData\Roaming\Python\Python314\site-packages\pluggy\_hooks.py", line 512, in __call__
    return self._hookexec(self.name, self._hookimpls.copy(), kwargs, firstresult)
  File "C:\Users\usert\AppData\Roaming\Python\Python314\site-packages\pluggy\_manager.py", line 120, in _hookexec
    return self._inner_hookexec(hook_name, methods, kwargs, firstresult)
  File "C:\Users\usert\AppData\Roaming\Python\Python314\site-packages\pluggy\_callers.py", line 121, in _multicall
    res = hook_impl.function(*args)
  File "C:\Users\usert\AppData\Roaming\Python\Python314\site-packages\_pytest\python.py", line 166, in pytest_pyfunc_call
    result = testfunction(**testargs)
  File "D:\nxwitness-demo\tests\test_runner.py", line 137, in test_main_flow
    translator.execute(flow_name, injected_params=step['params'])
  File "D:\nxwitness-demo\engine\step_translator.py", line 61, in execute
    return method(**(injected_params or {}))
  File "D:\nxwitness-demo\actions\nx_poc_actions.py", line 408, in run_change_language_step
    self.logger.info(f"\u2699\ufe0f ­×§ï»y¨t¬°: {lang}")
Message: '\u2699\ufe0f ­×§ï»y¨t¬°: ÁcÅé¤¤¤å'
Arguments: ()
>>> [CLICK] ÂIÀ»¥ª¤W¨¤µæ³æ...
>>> [OK_SCRIPT] ¹Á¸Õ¨Ï¥Î OK Script ¹Ï¤ù¿ëÃÑ: desktop_main/menu_icon.png
>>> [DEBUG] ¹Á¸Õ OK Script ¹Ï¹³¿ëÃÑ: D:\nxwitness-demo\res\desktop_main\menu_icon.png
>>> [DEBUG] OK Script ¿ëÃÑµ²ªG: True, ¤èªk: ok_script
>>> [DEBUG] OK Script ¿ëÃÑ¦¨¥\¡A¶}©lÅçÃÒ®y¼Ð...
>>> [DEBUG] ®y¼ÐÅçÃÒ³q¹L: ¥ª¤W¨¤=(0, 0), ¤¤¤ßÂI=(24, 18)¡A°õ¦æÂIÀ»...
>>> [CLICK_COORD] ¹ê»ÚÂIÀ»®y¼Ð: (24, 18), °Ê§@=³æÀ»
>>> [CLICK_COORD] ¹ê»ÚÂIÀ»®y¼Ð: (24, 18), °Ê§@=³æÀ»
[CLICK_COORD] ¹ê»ÚÂIÀ»®y¼Ð: (24, 18), °Ê§@=³æÀ»
>>> [DEBUG] ÂIÀ»°õ¦æ§¹¦¨
>>> [OK] OK_SCRIPT ¿ëÃÑ¦¨¥\¨ÃÂIÀ»: menu_icon.png («H¤ß: 1.00, ¯Ó®É: 227.6ms)
>>> [STAT] [®y¼Ð®w] ¤ñ¨Ò®y¼Ð: x_ratio=0.0125, y_ratio=0.0150 | µøµ¡¤Ø¤o: 1920x1200 | µ´¹ï®y¼Ð: (24, 18)
>>> [OK_SCRIPT] ¹Ï¤ù¿ëÃÑ¦¨¥\
>>> [OK] ¦¨¥\¶}±Ò¥D¿ï³æ
>>> [DEBUG] ·Ç³ÆÂIÀ»¥»¦a³]¸m...
[NX_POC_ACTIONS] ·Ç³ÆÂIÀ»¥»¦a³]¸m...
>>> [CLICK] ÂIÀ»¡u¥»¦a³]¸m¡v...
[MAIN_PAGE] ¶}©lÂIÀ»¥»¦a³]¸m...
>>> [OK_SCRIPT] ¹Á¸Õ¨Ï¥Î OK Script ¹Ï¤ù¿ëÃÑ: desktop_main/local_settings.png
>>> [DEBUG] ¹Á¸Õ OK Script ¹Ï¹³¿ëÃÑ: D:\nxwitness-demo\res\desktop_main\local_settings.png
>>> [DEBUG] OK Script ¿ëÃÑµ²ªG: True, ¤èªk: ok_script
>>> [DEBUG] OK Script ¿ëÃÑ¦¨¥\¡A¶}©lÅçÃÒ®y¼Ð...
>>> [DEBUG] ®y¼ÐÅçÃÒ³q¹L: ¥ª¤W¨¤=(25, 339), ¤¤¤ßÂI=(74, 355)¡A°õ¦æÂIÀ»...
>>> [CLICK_COORD] ¹ê»ÚÂIÀ»®y¼Ð: (74, 355), °Ê§@=³æÀ»
>>> [CLICK_COORD] ¹ê»ÚÂIÀ»®y¼Ð: (74, 355), °Ê§@=³æÀ»
[CLICK_COORD] ¹ê»ÚÂIÀ»®y¼Ð: (74, 355), °Ê§@=³æÀ»
>>> [DEBUG] ÂIÀ»°õ¦æ§¹¦¨
>>> [OK] OK_SCRIPT ¿ëÃÑ¦¨¥\¨ÃÂIÀ»: local_settings.png («H¤ß: 1.00, ¯Ó®É: 293.4ms)
>>> [STAT] [®y¼Ð®w] ¤ñ¨Ò®y¼Ð: x_ratio=0.0385, y_ratio=0.2958 | µøµ¡¤Ø¤o: 1920x1200 | µ´¹ï®y¼Ð: (74, 355)
>>> [OK_SCRIPT] ¹Ï¤ù¿ëÃÑ¦¨¥\
[MAIN_PAGE] smart_click µ²ªG: True
>>> [MAIN_PAGE] smart_click ªð¦^: True
>>> [OK] ¦¨¥\ÂIÀ»¥»¦a³]¸m
[MAIN_PAGE] smart_click ¦¨¥\¡Aµ¥«Ý³]¸mµøµ¡¶}±Ò...
>>> [OK] µøµ¡¤w¥X²{¨Ã§¹¥þªì©l¤Æ: Nx Witness Client (706x847)
--- Logging error ---
Traceback (most recent call last):
  File "C:\Python314\Lib\logging\__init__.py", line 1154, in emit
    stream.write(msg + self.terminator)
    ~~~~~~~~~~~~^^^^^^^^^^^^^^^^^^^^^^^
UnicodeEncodeError: 'cp950' codec can't encode character '\u8bbe' in position 20: illegal multibyte sequence
Call stack:
  File "<frozen runpy>", line 198, in _run_module_as_main
  File "<frozen runpy>", line 88, in _run_code
  File "C:\Users\usert\AppData\Roaming\Python\Python314\site-packages\pytest\__main__.py", line 9, in <module>
    raise SystemExit(pytest.console_main())
  File "C:\Users\usert\AppData\Roaming\Python\Python314\site-packages\_pytest\config\__init__.py", line 223, in console_main
    code = main()
  File "C:\Users\usert\AppData\Roaming\Python\Python314\site-packages\_pytest\config\__init__.py", line 199, in main
    ret: ExitCode | int = config.hook.pytest_cmdline_main(config=config)
  File "C:\Users\usert\AppData\Roaming\Python\Python314\site-packages\pluggy\_hooks.py", line 512, in __call__
    return self._hookexec(self.name, self._hookimpls.copy(), kwargs, firstresult)
  File "C:\Users\usert\AppData\Roaming\Python\Python314\site-packages\pluggy\_manager.py", line 120, in _hookexec
    return self._inner_hookexec(hook_name, methods, kwargs, firstresult)
  File "C:\Users\usert\AppData\Roaming\Python\Python314\site-packages\pluggy\_callers.py", line 121, in _multicall
    res = hook_impl.function(*args)
  File "C:\Users\usert\AppData\Roaming\Python\Python314\site-packages\_pytest\main.py", line 365, in pytest_cmdline_main
    return wrap_session(config, _main)
  File "C:\Users\usert\AppData\Roaming\Python\Python314\site-packages\_pytest\main.py", line 318, in wrap_session
    session.exitstatus = doit(config, session) or 0
  File "C:\Users\usert\AppData\Roaming\Python\Python314\site-packages\_pytest\main.py", line 372, in _main
    config.hook.pytest_runtestloop(session=session)
  File "C:\Users\usert\AppData\Roaming\Python\Python314\site-packages\pluggy\_hooks.py", line 512, in __call__
    return self._hookexec(self.name, self._hookimpls.copy(), kwargs, firstresult)
  File "C:\Users\usert\AppData\Roaming\Python\Python314\site-packages\pluggy\_manager.py", line 120, in _hookexec
    return self._inner_hookexec(hook_name, methods, kwargs, firstresult)
  File "C:\Users\usert\AppData\Roaming\Python\Python314\site-packages\pluggy\_callers.py", line 121, in _multicall
    res = hook_impl.function(*args)
  File "C:\Users\usert\AppData\Roaming\Python\Python314\site-packages\_pytest\main.py", line 396, in pytest_runtestloop
    item.config.hook.pytest_runtest_protocol(item=item, nextitem=nextitem)
  File "C:\Users\usert\AppData\Roaming\Python\Python314\site-packages\pluggy\_hooks.py", line 512, in __call__
    return self._hookexec(self.name, self._hookimpls.copy(), kwargs, firstresult)
  File "C:\Users\usert\AppData\Roaming\Python\Python314\site-packages\pluggy\_manager.py", line 120, in _hookexec
    return self._inner_hookexec(hook_name, methods, kwargs, firstresult)
  File "C:\Users\usert\AppData\Roaming\Python\Python314\site-packages\pluggy\_callers.py", line 121, in _multicall
    res = hook_impl.function(*args)
  File "C:\Users\usert\AppData\Roaming\Python\Python314\site-packages\_pytest\runner.py", line 118, in pytest_runtest_protocol
    runtestprotocol(item, nextitem=nextitem)
  File "C:\Users\usert\AppData\Roaming\Python\Python314\site-packages\_pytest\runner.py", line 137, in runtestprotocol
    reports.append(call_and_report(item, "call", log))
  File "C:\Users\usert\AppData\Roaming\Python\Python314\site-packages\_pytest\runner.py", line 244, in call_and_report
    call = CallInfo.from_call(
  File "C:\Users\usert\AppData\Roaming\Python\Python314\site-packages\_pytest\runner.py", line 353, in from_call
    result: TResult | None = func()
  File "C:\Users\usert\AppData\Roaming\Python\Python314\site-packages\_pytest\runner.py", line 245, in <lambda>
    lambda: runtest_hook(item=item, **kwds),
  File "C:\Users\usert\AppData\Roaming\Python\Python314\site-packages\pluggy\_hooks.py", line 512, in __call__
    return self._hookexec(self.name, self._hookimpls.copy(), kwargs, firstresult)
  File "C:\Users\usert\AppData\Roaming\Python\Python314\site-packages\pluggy\_manager.py", line 120, in _hookexec
    return self._inner_hookexec(hook_name, methods, kwargs, firstresult)
  File "C:\Users\usert\AppData\Roaming\Python\Python314\site-packages\pluggy\_callers.py", line 121, in _multicall
    res = hook_impl.function(*args)
  File "C:\Users\usert\AppData\Roaming\Python\Python314\site-packages\_pytest\runner.py", line 179, in pytest_runtest_call
    item.runtest()
  File "C:\Users\usert\AppData\Roaming\Python\Python314\site-packages\_pytest\python.py", line 1720, in runtest
    self.ihook.pytest_pyfunc_call(pyfuncitem=self)
  File "C:\Users\usert\AppData\Roaming\Python\Python314\site-packages\pluggy\_hooks.py", line 512, in __call__
    return self._hookexec(self.name, self._hookimpls.copy(), kwargs, firstresult)
  File "C:\Users\usert\AppData\Roaming\Python\Python314\site-packages\pluggy\_manager.py", line 120, in _hookexec
    return self._inner_hookexec(hook_name, methods, kwargs, firstresult)
  File "C:\Users\usert\AppData\Roaming\Python\Python314\site-packages\pluggy\_callers.py", line 121, in _multicall
    res = hook_impl.function(*args)
  File "C:\Users\usert\AppData\Roaming\Python\Python314\site-packages\_pytest\python.py", line 166, in pytest_pyfunc_call
    result = testfunction(**testargs)
  File "D:\nxwitness-demo\tests\test_runner.py", line 137, in test_main_flow
    translator.execute(flow_name, injected_params=step['params'])
  File "D:\nxwitness-demo\engine\step_translator.py", line 61, in execute
    return method(**(injected_params or {}))
  File "D:\nxwitness-demo\actions\nx_poc_actions.py", line 424, in run_change_language_step
    local_settings_result = self.main_page.select_local_settings()
  File "D:\nxwitness-demo\pages\desktop\main_page.py", line 99, in select_local_settings
    self.logger.info(f"\u2705 ³]¸mµøµ¡¤w¶}±Ò: {found_window.title}")
Message: '[OK] ³]¸mµøµ¡¤w¶}±Ò: ¥»¦a\u8bbe¸m - Nx Witness Client'
Arguments: ()
>>> [DEBUG] select_local_settings ªð¦^: True
[NX_POC_ACTIONS] select_local_settings ªð¦^: True
>>> [DEBUG] ¥»¦a³]¸mÂIÀ»¦¨¥\¡Aµ¥«Ýµøµ¡¸ü¤J...
[NX_POC_ACTIONS] ¥»¦a³]¸mÂIÀ»¦¨¥\¡Aµ¥«Ýµøµ¡¸ü¤J...
>>> [DEBUG] ·Ç³Æ¤Á´«¨ì¥~Æ[¤À­¶...
[NX_POC_ACTIONS] ·Ç³Æ¤Á´«¨ì¥~Æ[¤À­¶...
>>> [Settings] ¤Á´«¨ì Appearance ¤À­¶¡]Visual¡^...
>>> [DEBUG] ÀË¬d VLM ±ø¥ó: vlm_enabled=True, vlm_priority=2, target_text='¬É­±'
[SMART_CLICK] [DEBUG] ÀË¬d VLM ±ø¥ó: vlm_enabled=True, vlm_priority=2, target_text='¬É­±'
>>> [VLM] Àu¥ý¨Ï¥Î LLM ¿ëÃÑ¤å¦r: '¬É­±'
>>> [DEBUG] _try_vlm_recognition ³Q½Õ¥Î: target_text='¬É­±', region=(0, 0, 1920, 1200)
>>> [DEBUG] VLM ±Ò¥Îª¬ºA: True
>>> [DEBUG] ªì©l¤Æ VLM: backend=ollama, model=llava
>>> [OK] VLM ¤ÞÀºªì©l¤Æ¦¨¥\ (ollama/llava)
>>> [DEBUG] Ollama ¥i¥Î¡A¤w¦w¸Ë¼Ò«¬: ["model='llava:latest' modified_at=datetime.datetime(2026, 1, 17, 17, 11, 23, 171732, tzinfo=TzInfo(28800)) digest='8dd30f6b0cb19f555f2c7a7ebda861449ea2cc76bf1f44e262931f45fc81d081' size=4733363377 details=ModelDetails(parent_model='', format='gguf', family='llama', families=['llama', 'clip'], parameter_size='7B', quantization_level='Q4_0')"]
>>> [DEBUG] _get_vlm_engine() ªð¦^: <base.vlm_recognizer.VLMRecognizer object at 0x00000207AF2992B0> (Ãþ«¬: <class 'base.vlm_recognizer.VLMRecognizer'>)
>>> [VLM] ¥¿¦b¨Ï¥Î LLM ·j´M¤¸¯À: '¬É­±'
>>> [OK] VLM ªì©l¤Æ¦¨¥\: ollama/llava
>>> [DEBUG] VLM ¿ëÃÑµ²ªG: success=True, confidence=1.0, x=661, y=880
>>> [VLM] ¿ëÃÑ¦¨¥\: «Ì¹õµ´¹ï®y¼Ð=(661, 880), confidence=1.00
>>> [VLM] region=(0, 0, 1920, 1200)
>>> [VLM] µ¡¤f¦ì¸m: left=0, top=0, width=1920, height=1200
>>> [CLICK_COORD] ¹ê»ÚÂIÀ»®y¼Ð: (661, 880), °Ê§@=³æÀ»
>>> [CLICK_COORD] ¹ê»ÚÂIÀ»®y¼Ð: (661, 880), °Ê§@=³æÀ»
[CLICK_COORD] ¹ê»ÚÂIÀ»®y¼Ð: (661, 880), °Ê§@=³æÀ»
>>> [VLM] VLM ¿ëÃÑ¦¨¥\¨ÃÂIÀ»: ¬É­± («H¤ß: 1.00, ¯Ó®É: 5834ms)
>>> [STAT] [®y¼Ð®w] ¤ñ¨Ò®y¼Ð: x_ratio=0.3443, y_ratio=0.7333 | µ´¹ï®y¼Ð: (661, 880)
>>> [DEBUG] VLM ¿ëÃÑµ²ªG: True
>>> [Settings] ¦¨¥\¤Á´«¨ì Appearance ¤À­¶
>>> [Settings] Changing language to ÁcÅé¤¤¤å...
>>> [Settings] ¤Á´«¨ì Appearance ¤À­¶¡]Visual¡^...
>>> [DEBUG] ÀË¬d VLM ±ø¥ó: vlm_enabled=True, vlm_priority=2, target_text='¬É­±'
[SMART_CLICK] [DEBUG] ÀË¬d VLM ±ø¥ó: vlm_enabled=True, vlm_priority=2, target_text='¬É­±'
>>> [VLM] Àu¥ý¨Ï¥Î LLM ¿ëÃÑ¤å¦r: '¬É­±'
>>> [DEBUG] _try_vlm_recognition ³Q½Õ¥Î: target_text='¬É­±', region=(0, 0, 1920, 1200)
>>> [DEBUG] _get_vlm_engine() ªð¦^: <base.vlm_recognizer.VLMRecognizer object at 0x00000207AF2992B0> (Ãþ«¬: <class 'base.vlm_recognizer.VLMRecognizer'>)
>>> [VLM] ¥¿¦b¨Ï¥Î LLM ·j´M¤¸¯À: '¬É­±'
>>> [DEBUG] VLM ¿ëÃÑµ²ªG: success=True, confidence=0.738, x=1453, y=865
>>> [VLM] ¿ëÃÑ¦¨¥\: «Ì¹õµ´¹ï®y¼Ð=(1453, 865), confidence=0.74
>>> [VLM] region=(0, 0, 1920, 1200)
>>> [VLM] µ¡¤f¦ì¸m: left=0, top=0, width=1920, height=1200
>>> [CLICK_COORD] ¹ê»ÚÂIÀ»®y¼Ð: (1453, 865), °Ê§@=³æÀ»
>>> [CLICK_COORD] ¹ê»ÚÂIÀ»®y¼Ð: (1453, 865), °Ê§@=³æÀ»
[CLICK_COORD] ¹ê»ÚÂIÀ»®y¼Ð: (1453, 865), °Ê§@=³æÀ»
>>> [VLM] VLM ¿ëÃÑ¦¨¥\¨ÃÂIÀ»: ¬É­± («H¤ß: 0.74, ¯Ó®É: 1941ms)
>>> [STAT] [®y¼Ð®w] ¤ñ¨Ò®y¼Ð: x_ratio=0.7568, y_ratio=0.7208 | µ´¹ï®y¼Ð: (1453, 865)
>>> [DEBUG] VLM ¿ëÃÑµ²ªG: True
>>> [Settings] ¦¨¥\¤Á´«¨ì Appearance ¤À­¶
>>> [Settings] ´M§ä»y¨¥¤U©Ô¿ï³æ...
>>> [DEBUG] ÀË¬d VLM ±ø¥ó: vlm_enabled=True, vlm_priority=2, target_text='Language'
[SMART_CLICK] [DEBUG] ÀË¬d VLM ±ø¥ó: vlm_enabled=True, vlm_priority=2, target_text='Language'
>>> [VLM] Àu¥ý¨Ï¥Î LLM ¿ëÃÑ¤å¦r: 'Language'
>>> [DEBUG] _try_vlm_recognition ³Q½Õ¥Î: target_text='Language', region=(0, 0, 1920, 1200)
>>> [DEBUG] _get_vlm_engine() ªð¦^: <base.vlm_recognizer.VLMRecognizer object at 0x00000207AF2992B0> (Ãþ«¬: <class 'base.vlm_recognizer.VLMRecognizer'>)
>>> [VLM] ¥¿¦b¨Ï¥Î LLM ·j´M¤¸¯À: 'Language'
>>> [DEBUG] VLM ¿ëÃÑµ²ªG: success=True, confidence=0.75, x=1373, y=948
>>> [VLM] ¿ëÃÑ¦¨¥\: «Ì¹õµ´¹ï®y¼Ð=(1373, 948), confidence=0.75
>>> [VLM] region=(0, 0, 1920, 1200)
>>> [VLM] µ¡¤f¦ì¸m: left=0, top=0, width=1920, height=1200
>>> [CLICK_COORD] ¹ê»ÚÂIÀ»®y¼Ð: (1373, 948), °Ê§@=³æÀ»
>>> [CLICK_COORD] ¹ê»ÚÂIÀ»®y¼Ð: (1373, 948), °Ê§@=³æÀ»
[CLICK_COORD] ¹ê»ÚÂIÀ»®y¼Ð: (1373, 948), °Ê§@=³æÀ»
>>> [VLM] VLM ¿ëÃÑ¦¨¥\¨ÃÂIÀ»: Language («H¤ß: 0.75, ¯Ó®É: 2684ms)
>>> [STAT] [®y¼Ð®w] ¤ñ¨Ò®y¼Ð: x_ratio=0.7151, y_ratio=0.7900 | µ´¹ï®y¼Ð: (1373, 948)
>>> [DEBUG] VLM ¿ëÃÑµ²ªG: True
>>> [Settings] ¤w®i¶}»y¨¥¤U©Ô¿ï³æ
>>> [DEBUG] ÀË¬d VLM ±ø¥ó: vlm_enabled=True, vlm_priority=2, target_text='ÁcÅé¤¤¤å'
[SMART_CLICK] [DEBUG] ÀË¬d VLM ±ø¥ó: vlm_enabled=True, vlm_priority=2, target_text='ÁcÅé¤¤¤å'
>>> [VLM] Àu¥ý¨Ï¥Î LLM ¿ëÃÑ¤å¦r: 'ÁcÅé¤¤¤å'
>>> [DEBUG] _try_vlm_recognition ³Q½Õ¥Î: target_text='ÁcÅé¤¤¤å', region=(0, 0, 1920, 1200)
>>> [DEBUG] _get_vlm_engine() ªð¦^: <base.vlm_recognizer.VLMRecognizer object at 0x00000207AF2992B0> (Ãþ«¬: <class 'base.vlm_recognizer.VLMRecognizer'>)
>>> [VLM] ¥¿¦b¨Ï¥Î LLM ·j´M¤¸¯À: 'ÁcÅé¤¤¤å'
>>> [DEBUG] VLM ¿ëÃÑµ²ªG: success=True, confidence=0.8, x=1223, y=996
>>> [VLM] ¿ëÃÑ¦¨¥\: «Ì¹õµ´¹ï®y¼Ð=(1223, 996), confidence=0.80
>>> [VLM] region=(0, 0, 1920, 1200)
>>> [VLM] µ¡¤f¦ì¸m: left=0, top=0, width=1920, height=1200
>>> [CLICK_COORD] ¹ê»ÚÂIÀ»®y¼Ð: (1223, 996), °Ê§@=³æÀ»
>>> [CLICK_COORD] ¹ê»ÚÂIÀ»®y¼Ð: (1223, 996), °Ê§@=³æÀ»
[CLICK_COORD] ¹ê»ÚÂIÀ»®y¼Ð: (1223, 996), °Ê§@=³æÀ»
>>> [VLM] VLM ¿ëÃÑ¦¨¥\¨ÃÂIÀ»: ÁcÅé¤¤¤å («H¤ß: 0.80, ¯Ó®É: 1825ms)
>>> [STAT] [®y¼Ð®w] ¤ñ¨Ò®y¼Ð: x_ratio=0.6370, y_ratio=0.8300 | µ´¹ï®y¼Ð: (1223, 996)
>>> [DEBUG] VLM ¿ëÃÑµ²ªG: True
>>> [Settings] ¤w¿ï¾Ü»y¨¥: ÁcÅé¤¤¤å (¨Ï¥Î¤å¦r: ÁcÅé¤¤¤å)
>>> [OK] »y¨t¤Á´«¬yµ{§¹¦¨
